[INFO] Scanning for projects...
[INFO]                                                                         
[INFO] ------------------------------------------------------------------------
[INFO] Building harvestedSNSAngelGuard 1.0
[INFO] ------------------------------------------------------------------------
[INFO] 
[INFO] --- maven-clean-plugin:2.4.1:clean (default-clean) @ harvestedSNSAngelGuard ---
[INFO] Deleting /Users/josejavierblecuadepedro/Documents/WS_SNSANGELGUARDFB/harvestedSNSAngelGuard/target
[INFO] 
[INFO] --- maven-dependency-plugin:2.1:copy-dependencies (default-cli) @ harvestedSNSAngelGuard ---
[INFO] Copying junit-3.8.1.jar to /Users/josejavierblecuadepedro/Documents/WS_SNSANGELGUARDFB/harvestedSNSAngelGuard/target/dependency/junit-3.8.1.jar
[INFO] 
[INFO] --- maven-resources-plugin:2.5:resources (default-resources) @ harvestedSNSAngelGuard ---
[debug] execute contextualize
[WARNING] Using platform encoding (UTF-8 actually) to copy filtered resources, i.e. build is platform dependent!
[INFO] Copying 0 resource
[INFO] 
[INFO] --- maven-compiler-plugin:2.3.2:compile (default-compile) @ harvestedSNSAngelGuard ---
[WARNING] File encoding has not been set, using platform encoding UTF-8, i.e. build is platform dependent!
[INFO] Compiling 1 source file to /Users/josejavierblecuadepedro/Documents/WS_SNSANGELGUARDFB/harvestedSNSAngelGuard/target/classes
[INFO] 
[INFO] --- maven-resources-plugin:2.5:testResources (default-testResources) @ harvestedSNSAngelGuard ---
[debug] execute contextualize
[WARNING] Using platform encoding (UTF-8 actually) to copy filtered resources, i.e. build is platform dependent!
[INFO] skip non existing resourceDirectory /Users/josejavierblecuadepedro/Documents/WS_SNSANGELGUARDFB/harvestedSNSAngelGuard/src/test/resources
[INFO] 
[INFO] --- maven-compiler-plugin:2.3.2:testCompile (default-testCompile) @ harvestedSNSAngelGuard ---
[WARNING] File encoding has not been set, using platform encoding UTF-8, i.e. build is platform dependent!
[INFO] Compiling 1 source file to /Users/josejavierblecuadepedro/Documents/WS_SNSANGELGUARDFB/harvestedSNSAngelGuard/target/test-classes
[INFO] 
[INFO] --- maven-surefire-plugin:2.10:test (default-test) @ harvestedSNSAngelGuard ---
[INFO] Surefire report directory: /Users/josejavierblecuadepedro/Documents/WS_SNSANGELGUARDFB/harvestedSNSAngelGuard/target/surefire-reports

-------------------------------------------------------
 T E S T S
-------------------------------------------------------
Running com.mycompany.harvestedsnsangelguard.AppTest
Tests run: 1, Failures: 0, Errors: 0, Skipped: 0, Time elapsed: 0.01 sec

Results :

Tests run: 1, Failures: 0, Errors: 0, Skipped: 0

[INFO] 
[INFO] --- maven-jar-plugin:2.3.2:jar (default-jar) @ harvestedSNSAngelGuard ---
[INFO] Building jar: /Users/josejavierblecuadepedro/Documents/WS_SNSANGELGUARDFB/harvestedSNSAngelGuard/target/harvestedSNSAngelGuard.jar
[INFO] ------------------------------------------------------------------------
[INFO] BUILD SUCCESS
[INFO] ------------------------------------------------------------------------
[INFO] Total time: 2.383s
[INFO] Finished at: Wed May 01 11:48:33 CEST 2013
[INFO] Final Memory: 18M/197M
[INFO] ------------------------------------------------------------------------
[INFO] Scanning for projects...
[INFO]                                                                         
[INFO] ------------------------------------------------------------------------
[INFO] Building harvestedSNSAngelGuard 1.0
[INFO] ------------------------------------------------------------------------
[INFO] 
[INFO] >>> exec-maven-plugin:1.2.1:java (default-cli) @ harvestedSNSAngelGuard >>>
[INFO] 
[INFO] <<< exec-maven-plugin:1.2.1:java (default-cli) @ harvestedSNSAngelGuard <<<
[INFO] 
[INFO] --- exec-maven-plugin:1.2.1:java (default-cli) @ harvestedSNSAngelGuard ---
DENTRO HARV
FUERA HARV
[INFO] ------------------------------------------------------------------------
[INFO] BUILD SUCCESS
[INFO] ------------------------------------------------------------------------
[INFO] Total time: 1.414s
[INFO] Finished at: Wed May 01 11:48:36 CEST 2013
[INFO] Final Memory: 7M/119M
[INFO] ------------------------------------------------------------------------
[INFO] Scanning for projects...
[INFO]                                                                         
[INFO] ------------------------------------------------------------------------
[INFO] Building harvestedSNSAngelGuard 1.0
[INFO] ------------------------------------------------------------------------
[INFO] 
[INFO] --- maven-clean-plugin:2.4.1:clean (default-clean) @ harvestedSNSAngelGuard ---
[INFO] Deleting /Users/josejavierblecuadepedro/Documents/WS_SNSANGELGUARDFB/harvestedSNSAngelGuard/target
[INFO] 
[INFO] --- maven-dependency-plugin:2.1:copy-dependencies (default-cli) @ harvestedSNSAngelGuard ---
[INFO] Copying junit-3.8.1.jar to /Users/josejavierblecuadepedro/Documents/WS_SNSANGELGUARDFB/harvestedSNSAngelGuard/target/dependency/junit-3.8.1.jar
[INFO] 
[INFO] --- maven-resources-plugin:2.5:resources (default-resources) @ harvestedSNSAngelGuard ---
[debug] execute contextualize
[WARNING] Using platform encoding (UTF-8 actually) to copy filtered resources, i.e. build is platform dependent!
[INFO] Copying 0 resource
[INFO] 
[INFO] --- maven-compiler-plugin:2.3.2:compile (default-compile) @ harvestedSNSAngelGuard ---
[WARNING] File encoding has not been set, using platform encoding UTF-8, i.e. build is platform dependent!
[INFO] Compiling 1 source file to /Users/josejavierblecuadepedro/Documents/WS_SNSANGELGUARDFB/harvestedSNSAngelGuard/target/classes
[INFO] 
[INFO] --- maven-resources-plugin:2.5:testResources (default-testResources) @ harvestedSNSAngelGuard ---
[debug] execute contextualize
[WARNING] Using platform encoding (UTF-8 actually) to copy filtered resources, i.e. build is platform dependent!
[INFO] skip non existing resourceDirectory /Users/josejavierblecuadepedro/Documents/WS_SNSANGELGUARDFB/harvestedSNSAngelGuard/src/test/resources
[INFO] 
[INFO] --- maven-compiler-plugin:2.3.2:testCompile (default-testCompile) @ harvestedSNSAngelGuard ---
[WARNING] File encoding has not been set, using platform encoding UTF-8, i.e. build is platform dependent!
[INFO] Compiling 1 source file to /Users/josejavierblecuadepedro/Documents/WS_SNSANGELGUARDFB/harvestedSNSAngelGuard/target/test-classes
[INFO] 
[INFO] --- maven-surefire-plugin:2.10:test (default-test) @ harvestedSNSAngelGuard ---
[INFO] Surefire report directory: /Users/josejavierblecuadepedro/Documents/WS_SNSANGELGUARDFB/harvestedSNSAngelGuard/target/surefire-reports

-------------------------------------------------------
 T E S T S
-------------------------------------------------------
Running com.mycompany.harvestedsnsangelguard.AppTest
Tests run: 1, Failures: 0, Errors: 0, Skipped: 0, Time elapsed: 0.009 sec

Results :

Tests run: 1, Failures: 0, Errors: 0, Skipped: 0

[INFO] 
[INFO] --- maven-jar-plugin:2.3.2:jar (default-jar) @ harvestedSNSAngelGuard ---
[INFO] Building jar: /Users/josejavierblecuadepedro/Documents/WS_SNSANGELGUARDFB/harvestedSNSAngelGuard/target/harvestedSNSAngelGuard.jar
[INFO] ------------------------------------------------------------------------
[INFO] BUILD SUCCESS
[INFO] ------------------------------------------------------------------------
[INFO] Total time: 2.080s
[INFO] Finished at: Wed May 01 11:49:56 CEST 2013
[INFO] Final Memory: 21M/196M
[INFO] ------------------------------------------------------------------------
[INFO] Scanning for projects...
[INFO]                                                                         
[INFO] ------------------------------------------------------------------------
[INFO] Building harvestedSNSAngelGuard 1.0
[INFO] ------------------------------------------------------------------------
[INFO] 
[INFO] >>> exec-maven-plugin:1.2.1:java (default-cli) @ harvestedSNSAngelGuard >>>
[INFO] 
[INFO] <<< exec-maven-plugin:1.2.1:java (default-cli) @ harvestedSNSAngelGuard <<<
[INFO] 
[INFO] --- exec-maven-plugin:1.2.1:java (default-cli) @ harvestedSNSAngelGuard ---
DENTRO HARV
FUERA HARV
[INFO] ------------------------------------------------------------------------
[INFO] BUILD SUCCESS
[INFO] ------------------------------------------------------------------------
[INFO] Total time: 1.274s
[INFO] Finished at: Wed May 01 11:49:59 CEST 2013
[INFO] Final Memory: 9M/119M
[INFO] ------------------------------------------------------------------------
[INFO] Scanning for projects...
[INFO]                                                                         
[INFO] ------------------------------------------------------------------------
[INFO] Building harvestedSNSAngelGuard 1.0
[INFO] ------------------------------------------------------------------------
[INFO] 
[INFO] --- maven-clean-plugin:2.4.1:clean (default-clean) @ harvestedSNSAngelGuard ---
[INFO] Deleting /Users/josejavierblecuadepedro/Documents/WS_SNSANGELGUARDFB/harvestedSNSAngelGuard/target
[INFO] 
[INFO] --- maven-dependency-plugin:2.1:copy-dependencies (default-cli) @ harvestedSNSAngelGuard ---
[INFO] Copying junit-3.8.1.jar to /Users/josejavierblecuadepedro/Documents/WS_SNSANGELGUARDFB/harvestedSNSAngelGuard/target/dependency/junit-3.8.1.jar
[INFO] 
[INFO] --- maven-resources-plugin:2.5:resources (default-resources) @ harvestedSNSAngelGuard ---
[debug] execute contextualize
[WARNING] Using platform encoding (UTF-8 actually) to copy filtered resources, i.e. build is platform dependent!
[INFO] Copying 0 resource
[INFO] 
[INFO] --- maven-compiler-plugin:2.3.2:compile (default-compile) @ harvestedSNSAngelGuard ---
[WARNING] File encoding has not been set, using platform encoding UTF-8, i.e. build is platform dependent!
[INFO] Compiling 1 source file to /Users/josejavierblecuadepedro/Documents/WS_SNSANGELGUARDFB/harvestedSNSAngelGuard/target/classes
[INFO] 
[INFO] --- maven-resources-plugin:2.5:testResources (default-testResources) @ harvestedSNSAngelGuard ---
[debug] execute contextualize
[WARNING] Using platform encoding (UTF-8 actually) to copy filtered resources, i.e. build is platform dependent!
[INFO] skip non existing resourceDirectory /Users/josejavierblecuadepedro/Documents/WS_SNSANGELGUARDFB/harvestedSNSAngelGuard/src/test/resources
[INFO] 
[INFO] --- maven-compiler-plugin:2.3.2:testCompile (default-testCompile) @ harvestedSNSAngelGuard ---
[WARNING] File encoding has not been set, using platform encoding UTF-8, i.e. build is platform dependent!
[INFO] Compiling 1 source file to /Users/josejavierblecuadepedro/Documents/WS_SNSANGELGUARDFB/harvestedSNSAngelGuard/target/test-classes
[INFO] 
[INFO] --- maven-surefire-plugin:2.10:test (default-test) @ harvestedSNSAngelGuard ---
[INFO] Surefire report directory: /Users/josejavierblecuadepedro/Documents/WS_SNSANGELGUARDFB/harvestedSNSAngelGuard/target/surefire-reports

-------------------------------------------------------
 T E S T S
-------------------------------------------------------
Running com.mycompany.harvestedsnsangelguard.AppTest
Tests run: 1, Failures: 0, Errors: 0, Skipped: 0, Time elapsed: 0.01 sec

Results :

Tests run: 1, Failures: 0, Errors: 0, Skipped: 0

[INFO] 
[INFO] --- maven-jar-plugin:2.3.2:jar (default-jar) @ harvestedSNSAngelGuard ---
[INFO] Building jar: /Users/josejavierblecuadepedro/Documents/WS_SNSANGELGUARDFB/harvestedSNSAngelGuard/target/harvestedSNSAngelGuard.jar
[INFO] ------------------------------------------------------------------------
[INFO] BUILD SUCCESS
[INFO] ------------------------------------------------------------------------
[INFO] Total time: 2.083s
[INFO] Finished at: Wed May 01 11:51:36 CEST 2013
[INFO] Final Memory: 23M/196M
[INFO] ------------------------------------------------------------------------
[INFO] Scanning for projects...
[INFO]                                                                         
[INFO] ------------------------------------------------------------------------
[INFO] Building harvestedSNSAngelGuard 1.0
[INFO] ------------------------------------------------------------------------
[INFO] 
[INFO] >>> exec-maven-plugin:1.2.1:java (default-cli) @ harvestedSNSAngelGuard >>>
[INFO] 
[INFO] <<< exec-maven-plugin:1.2.1:java (default-cli) @ harvestedSNSAngelGuard <<<
[INFO] 
[INFO] --- exec-maven-plugin:1.2.1:java (default-cli) @ harvestedSNSAngelGuard ---
DENTRO HARV
FUERA HARV
[INFO] ------------------------------------------------------------------------
[INFO] BUILD SUCCESS
[INFO] ------------------------------------------------------------------------
[INFO] Total time: 1:14.560s
[INFO] Finished at: Wed May 01 11:52:52 CEST 2013
[INFO] Final Memory: 10M/120M
[INFO] ------------------------------------------------------------------------
[INFO] Scanning for projects...
[INFO]                                                                         
[INFO] ------------------------------------------------------------------------
[INFO] Building harvestedSNSAngelGuard 1.0
[INFO] ------------------------------------------------------------------------
[INFO] 
[INFO] --- maven-clean-plugin:2.4.1:clean (default-clean) @ harvestedSNSAngelGuard ---
[INFO] Deleting /Users/josejavierblecuadepedro/Documents/WS_SNSANGELGUARDFB/harvestedSNSAngelGuard/target
[INFO] 
[INFO] --- maven-dependency-plugin:2.1:copy-dependencies (default-cli) @ harvestedSNSAngelGuard ---
[INFO] Copying junit-3.8.1.jar to /Users/josejavierblecuadepedro/Documents/WS_SNSANGELGUARDFB/harvestedSNSAngelGuard/target/dependency/junit-3.8.1.jar
[INFO] 
[INFO] --- maven-resources-plugin:2.5:resources (default-resources) @ harvestedSNSAngelGuard ---
[debug] execute contextualize
[WARNING] Using platform encoding (UTF-8 actually) to copy filtered resources, i.e. build is platform dependent!
[INFO] Copying 0 resource
[INFO] 
[INFO] --- maven-compiler-plugin:2.3.2:compile (default-compile) @ harvestedSNSAngelGuard ---
[WARNING] File encoding has not been set, using platform encoding UTF-8, i.e. build is platform dependent!
[INFO] Compiling 1 source file to /Users/josejavierblecuadepedro/Documents/WS_SNSANGELGUARDFB/harvestedSNSAngelGuard/target/classes
[INFO] 
[INFO] --- maven-resources-plugin:2.5:testResources (default-testResources) @ harvestedSNSAngelGuard ---
[debug] execute contextualize
[WARNING] Using platform encoding (UTF-8 actually) to copy filtered resources, i.e. build is platform dependent!
[INFO] skip non existing resourceDirectory /Users/josejavierblecuadepedro/Documents/WS_SNSANGELGUARDFB/harvestedSNSAngelGuard/src/test/resources
[INFO] 
[INFO] --- maven-compiler-plugin:2.3.2:testCompile (default-testCompile) @ harvestedSNSAngelGuard ---
[WARNING] File encoding has not been set, using platform encoding UTF-8, i.e. build is platform dependent!
[INFO] Compiling 1 source file to /Users/josejavierblecuadepedro/Documents/WS_SNSANGELGUARDFB/harvestedSNSAngelGuard/target/test-classes
[INFO] 
[INFO] --- maven-surefire-plugin:2.10:test (default-test) @ harvestedSNSAngelGuard ---
[INFO] Surefire report directory: /Users/josejavierblecuadepedro/Documents/WS_SNSANGELGUARDFB/harvestedSNSAngelGuard/target/surefire-reports

-------------------------------------------------------
 T E S T S
-------------------------------------------------------
Running com.mycompany.harvestedsnsangelguard.AppTest
Tests run: 1, Failures: 0, Errors: 0, Skipped: 0, Time elapsed: 0.01 sec

Results :

Tests run: 1, Failures: 0, Errors: 0, Skipped: 0

[INFO] 
[INFO] --- maven-jar-plugin:2.3.2:jar (default-jar) @ harvestedSNSAngelGuard ---
[INFO] Building jar: /Users/josejavierblecuadepedro/Documents/WS_SNSANGELGUARDFB/harvestedSNSAngelGuard/target/harvestedSNSAngelGuard.jar
[INFO] ------------------------------------------------------------------------
[INFO] BUILD SUCCESS
[INFO] ------------------------------------------------------------------------
[INFO] Total time: 2.113s
[INFO] Finished at: Wed May 01 11:58:04 CEST 2013
[INFO] Final Memory: 20M/195M
[INFO] ------------------------------------------------------------------------
[INFO] Scanning for projects...
[INFO]                                                                         
[INFO] ------------------------------------------------------------------------
[INFO] Building harvestedSNSAngelGuard 1.0
[INFO] ------------------------------------------------------------------------
[INFO] 
[INFO] >>> exec-maven-plugin:1.2.1:java (default-cli) @ harvestedSNSAngelGuard >>>
[INFO] 
[INFO] <<< exec-maven-plugin:1.2.1:java (default-cli) @ harvestedSNSAngelGuard <<<
[INFO] 
[INFO] --- exec-maven-plugin:1.2.1:java (default-cli) @ harvestedSNSAngelGuard ---
DENTRO HARV
FUERA HARV
[INFO] ------------------------------------------------------------------------
[INFO] BUILD SUCCESS
[INFO] ------------------------------------------------------------------------
[INFO] Total time: 1:16.972s
[INFO] Finished at: Wed May 01 11:59:22 CEST 2013
[INFO] Final Memory: 9M/119M
[INFO] ------------------------------------------------------------------------
[INFO] Scanning for projects...
[INFO]                                                                         
[INFO] ------------------------------------------------------------------------
[INFO] Building harvestedSNSAngelGuard 1.0
[INFO] ------------------------------------------------------------------------
[INFO] 
[INFO] --- maven-clean-plugin:2.4.1:clean (default-clean) @ harvestedSNSAngelGuard ---
[INFO] Deleting /Users/josejavierblecuadepedro/Documents/WS_SNSANGELGUARDFB/harvestedSNSAngelGuard/target
[INFO] 
[INFO] --- maven-dependency-plugin:2.1:copy-dependencies (default-cli) @ harvestedSNSAngelGuard ---
[INFO] Copying junit-3.8.1.jar to /Users/josejavierblecuadepedro/Documents/WS_SNSANGELGUARDFB/harvestedSNSAngelGuard/target/dependency/junit-3.8.1.jar
[INFO] 
[INFO] --- maven-resources-plugin:2.5:resources (default-resources) @ harvestedSNSAngelGuard ---
[debug] execute contextualize
[WARNING] Using platform encoding (UTF-8 actually) to copy filtered resources, i.e. build is platform dependent!
[INFO] Copying 0 resource
[INFO] 
[INFO] --- maven-compiler-plugin:2.3.2:compile (default-compile) @ harvestedSNSAngelGuard ---
[WARNING] File encoding has not been set, using platform encoding UTF-8, i.e. build is platform dependent!
[INFO] Compiling 1 source file to /Users/josejavierblecuadepedro/Documents/WS_SNSANGELGUARDFB/harvestedSNSAngelGuard/target/classes
[INFO] 
[INFO] --- maven-resources-plugin:2.5:testResources (default-testResources) @ harvestedSNSAngelGuard ---
[debug] execute contextualize
[WARNING] Using platform encoding (UTF-8 actually) to copy filtered resources, i.e. build is platform dependent!
[INFO] skip non existing resourceDirectory /Users/josejavierblecuadepedro/Documents/WS_SNSANGELGUARDFB/harvestedSNSAngelGuard/src/test/resources
[INFO] 
[INFO] --- maven-compiler-plugin:2.3.2:testCompile (default-testCompile) @ harvestedSNSAngelGuard ---
[WARNING] File encoding has not been set, using platform encoding UTF-8, i.e. build is platform dependent!
[INFO] Compiling 1 source file to /Users/josejavierblecuadepedro/Documents/WS_SNSANGELGUARDFB/harvestedSNSAngelGuard/target/test-classes
[INFO] 
[INFO] --- maven-surefire-plugin:2.10:test (default-test) @ harvestedSNSAngelGuard ---
[INFO] Surefire report directory: /Users/josejavierblecuadepedro/Documents/WS_SNSANGELGUARDFB/harvestedSNSAngelGuard/target/surefire-reports

-------------------------------------------------------
 T E S T S
-------------------------------------------------------
Running com.mycompany.harvestedsnsangelguard.AppTest
Tests run: 1, Failures: 0, Errors: 0, Skipped: 0, Time elapsed: 0.01 sec

Results :

Tests run: 1, Failures: 0, Errors: 0, Skipped: 0

[INFO] 
[INFO] --- maven-jar-plugin:2.3.2:jar (default-jar) @ harvestedSNSAngelGuard ---
[INFO] Building jar: /Users/josejavierblecuadepedro/Documents/WS_SNSANGELGUARDFB/harvestedSNSAngelGuard/target/harvestedSNSAngelGuard.jar
[INFO] ------------------------------------------------------------------------
[INFO] BUILD SUCCESS
[INFO] ------------------------------------------------------------------------
[INFO] Total time: 2.067s
[INFO] Finished at: Wed May 01 12:00:21 CEST 2013
[INFO] Final Memory: 20M/190M
[INFO] ------------------------------------------------------------------------
[INFO] Scanning for projects...
[INFO]                                                                         
[INFO] ------------------------------------------------------------------------
[INFO] Building harvestedSNSAngelGuard 1.0
[INFO] ------------------------------------------------------------------------
[INFO] 
[INFO] >>> exec-maven-plugin:1.2.1:java (default-cli) @ harvestedSNSAngelGuard >>>
[INFO] 
[INFO] <<< exec-maven-plugin:1.2.1:java (default-cli) @ harvestedSNSAngelGuard <<<
[INFO] 
[INFO] --- exec-maven-plugin:1.2.1:java (default-cli) @ harvestedSNSAngelGuard ---
DENTRO HARV
FUERA HARV
[INFO] ------------------------------------------------------------------------
[INFO] BUILD SUCCESS
[INFO] ------------------------------------------------------------------------
[INFO] Total time: 4:28.850s
[INFO] Finished at: Wed May 01 12:04:51 CEST 2013
[INFO] Final Memory: 9M/119M
[INFO] ------------------------------------------------------------------------
[INFO] Scanning for projects...
[INFO]                                                                         
[INFO] ------------------------------------------------------------------------
[INFO] Building harvestedSNSAngelGuard 1.0
[INFO] ------------------------------------------------------------------------
[INFO] 
[INFO] --- maven-clean-plugin:2.4.1:clean (default-clean) @ harvestedSNSAngelGuard ---
[INFO] Deleting /Users/josejavierblecuadepedro/Documents/WS_SNSANGELGUARDFB/harvestedSNSAngelGuard/target
[INFO] 
[INFO] --- maven-dependency-plugin:2.1:copy-dependencies (default-cli) @ harvestedSNSAngelGuard ---
[INFO] Copying junit-3.8.1.jar to /Users/josejavierblecuadepedro/Documents/WS_SNSANGELGUARDFB/harvestedSNSAngelGuard/target/dependency/junit-3.8.1.jar
[INFO] 
[INFO] --- maven-resources-plugin:2.5:resources (default-resources) @ harvestedSNSAngelGuard ---
[debug] execute contextualize
[WARNING] Using platform encoding (UTF-8 actually) to copy filtered resources, i.e. build is platform dependent!
[INFO] Copying 0 resource
[INFO] 
[INFO] --- maven-compiler-plugin:2.3.2:compile (default-compile) @ harvestedSNSAngelGuard ---
[WARNING] File encoding has not been set, using platform encoding UTF-8, i.e. build is platform dependent!
[INFO] Compiling 1 source file to /Users/josejavierblecuadepedro/Documents/WS_SNSANGELGUARDFB/harvestedSNSAngelGuard/target/classes
[INFO] 
[INFO] --- maven-resources-plugin:2.5:testResources (default-testResources) @ harvestedSNSAngelGuard ---
[debug] execute contextualize
[WARNING] Using platform encoding (UTF-8 actually) to copy filtered resources, i.e. build is platform dependent!
[INFO] skip non existing resourceDirectory /Users/josejavierblecuadepedro/Documents/WS_SNSANGELGUARDFB/harvestedSNSAngelGuard/src/test/resources
[INFO] 
[INFO] --- maven-compiler-plugin:2.3.2:testCompile (default-testCompile) @ harvestedSNSAngelGuard ---
[WARNING] File encoding has not been set, using platform encoding UTF-8, i.e. build is platform dependent!
[INFO] Compiling 1 source file to /Users/josejavierblecuadepedro/Documents/WS_SNSANGELGUARDFB/harvestedSNSAngelGuard/target/test-classes
[INFO] 
[INFO] --- maven-surefire-plugin:2.10:test (default-test) @ harvestedSNSAngelGuard ---
[INFO] Surefire report directory: /Users/josejavierblecuadepedro/Documents/WS_SNSANGELGUARDFB/harvestedSNSAngelGuard/target/surefire-reports

-------------------------------------------------------
 T E S T S
-------------------------------------------------------
Running com.mycompany.harvestedsnsangelguard.AppTest
Tests run: 1, Failures: 0, Errors: 0, Skipped: 0, Time elapsed: 0.009 sec

Results :

Tests run: 1, Failures: 0, Errors: 0, Skipped: 0

[INFO] 
[INFO] --- maven-jar-plugin:2.3.2:jar (default-jar) @ harvestedSNSAngelGuard ---
[INFO] Building jar: /Users/josejavierblecuadepedro/Documents/WS_SNSANGELGUARDFB/harvestedSNSAngelGuard/target/harvestedSNSAngelGuard.jar
[INFO] ------------------------------------------------------------------------
[INFO] BUILD SUCCESS
[INFO] ------------------------------------------------------------------------
[INFO] Total time: 2.102s
[INFO] Finished at: Wed May 01 12:08:48 CEST 2013
[INFO] Final Memory: 23M/184M
[INFO] ------------------------------------------------------------------------
[INFO] Scanning for projects...
[INFO]                                                                         
[INFO] ------------------------------------------------------------------------
[INFO] Building harvestedSNSAngelGuard 1.0
[INFO] ------------------------------------------------------------------------
[INFO] 
[INFO] >>> exec-maven-plugin:1.2.1:java (default-cli) @ harvestedSNSAngelGuard >>>
[INFO] 
[INFO] <<< exec-maven-plugin:1.2.1:java (default-cli) @ harvestedSNSAngelGuard <<<
[INFO] 
[INFO] --- exec-maven-plugin:1.2.1:java (default-cli) @ harvestedSNSAngelGuard ---
DENTRO HARV
FUERA HARV
[INFO] ------------------------------------------------------------------------
[INFO] BUILD SUCCESS
[INFO] ------------------------------------------------------------------------
[INFO] Total time: 2:12.660s
[INFO] Finished at: Wed May 01 12:11:02 CEST 2013
[INFO] Final Memory: 9M/115M
[INFO] ------------------------------------------------------------------------
[INFO] Scanning for projects...
[INFO]                                                                         
[INFO] ------------------------------------------------------------------------
[INFO] Building harvestedSNSAngelGuard 1.0
[INFO] ------------------------------------------------------------------------
[INFO] 
[INFO] --- maven-clean-plugin:2.4.1:clean (default-clean) @ harvestedSNSAngelGuard ---
[INFO] Deleting /Users/josejavierblecuadepedro/Documents/WS_SNSANGELGUARDFB/harvestedSNSAngelGuard/target
[INFO] 
[INFO] --- maven-dependency-plugin:2.1:copy-dependencies (default-cli) @ harvestedSNSAngelGuard ---
[INFO] Copying junit-3.8.1.jar to /Users/josejavierblecuadepedro/Documents/WS_SNSANGELGUARDFB/harvestedSNSAngelGuard/target/dependency/junit-3.8.1.jar
[INFO] 
[INFO] --- maven-resources-plugin:2.5:resources (default-resources) @ harvestedSNSAngelGuard ---
[debug] execute contextualize
[WARNING] Using platform encoding (UTF-8 actually) to copy filtered resources, i.e. build is platform dependent!
[INFO] Copying 0 resource
[INFO] 
[INFO] --- maven-compiler-plugin:2.3.2:compile (default-compile) @ harvestedSNSAngelGuard ---
[WARNING] File encoding has not been set, using platform encoding UTF-8, i.e. build is platform dependent!
[INFO] Compiling 1 source file to /Users/josejavierblecuadepedro/Documents/WS_SNSANGELGUARDFB/harvestedSNSAngelGuard/target/classes
[INFO] 
[INFO] --- maven-resources-plugin:2.5:testResources (default-testResources) @ harvestedSNSAngelGuard ---
[debug] execute contextualize
[WARNING] Using platform encoding (UTF-8 actually) to copy filtered resources, i.e. build is platform dependent!
[INFO] skip non existing resourceDirectory /Users/josejavierblecuadepedro/Documents/WS_SNSANGELGUARDFB/harvestedSNSAngelGuard/src/test/resources
[INFO] 
[INFO] --- maven-compiler-plugin:2.3.2:testCompile (default-testCompile) @ harvestedSNSAngelGuard ---
[WARNING] File encoding has not been set, using platform encoding UTF-8, i.e. build is platform dependent!
[INFO] Compiling 1 source file to /Users/josejavierblecuadepedro/Documents/WS_SNSANGELGUARDFB/harvestedSNSAngelGuard/target/test-classes
[INFO] 
[INFO] --- maven-surefire-plugin:2.10:test (default-test) @ harvestedSNSAngelGuard ---
[INFO] Surefire report directory: /Users/josejavierblecuadepedro/Documents/WS_SNSANGELGUARDFB/harvestedSNSAngelGuard/target/surefire-reports

-------------------------------------------------------
 T E S T S
-------------------------------------------------------
Running com.mycompany.harvestedsnsangelguard.AppTest
Tests run: 1, Failures: 0, Errors: 0, Skipped: 0, Time elapsed: 0.009 sec

Results :

Tests run: 1, Failures: 0, Errors: 0, Skipped: 0

[INFO] 
[INFO] --- maven-jar-plugin:2.3.2:jar (default-jar) @ harvestedSNSAngelGuard ---
[INFO] Building jar: /Users/josejavierblecuadepedro/Documents/WS_SNSANGELGUARDFB/harvestedSNSAngelGuard/target/harvestedSNSAngelGuard.jar
[INFO] ------------------------------------------------------------------------
[INFO] BUILD SUCCESS
[INFO] ------------------------------------------------------------------------
[INFO] Total time: 2.094s
[INFO] Finished at: Wed May 01 12:11:28 CEST 2013
[INFO] Final Memory: 21M/183M
[INFO] ------------------------------------------------------------------------
[INFO] Scanning for projects...
[INFO]                                                                         
[INFO] ------------------------------------------------------------------------
[INFO] Building harvestedSNSAngelGuard 1.0
[INFO] ------------------------------------------------------------------------
[INFO] 
[INFO] >>> exec-maven-plugin:1.2.1:java (default-cli) @ harvestedSNSAngelGuard >>>
[INFO] 
[INFO] <<< exec-maven-plugin:1.2.1:java (default-cli) @ harvestedSNSAngelGuard <<<
[INFO] 
[INFO] --- exec-maven-plugin:1.2.1:java (default-cli) @ harvestedSNSAngelGuard ---
DENTRO HARV
FUERA HARV
[INFO] ------------------------------------------------------------------------
[INFO] BUILD SUCCESS
[INFO] ------------------------------------------------------------------------
[INFO] Total time: 3:31.871s
[INFO] Finished at: Wed May 01 12:15:01 CEST 2013
[INFO] Final Memory: 10M/114M
[INFO] ------------------------------------------------------------------------
[INFO] Scanning for projects...
[INFO]                                                                         
[INFO] ------------------------------------------------------------------------
[INFO] Building harvestedSNSAngelGuard 1.0
[INFO] ------------------------------------------------------------------------
[INFO] 
[INFO] --- maven-clean-plugin:2.4.1:clean (default-clean) @ harvestedSNSAngelGuard ---
[INFO] Deleting /Users/josejavierblecuadepedro/Documents/WS_SNSANGELGUARDFB/harvestedSNSAngelGuard/target
[INFO] 
[INFO] --- maven-dependency-plugin:2.1:copy-dependencies (default-cli) @ harvestedSNSAngelGuard ---
[INFO] Copying junit-3.8.1.jar to /Users/josejavierblecuadepedro/Documents/WS_SNSANGELGUARDFB/harvestedSNSAngelGuard/target/dependency/junit-3.8.1.jar
[INFO] 
[INFO] --- maven-resources-plugin:2.5:resources (default-resources) @ harvestedSNSAngelGuard ---
[debug] execute contextualize
[WARNING] Using platform encoding (UTF-8 actually) to copy filtered resources, i.e. build is platform dependent!
[INFO] Copying 0 resource
[INFO] 
[INFO] --- maven-compiler-plugin:2.3.2:compile (default-compile) @ harvestedSNSAngelGuard ---
[WARNING] File encoding has not been set, using platform encoding UTF-8, i.e. build is platform dependent!
[INFO] Compiling 1 source file to /Users/josejavierblecuadepedro/Documents/WS_SNSANGELGUARDFB/harvestedSNSAngelGuard/target/classes
[INFO] 
[INFO] --- maven-resources-plugin:2.5:testResources (default-testResources) @ harvestedSNSAngelGuard ---
[debug] execute contextualize
[WARNING] Using platform encoding (UTF-8 actually) to copy filtered resources, i.e. build is platform dependent!
[INFO] skip non existing resourceDirectory /Users/josejavierblecuadepedro/Documents/WS_SNSANGELGUARDFB/harvestedSNSAngelGuard/src/test/resources
[INFO] 
[INFO] --- maven-compiler-plugin:2.3.2:testCompile (default-testCompile) @ harvestedSNSAngelGuard ---
[WARNING] File encoding has not been set, using platform encoding UTF-8, i.e. build is platform dependent!
[INFO] Compiling 1 source file to /Users/josejavierblecuadepedro/Documents/WS_SNSANGELGUARDFB/harvestedSNSAngelGuard/target/test-classes
[INFO] 
[INFO] --- maven-surefire-plugin:2.10:test (default-test) @ harvestedSNSAngelGuard ---
[INFO] Surefire report directory: /Users/josejavierblecuadepedro/Documents/WS_SNSANGELGUARDFB/harvestedSNSAngelGuard/target/surefire-reports

-------------------------------------------------------
 T E S T S
-------------------------------------------------------
Running com.mycompany.harvestedsnsangelguard.AppTest
Tests run: 1, Failures: 0, Errors: 0, Skipped: 0, Time elapsed: 0.01 sec

Results :

Tests run: 1, Failures: 0, Errors: 0, Skipped: 0

[INFO] 
[INFO] --- maven-jar-plugin:2.3.2:jar (default-jar) @ harvestedSNSAngelGuard ---
[INFO] Building jar: /Users/josejavierblecuadepedro/Documents/WS_SNSANGELGUARDFB/harvestedSNSAngelGuard/target/harvestedSNSAngelGuard.jar
[INFO] ------------------------------------------------------------------------
[INFO] BUILD SUCCESS
[INFO] ------------------------------------------------------------------------
[INFO] Total time: 2.094s
[INFO] Finished at: Wed May 01 12:16:44 CEST 2013
[INFO] Final Memory: 19M/181M
[INFO] ------------------------------------------------------------------------
[INFO] Scanning for projects...
[INFO]                                                                         
[INFO] ------------------------------------------------------------------------
[INFO] Building harvestedSNSAngelGuard 1.0
[INFO] ------------------------------------------------------------------------
[INFO] 
[INFO] >>> exec-maven-plugin:1.2.1:java (default-cli) @ harvestedSNSAngelGuard >>>
[INFO] 
[INFO] <<< exec-maven-plugin:1.2.1:java (default-cli) @ harvestedSNSAngelGuard <<<
[INFO] 
[INFO] --- exec-maven-plugin:1.2.1:java (default-cli) @ harvestedSNSAngelGuard ---
DENTRO HARV
FUERA HARV
[INFO] ------------------------------------------------------------------------
[INFO] BUILD SUCCESS
[INFO] ------------------------------------------------------------------------
[INFO] Total time: 1:51.861s
[INFO] Finished at: Wed May 01 12:18:37 CEST 2013
[INFO] Final Memory: 9M/113M
[INFO] ------------------------------------------------------------------------
[INFO] Scanning for projects...
[INFO]                                                                         
[INFO] ------------------------------------------------------------------------
[INFO] Building harvestedSNSAngelGuard 1.0
[INFO] ------------------------------------------------------------------------
[INFO] 
[INFO] --- maven-clean-plugin:2.4.1:clean (default-clean) @ harvestedSNSAngelGuard ---
[INFO] Deleting /Users/josejavierblecuadepedro/Documents/WS_SNSANGELGUARDFB/harvestedSNSAngelGuard/target
[INFO] 
[INFO] --- maven-dependency-plugin:2.1:copy-dependencies (default-cli) @ harvestedSNSAngelGuard ---
[INFO] Copying junit-3.8.1.jar to /Users/josejavierblecuadepedro/Documents/WS_SNSANGELGUARDFB/harvestedSNSAngelGuard/target/dependency/junit-3.8.1.jar
[INFO] 
[INFO] --- maven-resources-plugin:2.5:resources (default-resources) @ harvestedSNSAngelGuard ---
[debug] execute contextualize
[WARNING] Using platform encoding (UTF-8 actually) to copy filtered resources, i.e. build is platform dependent!
[INFO] Copying 0 resource
[INFO] 
[INFO] --- maven-compiler-plugin:2.3.2:compile (default-compile) @ harvestedSNSAngelGuard ---
[WARNING] File encoding has not been set, using platform encoding UTF-8, i.e. build is platform dependent!
[INFO] Compiling 1 source file to /Users/josejavierblecuadepedro/Documents/WS_SNSANGELGUARDFB/harvestedSNSAngelGuard/target/classes
[INFO] 
[INFO] --- maven-resources-plugin:2.5:testResources (default-testResources) @ harvestedSNSAngelGuard ---
[debug] execute contextualize
[WARNING] Using platform encoding (UTF-8 actually) to copy filtered resources, i.e. build is platform dependent!
[INFO] skip non existing resourceDirectory /Users/josejavierblecuadepedro/Documents/WS_SNSANGELGUARDFB/harvestedSNSAngelGuard/src/test/resources
[INFO] 
[INFO] --- maven-compiler-plugin:2.3.2:testCompile (default-testCompile) @ harvestedSNSAngelGuard ---
[WARNING] File encoding has not been set, using platform encoding UTF-8, i.e. build is platform dependent!
[INFO] Compiling 1 source file to /Users/josejavierblecuadepedro/Documents/WS_SNSANGELGUARDFB/harvestedSNSAngelGuard/target/test-classes
[INFO] 
[INFO] --- maven-surefire-plugin:2.10:test (default-test) @ harvestedSNSAngelGuard ---
[INFO] Surefire report directory: /Users/josejavierblecuadepedro/Documents/WS_SNSANGELGUARDFB/harvestedSNSAngelGuard/target/surefire-reports

-------------------------------------------------------
 T E S T S
-------------------------------------------------------
Running com.mycompany.harvestedsnsangelguard.AppTest
Tests run: 1, Failures: 0, Errors: 0, Skipped: 0, Time elapsed: 0.01 sec

Results :

Tests run: 1, Failures: 0, Errors: 0, Skipped: 0

[INFO] 
[INFO] --- maven-jar-plugin:2.3.2:jar (default-jar) @ harvestedSNSAngelGuard ---
[INFO] Building jar: /Users/josejavierblecuadepedro/Documents/WS_SNSANGELGUARDFB/harvestedSNSAngelGuard/target/harvestedSNSAngelGuard.jar
[INFO] ------------------------------------------------------------------------
[INFO] BUILD SUCCESS
[INFO] ------------------------------------------------------------------------
[INFO] Total time: 2.107s
[INFO] Finished at: Wed May 01 12:43:47 CEST 2013
[INFO] Final Memory: 22M/178M
[INFO] ------------------------------------------------------------------------
[INFO] Scanning for projects...
[INFO]                                                                         
[INFO] ------------------------------------------------------------------------
[INFO] Building harvestedSNSAngelGuard 1.0
[INFO] ------------------------------------------------------------------------
[INFO] 
[INFO] >>> exec-maven-plugin:1.2.1:java (default-cli) @ harvestedSNSAngelGuard >>>
[INFO] 
[INFO] <<< exec-maven-plugin:1.2.1:java (default-cli) @ harvestedSNSAngelGuard <<<
[INFO] 
[INFO] --- exec-maven-plugin:1.2.1:java (default-cli) @ harvestedSNSAngelGuard ---
DENTRO HARV
FUERA HARV
[INFO] ------------------------------------------------------------------------
[INFO] BUILD SUCCESS
[INFO] ------------------------------------------------------------------------
[INFO] Total time: 2:10.652s
[INFO] Finished at: Wed May 01 12:45:58 CEST 2013
[INFO] Final Memory: 7M/111M
[INFO] ------------------------------------------------------------------------
