[INFO] Scanning for projects...
Downloading: http://repo.maven.apache.org/maven2/org/apache/maven/plugins/maven-deploy-plugin/2.7/maven-deploy-plugin-2.7.pom
2/6 KB   6/6 KB   6/6 KB            Downloaded: http://repo.maven.apache.org/maven2/org/apache/maven/plugins/maven-deploy-plugin/2.7/maven-deploy-plugin-2.7.pom (6 KB at 4.4 KB/sec)
Downloading: http://repo.maven.apache.org/maven2/org/apache/maven/plugins/maven-site-plugin/3.0/maven-site-plugin-3.0.pom
2/20 KB   3/20 KB   4/20 KB   6/20 KB   7/20 KB   9/20 KB   10/20 KB   11/20 KB   13/20 KB   14/20 KB   15/20 KB   17/20 KB   18/20 KB   20/20 KB   20/20 KB              Downloaded: http://repo.maven.apache.org/maven2/org/apache/maven/plugins/maven-site-plugin/3.0/maven-site-plugin-3.0.pom (20 KB at 108.3 KB/sec)
Downloading: http://repo.maven.apache.org/maven2/org/apache/maven/plugins/maven-site-plugin/3.0/maven-site-plugin-3.0.jar
2/112 KB   3/112 KB   3/112 KB   5/112 KB   6/112 KB   7/112 KB   9/112 KB   10/112 KB   11/112 KB   13/112 KB   14/112 KB   15/112 KB   16/112 KB   17/112 KB   19/112 KB   20/112 KB   21/112 KB   23/112 KB   24/112 KB   26/112 KB   27/112 KB   28/112 KB   30/112 KB   31/112 KB   32/112 KB   34/112 KB   35/112 KB   37/112 KB   38/112 KB   39/112 KB   41/112 KB   42/112 KB   43/112 KB   45/112 KB   46/112 KB   48/112 KB   49/112 KB   50/112 KB   52/112 KB   53/112 KB   55/112 KB   56/112 KB   57/112 KB   59/112 KB   60/112 KB   61/112 KB   63/112 KB   64/112 KB   66/112 KB   67/112 KB   68/112 KB   70/112 KB   71/112 KB   72/112 KB   74/112 KB   75/112 KB   77/112 KB   78/112 KB   79/112 KB   81/112 KB   82/112 KB   83/112 KB   85/112 KB   86/112 KB   88/112 KB   89/112 KB   90/112 KB   92/112 KB   93/112 KB   95/112 KB   96/112 KB   97/112 KB   99/112 KB   100/112 KB   101/112 KB   103/112 KB   104/112 KB   106/112 KB   107/112 KB   108/112 KB   110/112 KB   111/112 KB   112/112 KB                Downloaded: http://repo.maven.apache.org/maven2/org/apache/maven/plugins/maven-site-plugin/3.0/maven-site-plugin-3.0.jar (112 KB at 336.6 KB/sec)
Downloading: http://repo.maven.apache.org/maven2/org/apache/maven/plugins/maven-antrun-plugin/1.3/maven-antrun-plugin-1.3.pom
2/5 KB       3/5 KB   4/5 KB   5/5 KB            Downloaded: http://repo.maven.apache.org/maven2/org/apache/maven/plugins/maven-antrun-plugin/1.3/maven-antrun-plugin-1.3.pom (5 KB at 36.1 KB/sec)
Downloading: http://repo.maven.apache.org/maven2/org/apache/maven/plugins/maven-plugins/12/maven-plugins-12.pom
2/12 KB   3/12 KB   4/12 KB   6/12 KB   7/12 KB   9/12 KB   10/12 KB   11/12 KB   12/12 KB              Downloaded: http://repo.maven.apache.org/maven2/org/apache/maven/plugins/maven-plugins/12/maven-plugins-12.pom (12 KB at 78.6 KB/sec)
Downloading: http://repo.maven.apache.org/maven2/org/apache/maven/plugins/maven-antrun-plugin/1.3/maven-antrun-plugin-1.3.jar
2/24 KB    3/24 KB   4/24 KB   6/24 KB   7/24 KB   9/24 KB   10/24 KB   11/24 KB   13/24 KB   14/24 KB   15/24 KB   16/24 KB   17/24 KB   19/24 KB   20/24 KB   21/24 KB   23/24 KB   24/24 KB              Downloaded: http://repo.maven.apache.org/maven2/org/apache/maven/plugins/maven-antrun-plugin/1.3/maven-antrun-plugin-1.3.jar (24 KB at 146.6 KB/sec)
Downloading: http://repo.maven.apache.org/maven2/org/apache/maven/plugins/maven-assembly-plugin/2.2-beta-5/maven-assembly-plugin-2.2-beta-5.pom
2/15 KB    3/15 KB   4/15 KB   6/15 KB   7/15 KB   9/15 KB   10/15 KB   11/15 KB   13/15 KB   14/15 KB   15/15 KB   15/15 KB              Downloaded: http://repo.maven.apache.org/maven2/org/apache/maven/plugins/maven-assembly-plugin/2.2-beta-5/maven-assembly-plugin-2.2-beta-5.pom (15 KB at 100.0 KB/sec)
Downloading: http://repo.maven.apache.org/maven2/org/apache/maven/plugins/maven-plugins/16/maven-plugins-16.pom
2/13 KB    3/13 KB   4/13 KB   6/13 KB   7/13 KB   9/13 KB   10/13 KB   11/13 KB   13/13 KB   13/13 KB              Downloaded: http://repo.maven.apache.org/maven2/org/apache/maven/plugins/maven-plugins/16/maven-plugins-16.pom (13 KB at 93.0 KB/sec)
Downloading: http://repo.maven.apache.org/maven2/org/apache/maven/maven-parent/15/maven-parent-15.pom
2/24 KB    3/24 KB   4/24 KB   6/24 KB   7/24 KB   9/24 KB   10/24 KB   11/24 KB   13/24 KB   14/24 KB   15/24 KB   16/24 KB   17/24 KB   19/24 KB   20/24 KB   21/24 KB   23/24 KB   24/24 KB              Downloaded: http://repo.maven.apache.org/maven2/org/apache/maven/maven-parent/15/maven-parent-15.pom (24 KB at 151.2 KB/sec)
Downloading: http://repo.maven.apache.org/maven2/org/apache/maven/plugins/maven-assembly-plugin/2.2-beta-5/maven-assembly-plugin-2.2-beta-5.jar
2/204 KB   3/204 KB   4/204 KB   6/204 KB   7/204 KB   9/204 KB   10/204 KB   11/204 KB   13/204 KB   15/204 KB   16/204 KB   17/204 KB   19/204 KB   20/204 KB   21/204 KB   23/204 KB   24/204 KB   26/204 KB   27/204 KB   28/204 KB   30/204 KB   31/204 KB   32/204 KB   33/204 KB   34/204 KB   36/204 KB   37/204 KB   39/204 KB   40/204 KB   41/204 KB   43/204 KB   44/204 KB   45/204 KB   47/204 KB   48/204 KB   50/204 KB   51/204 KB   52/204 KB   53/204 KB   54/204 KB   56/204 KB   57/204 KB   59/204 KB   60/204 KB   61/204 KB   63/204 KB   64/204 KB   65/204 KB   67/204 KB   68/204 KB   70/204 KB   71/204 KB   72/204 KB   74/204 KB   75/204 KB   76/204 KB   78/204 KB   79/204 KB   81/204 KB   82/204 KB   83/204 KB   85/204 KB   86/204 KB   88/204 KB   89/204 KB   90/204 KB   92/204 KB   93/204 KB   94/204 KB   96/204 KB   97/204 KB   99/204 KB   100/204 KB   101/204 KB   103/204 KB   104/204 KB   105/204 KB   107/204 KB   108/204 KB   110/204 KB   111/204 KB   112/204 KB   114/204 KB   115/204 KB   116/204 KB   118/204 KB   119/204 KB   121/204 KB   122/204 KB   123/204 KB   125/204 KB   126/204 KB   127/204 KB   129/204 KB   130/204 KB   132/204 KB   133/204 KB   134/204 KB   136/204 KB   137/204 KB   139/204 KB   140/204 KB   141/204 KB   144/204 KB   145/204 KB   147/204 KB   148/204 KB   150/204 KB   151/204 KB   152/204 KB   154/204 KB   155/204 KB   156/204 KB   158/204 KB   159/204 KB   161/204 KB   162/204 KB   163/204 KB   165/204 KB   166/204 KB   167/204 KB   169/204 KB   170/204 KB   172/204 KB   173/204 KB   174/204 KB   176/204 KB   177/204 KB   179/204 KB   180/204 KB   181/204 KB   183/204 KB   184/204 KB   185/204 KB   187/204 KB   188/204 KB   190/204 KB   191/204 KB   192/204 KB   194/204 KB   195/204 KB   196/204 KB   198/204 KB   199/204 KB   201/204 KB   202/204 KB   203/204 KB   204/204 KB                Downloaded: http://repo.maven.apache.org/maven2/org/apache/maven/plugins/maven-assembly-plugin/2.2-beta-5/maven-assembly-plugin-2.2-beta-5.jar (204 KB at 467.8 KB/sec)
Downloading: http://repo.maven.apache.org/maven2/org/apache/maven/plugins/maven-dependency-plugin/2.1/maven-dependency-plugin-2.1.pom
2/8 KB       3/8 KB   4/8 KB   6/8 KB   7/8 KB   8/8 KB            Downloaded: http://repo.maven.apache.org/maven2/org/apache/maven/plugins/maven-dependency-plugin/2.1/maven-dependency-plugin-2.1.pom (8 KB at 57.2 KB/sec)
Downloading: http://repo.maven.apache.org/maven2/org/apache/maven/plugins/maven-dependency-plugin/2.1/maven-dependency-plugin-2.1.jar
2/104 KB   3/104 KB   4/104 KB   6/104 KB   7/104 KB   9/104 KB   13/104 KB   14/104 KB   16/104 KB   17/104 KB   19/104 KB   20/104 KB   21/104 KB   23/104 KB   24/104 KB   26/104 KB   27/104 KB   28/104 KB   30/104 KB   31/104 KB   32/104 KB   34/104 KB   35/104 KB   37/104 KB   38/104 KB   39/104 KB   41/104 KB   42/104 KB   43/104 KB   45/104 KB   46/104 KB   48/104 KB   49/104 KB   50/104 KB   52/104 KB   53/104 KB   54/104 KB   56/104 KB   57/104 KB   59/104 KB   60/104 KB   61/104 KB   63/104 KB   64/104 KB   66/104 KB   67/104 KB   68/104 KB   70/104 KB   71/104 KB   72/104 KB   74/104 KB   75/104 KB   77/104 KB   78/104 KB   79/104 KB   81/104 KB   83/104 KB   86/104 KB   87/104 KB   88/104 KB   90/104 KB   91/104 KB   93/104 KB   94/104 KB   95/104 KB   97/104 KB   98/104 KB   100/104 KB   101/104 KB   102/104 KB   104/104 KB   104/104 KB                Downloaded: http://repo.maven.apache.org/maven2/org/apache/maven/plugins/maven-dependency-plugin/2.1/maven-dependency-plugin-2.1.jar (104 KB at 388.0 KB/sec)
[INFO]                                                                         
[INFO] ------------------------------------------------------------------------
[INFO] Building harvestedSNSAngelGuard 1.0
[INFO] ------------------------------------------------------------------------
[INFO] 
[INFO] --- maven-clean-plugin:2.4.1:clean (default-clean) @ harvestedSNSAngelGuard ---
[INFO] Deleting /Users/josejavierblecuadepedro/Documents/WS_SNSANGELGUARDFB/harvestedSNSAngelGuard/target
[INFO] 
[INFO] --- maven-dependency-plugin:2.1:copy-dependencies (default-cli) @ harvestedSNSAngelGuard ---
Downloading: http://repo.maven.apache.org/maven2/org/apache/maven/doxia/doxia-sink-api/1.0-alpha-10/doxia-sink-api-1.0-alpha-10.pom
2/2 KB       2/2 KB            Downloaded: http://repo.maven.apache.org/maven2/org/apache/maven/doxia/doxia-sink-api/1.0-alpha-10/doxia-sink-api-1.0-alpha-10.pom (2 KB at 6.5 KB/sec)
Downloading: http://repo.maven.apache.org/maven2/org/apache/maven/doxia/doxia/1.0-alpha-10/doxia-1.0-alpha-10.pom
2/9 KB   3/9 KB   4/9 KB   6/9 KB   7/9 KB   9/9 KB   9/9 KB            Downloaded: http://repo.maven.apache.org/maven2/org/apache/maven/doxia/doxia/1.0-alpha-10/doxia-1.0-alpha-10.pom (9 KB at 55.6 KB/sec)
Downloading: http://repo.maven.apache.org/maven2/org/apache/maven/maven-parent/6/maven-parent-6.pom
2/20 KB   3/20 KB   4/20 KB   6/20 KB   7/20 KB   9/20 KB   10/20 KB   11/20 KB   13/20 KB   14/20 KB   15/20 KB   16/20 KB   17/20 KB   19/20 KB   20/20 KB              Downloaded: http://repo.maven.apache.org/maven2/org/apache/maven/maven-parent/6/maven-parent-6.pom (20 KB at 85.1 KB/sec)
Downloading: http://repo.maven.apache.org/maven2/org/codehaus/plexus/plexus-utils/1.4.6/plexus-utils-1.4.6.pom
2/3 KB     3/3 KB            Downloaded: http://repo.maven.apache.org/maven2/org/codehaus/plexus/plexus-utils/1.4.6/plexus-utils-1.4.6.pom (3 KB at 17.8 KB/sec)
Downloading: http://repo.maven.apache.org/maven2/org/apache/maven/shared/file-management/1.1/file-management-1.1.pom
2/3 KB   3/3 KB   3/3 KB            Downloaded: http://repo.maven.apache.org/maven2/org/apache/maven/shared/file-management/1.1/file-management-1.1.pom (3 KB at 21.1 KB/sec)
Downloading: http://repo.maven.apache.org/maven2/org/apache/maven/shared/maven-shared-components/4/maven-shared-components-4.pom
2/3 KB   3/3 KB            Downloaded: http://repo.maven.apache.org/maven2/org/apache/maven/shared/maven-shared-components/4/maven-shared-components-4.pom (3 KB at 16.6 KB/sec)
Downloading: http://repo.maven.apache.org/maven2/org/apache/maven/maven-parent/4/maven-parent-4.pom
2/10 KB   3/10 KB   4/10 KB   6/10 KB   7/10 KB   9/10 KB   10/10 KB              Downloaded: http://repo.maven.apache.org/maven2/org/apache/maven/maven-parent/4/maven-parent-4.pom (10 KB at 73.4 KB/sec)
Downloading: http://repo.maven.apache.org/maven2/org/apache/maven/shared/maven-shared-io/1.0/maven-shared-io-1.0.pom
2/3 KB     3/3 KB   3/3 KB            Downloaded: http://repo.maven.apache.org/maven2/org/apache/maven/shared/maven-shared-io/1.0/maven-shared-io-1.0.pom (3 KB at 24.0 KB/sec)
Downloading: http://repo.maven.apache.org/maven2/org/apache/maven/maven-artifact/2.0.2/maven-artifact-2.0.2.pom
765/765 B               Downloaded: http://repo.maven.apache.org/maven2/org/apache/maven/maven-artifact/2.0.2/maven-artifact-2.0.2.pom (765 B at 6.2 KB/sec)
Downloading: http://repo.maven.apache.org/maven2/org/apache/maven/maven/2.0.2/maven-2.0.2.pom
2/13 KB     3/13 KB   4/13 KB   6/13 KB   7/13 KB   9/13 KB   10/13 KB   11/13 KB   13/13 KB   13/13 KB              Downloaded: http://repo.maven.apache.org/maven2/org/apache/maven/maven/2.0.2/maven-2.0.2.pom (13 KB at 96.0 KB/sec)
Downloading: http://repo.maven.apache.org/maven2/org/codehaus/plexus/plexus-utils/1.1/plexus-utils-1.1.pom
767/767 B               Downloaded: http://repo.maven.apache.org/maven2/org/codehaus/plexus/plexus-utils/1.1/plexus-utils-1.1.pom (767 B at 6.2 KB/sec)
Downloading: http://repo.maven.apache.org/maven2/org/apache/maven/maven-artifact-manager/2.0.2/maven-artifact-manager-2.0.2.pom
2/2 KB               Downloaded: http://repo.maven.apache.org/maven2/org/apache/maven/maven-artifact-manager/2.0.2/maven-artifact-manager-2.0.2.pom (2 KB at 11.1 KB/sec)
Downloading: http://repo.maven.apache.org/maven2/org/apache/maven/maven-repository-metadata/2.0.2/maven-repository-metadata-2.0.2.pom
2/2 KB   2/2 KB            Downloaded: http://repo.maven.apache.org/maven2/org/apache/maven/maven-repository-metadata/2.0.2/maven-repository-metadata-2.0.2.pom (2 KB at 10.7 KB/sec)
Downloading: http://repo.maven.apache.org/maven2/org/apache/maven/wagon/wagon-provider-api/1.0-alpha-6/wagon-provider-api-1.0-alpha-6.pom
588/588 B               Downloaded: http://repo.maven.apache.org/maven2/org/apache/maven/wagon/wagon-provider-api/1.0-alpha-6/wagon-provider-api-1.0-alpha-6.pom (588 B at 4.8 KB/sec)
Downloading: http://repo.maven.apache.org/maven2/org/apache/maven/wagon/wagon/1.0-alpha-6/wagon-1.0-alpha-6.pom
2/7 KB      3/7 KB   4/7 KB   6/7 KB   7/7 KB            Downloaded: http://repo.maven.apache.org/maven2/org/apache/maven/wagon/wagon/1.0-alpha-6/wagon-1.0-alpha-6.pom (7 KB at 49.6 KB/sec)
Downloading: http://repo.maven.apache.org/maven2/org/codehaus/plexus/plexus-utils/1.2/plexus-utils-1.2.pom
767/767 B               Downloaded: http://repo.maven.apache.org/maven2/org/codehaus/plexus/plexus-utils/1.2/plexus-utils-1.2.pom (767 B at 6.1 KB/sec)
Downloading: http://repo.maven.apache.org/maven2/org/codehaus/plexus/plexus/1.0.5/plexus-1.0.5.pom
2/6 KB      3/6 KB   4/6 KB   6/6 KB   6/6 KB            Downloaded: http://repo.maven.apache.org/maven2/org/codehaus/plexus/plexus/1.0.5/plexus-1.0.5.pom (6 KB at 43.6 KB/sec)
Downloading: http://repo.maven.apache.org/maven2/org/apache/maven/shared/maven-dependency-analyzer/1.1/maven-dependency-analyzer-1.1.pom
2/5 KB   3/5 KB   4/5 KB   5/5 KB            Downloaded: http://repo.maven.apache.org/maven2/org/apache/maven/shared/maven-dependency-analyzer/1.1/maven-dependency-analyzer-1.1.pom (5 KB at 34.3 KB/sec)
Downloading: http://repo.maven.apache.org/maven2/asm/asm/3.0/asm-3.0.pom
360/360 B               Downloaded: http://repo.maven.apache.org/maven2/asm/asm/3.0/asm-3.0.pom (360 B at 3.0 KB/sec)
Downloading: http://repo.maven.apache.org/maven2/asm/asm-parent/3.0/asm-parent-3.0.pom
2/3 KB      3/3 KB            Downloaded: http://repo.maven.apache.org/maven2/asm/asm-parent/3.0/asm-parent-3.0.pom (3 KB at 19.8 KB/sec)
Downloading: http://repo.maven.apache.org/maven2/org/apache/maven/maven-project/2.0.5/maven-project-2.0.5.pom
2/2 KB            Downloaded: http://repo.maven.apache.org/maven2/org/apache/maven/maven-project/2.0.5/maven-project-2.0.5.pom (2 KB at 12.1 KB/sec)
Downloading: http://repo.maven.apache.org/maven2/org/apache/maven/maven/2.0.5/maven-2.0.5.pom
2/6 KB   3/6 KB   4/6 KB   6/6 KB   6/6 KB            Downloaded: http://repo.maven.apache.org/maven2/org/apache/maven/maven/2.0.5/maven-2.0.5.pom (6 KB at 42.2 KB/sec)
Downloading: http://repo.maven.apache.org/maven2/org/apache/maven/maven-settings/2.0.5/maven-settings-2.0.5.pom
2/2 KB   2/2 KB            Downloaded: http://repo.maven.apache.org/maven2/org/apache/maven/maven-settings/2.0.5/maven-settings-2.0.5.pom (2 KB at 13.9 KB/sec)
Downloading: http://repo.maven.apache.org/maven2/org/apache/maven/maven-model/2.0.5/maven-model-2.0.5.pom
2/3 KB   3/3 KB   3/3 KB            Downloaded: http://repo.maven.apache.org/maven2/org/apache/maven/maven-model/2.0.5/maven-model-2.0.5.pom (3 KB at 21.1 KB/sec)
Downloading: http://repo.maven.apache.org/maven2/org/apache/maven/maven-profile/2.0.5/maven-profile-2.0.5.pom
2/2 KB   2/2 KB            Downloaded: http://repo.maven.apache.org/maven2/org/apache/maven/maven-profile/2.0.5/maven-profile-2.0.5.pom (2 KB at 12.6 KB/sec)
Downloading: http://repo.maven.apache.org/maven2/org/apache/maven/maven-artifact-manager/2.0.5/maven-artifact-manager-2.0.5.pom
2/2 KB   2/2 KB            Downloaded: http://repo.maven.apache.org/maven2/org/apache/maven/maven-artifact-manager/2.0.5/maven-artifact-manager-2.0.5.pom (2 KB at 14.7 KB/sec)
Downloading: http://repo.maven.apache.org/maven2/org/apache/maven/maven-repository-metadata/2.0.5/maven-repository-metadata-2.0.5.pom
2/2 KB   2/2 KB            Downloaded: http://repo.maven.apache.org/maven2/org/apache/maven/maven-repository-metadata/2.0.5/maven-repository-metadata-2.0.5.pom (2 KB at 11.9 KB/sec)
Downloading: http://repo.maven.apache.org/maven2/org/apache/maven/maven-artifact/2.0.5/maven-artifact-2.0.5.pom
727/727 B               Downloaded: http://repo.maven.apache.org/maven2/org/apache/maven/maven-artifact/2.0.5/maven-artifact-2.0.5.pom (727 B at 5.3 KB/sec)
Downloading: http://repo.maven.apache.org/maven2/org/apache/maven/shared/maven-dependency-tree/1.2/maven-dependency-tree-1.2.pom
2/4 KB      3/4 KB   4/4 KB            Downloaded: http://repo.maven.apache.org/maven2/org/apache/maven/shared/maven-dependency-tree/1.2/maven-dependency-tree-1.2.pom (4 KB at 18.0 KB/sec)
Downloading: http://repo.maven.apache.org/maven2/org/apache/maven/shared/maven-shared-components/9/maven-shared-components-9.pom
2/4 KB   3/4 KB   4/4 KB            Downloaded: http://repo.maven.apache.org/maven2/org/apache/maven/shared/maven-shared-components/9/maven-shared-components-9.pom (4 KB at 15.5 KB/sec)
Downloading: http://repo.maven.apache.org/maven2/org/apache/maven/maven-project/2.0.8/maven-project-2.0.8.pom
2/3 KB   3/3 KB   3/3 KB            Downloaded: http://repo.maven.apache.org/maven2/org/apache/maven/maven-project/2.0.8/maven-project-2.0.8.pom (3 KB at 21.7 KB/sec)
Downloading: http://repo.maven.apache.org/maven2/org/apache/maven/maven/2.0.8/maven-2.0.8.pom
2/12 KB   3/12 KB   4/12 KB   6/12 KB   7/12 KB   9/12 KB   10/12 KB   11/12 KB   12/12 KB              Downloaded: http://repo.maven.apache.org/maven2/org/apache/maven/maven/2.0.8/maven-2.0.8.pom (12 KB at 88.1 KB/sec)
Downloading: http://repo.maven.apache.org/maven2/org/apache/maven/maven-settings/2.0.8/maven-settings-2.0.8.pom
2/3 KB     3/3 KB            Downloaded: http://repo.maven.apache.org/maven2/org/apache/maven/maven-settings/2.0.8/maven-settings-2.0.8.pom (3 KB at 14.9 KB/sec)
Downloading: http://repo.maven.apache.org/maven2/org/apache/maven/maven-model/2.0.8/maven-model-2.0.8.pom
2/4 KB   3/4 KB   4/4 KB            Downloaded: http://repo.maven.apache.org/maven2/org/apache/maven/maven-model/2.0.8/maven-model-2.0.8.pom (4 KB at 11.1 KB/sec)
Downloading: http://repo.maven.apache.org/maven2/org/apache/maven/maven-profile/2.0.8/maven-profile-2.0.8.pom
2/2 KB   2/2 KB            Downloaded: http://repo.maven.apache.org/maven2/org/apache/maven/maven-profile/2.0.8/maven-profile-2.0.8.pom (2 KB at 16.6 KB/sec)
Downloading: http://repo.maven.apache.org/maven2/org/apache/maven/maven-artifact-manager/2.0.8/maven-artifact-manager-2.0.8.pom
2/3 KB   3/3 KB            Downloaded: http://repo.maven.apache.org/maven2/org/apache/maven/maven-artifact-manager/2.0.8/maven-artifact-manager-2.0.8.pom (3 KB at 21.4 KB/sec)
Downloading: http://repo.maven.apache.org/maven2/org/apache/maven/maven-repository-metadata/2.0.8/maven-repository-metadata-2.0.8.pom
2/2 KB   2/2 KB            Downloaded: http://repo.maven.apache.org/maven2/org/apache/maven/maven-repository-metadata/2.0.8/maven-repository-metadata-2.0.8.pom (2 KB at 15.0 KB/sec)
Downloading: http://repo.maven.apache.org/maven2/org/apache/maven/maven-artifact/2.0.8/maven-artifact-2.0.8.pom
2/2 KB   2/2 KB            Downloaded: http://repo.maven.apache.org/maven2/org/apache/maven/maven-artifact/2.0.8/maven-artifact-2.0.8.pom (2 KB at 13.3 KB/sec)
Downloading: http://repo.maven.apache.org/maven2/org/apache/maven/maven-plugin-registry/2.0.8/maven-plugin-registry-2.0.8.pom
2/2 KB   2/2 KB            Downloaded: http://repo.maven.apache.org/maven2/org/apache/maven/maven-plugin-registry/2.0.8/maven-plugin-registry-2.0.8.pom (2 KB at 15.4 KB/sec)
Downloading: http://repo.maven.apache.org/maven2/org/apache/maven/shared/maven-common-artifact-filters/1.0/maven-common-artifact-filters-1.0.pom
2/2 KB   2/2 KB            Downloaded: http://repo.maven.apache.org/maven2/org/apache/maven/shared/maven-common-artifact-filters/1.0/maven-common-artifact-filters-1.0.pom (2 KB at 13.3 KB/sec)
Downloading: http://repo.maven.apache.org/maven2/org/apache/maven/shared/maven-shared-components/8/maven-shared-components-8.pom
2/3 KB   3/3 KB   3/3 KB            Downloaded: http://repo.maven.apache.org/maven2/org/apache/maven/shared/maven-shared-components/8/maven-shared-components-8.pom (3 KB at 20.7 KB/sec)
Downloading: http://repo.maven.apache.org/maven2/org/apache/maven/maven-parent/7/maven-parent-7.pom
2/21 KB   3/21 KB   4/21 KB   6/21 KB   7/21 KB   9/21 KB   10/21 KB   11/21 KB   13/21 KB   14/21 KB   15/21 KB   16/21 KB   17/21 KB   19/21 KB   20/21 KB   21/21 KB              Downloaded: http://repo.maven.apache.org/maven2/org/apache/maven/maven-parent/7/maven-parent-7.pom (21 KB at 142.1 KB/sec)
Downloading: http://repo.maven.apache.org/maven2/org/apache/maven/shared/maven-plugin-testing-harness/1.1/maven-plugin-testing-harness-1.1.pom
2/7 KB     3/7 KB   4/7 KB   6/7 KB   7/7 KB            Downloaded: http://repo.maven.apache.org/maven2/org/apache/maven/shared/maven-plugin-testing-harness/1.1/maven-plugin-testing-harness-1.1.pom (7 KB at 43.6 KB/sec)
Downloading: http://repo.maven.apache.org/maven2/org/apache/maven/shared/maven-shared-components/7/maven-shared-components-7.pom
2/3 KB   3/3 KB            Downloaded: http://repo.maven.apache.org/maven2/org/apache/maven/shared/maven-shared-components/7/maven-shared-components-7.pom (3 KB at 20.5 KB/sec)
Downloading: http://repo.maven.apache.org/maven2/org/apache/maven/maven-core/2.0/maven-core-2.0.pom
2/6 KB   3/6 KB   4/6 KB   6/6 KB   6/6 KB            Downloaded: http://repo.maven.apache.org/maven2/org/apache/maven/maven-core/2.0/maven-core-2.0.pom (6 KB at 43.4 KB/sec)
Downloading: http://repo.maven.apache.org/maven2/org/apache/maven/maven-settings/2.0/maven-settings-2.0.pom
2/2 KB   2/2 KB            Downloaded: http://repo.maven.apache.org/maven2/org/apache/maven/maven-settings/2.0/maven-settings-2.0.pom (2 KB at 11.3 KB/sec)
Downloading: http://repo.maven.apache.org/maven2/org/apache/maven/maven-plugin-parameter-documenter/2.0/maven-plugin-parameter-documenter-2.0.pom
2/2 KB   2/2 KB            Downloaded: http://repo.maven.apache.org/maven2/org/apache/maven/maven-plugin-parameter-documenter/2.0/maven-plugin-parameter-documenter-2.0.pom (2 KB at 12.3 KB/sec)
Downloading: http://repo.maven.apache.org/maven2/org/apache/maven/reporting/maven-reporting-api/2.0/maven-reporting-api-2.0.pom
2/2 KB            Downloaded: http://repo.maven.apache.org/maven2/org/apache/maven/reporting/maven-reporting-api/2.0/maven-reporting-api-2.0.pom (2 KB at 9.1 KB/sec)
Downloading: http://repo.maven.apache.org/maven2/org/apache/maven/reporting/maven-reporting/2.0/maven-reporting-2.0.pom
504/504 B               Downloaded: http://repo.maven.apache.org/maven2/org/apache/maven/reporting/maven-reporting/2.0/maven-reporting-2.0.pom (504 B at 3.9 KB/sec)
Downloading: http://repo.maven.apache.org/maven2/doxia/doxia-sink-api/1.0-alpha-4/doxia-sink-api-1.0-alpha-4.pom
2/2 KB               Downloaded: http://repo.maven.apache.org/maven2/doxia/doxia-sink-api/1.0-alpha-4/doxia-sink-api-1.0-alpha-4.pom (2 KB at 8.8 KB/sec)
Downloading: http://repo.maven.apache.org/maven2/org/apache/maven/maven-error-diagnostics/2.0/maven-error-diagnostics-2.0.pom
812/812 B               Downloaded: http://repo.maven.apache.org/maven2/org/apache/maven/maven-error-diagnostics/2.0/maven-error-diagnostics-2.0.pom (812 B at 6.6 KB/sec)
Downloading: http://repo.maven.apache.org/maven2/org/apache/maven/maven-plugin-registry/2.0/maven-plugin-registry-2.0.pom
2/2 KB               Downloaded: http://repo.maven.apache.org/maven2/org/apache/maven/maven-plugin-registry/2.0/maven-plugin-registry-2.0.pom (2 KB at 9.7 KB/sec)
Downloading: http://repo.maven.apache.org/maven2/org/apache/maven/maven-plugin-descriptor/2.0/maven-plugin-descriptor-2.0.pom
2/2 KB   2/2 KB            Downloaded: http://repo.maven.apache.org/maven2/org/apache/maven/maven-plugin-descriptor/2.0/maven-plugin-descriptor-2.0.pom (2 KB at 12.0 KB/sec)
Downloading: http://repo.maven.apache.org/maven2/org/apache/maven/maven-monitor/2.0/maven-monitor-2.0.pom
400/400 B               Downloaded: http://repo.maven.apache.org/maven2/org/apache/maven/maven-monitor/2.0/maven-monitor-2.0.pom (400 B at 3.1 KB/sec)
Downloading: http://repo.maven.apache.org/maven2/org/codehaus/plexus/plexus-utils/1.4.2/plexus-utils-1.4.2.pom
2/2 KB      2/2 KB            Downloaded: http://repo.maven.apache.org/maven2/org/codehaus/plexus/plexus-utils/1.4.2/plexus-utils-1.4.2.pom (2 KB at 13.2 KB/sec)
Downloading: http://repo.maven.apache.org/maven2/org/codehaus/plexus/plexus-archiver/1.0-alpha-7/plexus-archiver-1.0-alpha-7.pom
2/2 KB            Downloaded: http://repo.maven.apache.org/maven2/org/codehaus/plexus/plexus-archiver/1.0-alpha-7/plexus-archiver-1.0-alpha-7.pom (2 KB at 8.4 KB/sec)
Downloading: http://repo.maven.apache.org/maven2/org/apache/maven/reporting/maven-reporting-impl/2.0.4/maven-reporting-impl-2.0.4.pom
2/2 KB   2/2 KB            Downloaded: http://repo.maven.apache.org/maven2/org/apache/maven/reporting/maven-reporting-impl/2.0.4/maven-reporting-impl-2.0.4.pom (2 KB at 14.0 KB/sec)
Downloading: http://repo.maven.apache.org/maven2/org/apache/maven/reporting/maven-reporting/2.0.4/maven-reporting-2.0.4.pom
700/700 B               Downloaded: http://repo.maven.apache.org/maven2/org/apache/maven/reporting/maven-reporting/2.0.4/maven-reporting-2.0.4.pom (700 B at 2.4 KB/sec)
Downloading: http://repo.maven.apache.org/maven2/org/apache/maven/maven/2.0.4/maven-2.0.4.pom
2/12 KB     3/12 KB   4/12 KB   6/12 KB   7/12 KB   9/12 KB   10/12 KB   11/12 KB   12/12 KB              Downloaded: http://repo.maven.apache.org/maven2/org/apache/maven/maven/2.0.4/maven-2.0.4.pom (12 KB at 77.3 KB/sec)
Downloading: http://repo.maven.apache.org/maven2/org/apache/maven/maven-project/2.0.4/maven-project-2.0.4.pom
2/2 KB     2/2 KB            Downloaded: http://repo.maven.apache.org/maven2/org/apache/maven/maven-project/2.0.4/maven-project-2.0.4.pom (2 KB at 15.0 KB/sec)
Downloading: http://repo.maven.apache.org/maven2/org/apache/maven/maven-settings/2.0.4/maven-settings-2.0.4.pom
2/2 KB   2/2 KB            Downloaded: http://repo.maven.apache.org/maven2/org/apache/maven/maven-settings/2.0.4/maven-settings-2.0.4.pom (2 KB at 13.1 KB/sec)
Downloading: http://repo.maven.apache.org/maven2/org/apache/maven/maven-model/2.0.4/maven-model-2.0.4.pom
2/3 KB   3/3 KB   3/3 KB            Downloaded: http://repo.maven.apache.org/maven2/org/apache/maven/maven-model/2.0.4/maven-model-2.0.4.pom (3 KB at 21.2 KB/sec)
Downloading: http://repo.maven.apache.org/maven2/org/apache/maven/maven-profile/2.0.4/maven-profile-2.0.4.pom
2/2 KB   2/2 KB            Downloaded: http://repo.maven.apache.org/maven2/org/apache/maven/maven-profile/2.0.4/maven-profile-2.0.4.pom (2 KB at 13.4 KB/sec)
Downloading: http://repo.maven.apache.org/maven2/org/apache/maven/maven-artifact-manager/2.0.4/maven-artifact-manager-2.0.4.pom
2/2 KB   2/2 KB            Downloaded: http://repo.maven.apache.org/maven2/org/apache/maven/maven-artifact-manager/2.0.4/maven-artifact-manager-2.0.4.pom (2 KB at 11.0 KB/sec)
Downloading: http://repo.maven.apache.org/maven2/org/apache/maven/maven-repository-metadata/2.0.4/maven-repository-metadata-2.0.4.pom
2/2 KB   2/2 KB            Downloaded: http://repo.maven.apache.org/maven2/org/apache/maven/maven-repository-metadata/2.0.4/maven-repository-metadata-2.0.4.pom (2 KB at 12.0 KB/sec)
Downloading: http://repo.maven.apache.org/maven2/org/apache/maven/maven-artifact/2.0.4/maven-artifact-2.0.4.pom
765/765 B               Downloaded: http://repo.maven.apache.org/maven2/org/apache/maven/maven-artifact/2.0.4/maven-artifact-2.0.4.pom (765 B at 6.0 KB/sec)
Downloading: http://repo.maven.apache.org/maven2/commons-validator/commons-validator/1.2.0/commons-validator-1.2.0.pom
2/9 KB      3/9 KB   4/9 KB   6/9 KB   7/9 KB   9/9 KB   9/9 KB            Downloaded: http://repo.maven.apache.org/maven2/commons-validator/commons-validator/1.2.0/commons-validator-1.2.0.pom (9 KB at 67.7 KB/sec)
Downloading: http://repo.maven.apache.org/maven2/commons-beanutils/commons-beanutils/1.7.0/commons-beanutils-1.7.0.pom
357/357 B               Downloaded: http://repo.maven.apache.org/maven2/commons-beanutils/commons-beanutils/1.7.0/commons-beanutils-1.7.0.pom (357 B at 1.9 KB/sec)
Downloading: http://repo.maven.apache.org/maven2/commons-logging/commons-logging/1.0.3/commons-logging-1.0.3.pom
866/866 B               Downloaded: http://repo.maven.apache.org/maven2/commons-logging/commons-logging/1.0.3/commons-logging-1.0.3.pom (866 B at 6.7 KB/sec)
Downloading: http://repo.maven.apache.org/maven2/commons-digester/commons-digester/1.6/commons-digester-1.6.pom
974/974 B               Downloaded: http://repo.maven.apache.org/maven2/commons-digester/commons-digester/1.6/commons-digester-1.6.pom (974 B at 6.3 KB/sec)
Downloading: http://repo.maven.apache.org/maven2/commons-beanutils/commons-beanutils/1.6/commons-beanutils-1.6.pom
2/3 KB      3/3 KB            Downloaded: http://repo.maven.apache.org/maven2/commons-beanutils/commons-beanutils/1.6/commons-beanutils-1.6.pom (3 KB at 12.3 KB/sec)
Downloading: http://repo.maven.apache.org/maven2/commons-logging/commons-logging/1.0/commons-logging-1.0.pom
163/163 B               Downloaded: http://repo.maven.apache.org/maven2/commons-logging/commons-logging/1.0/commons-logging-1.0.pom (163 B at 1.3 KB/sec)
Downloading: http://repo.maven.apache.org/maven2/commons-collections/commons-collections/2.0/commons-collections-2.0.pom
171/171 B               Downloaded: http://repo.maven.apache.org/maven2/commons-collections/commons-collections/2.0/commons-collections-2.0.pom (171 B at 1.0 KB/sec)
Downloading: http://repo.maven.apache.org/maven2/commons-collections/commons-collections/2.1/commons-collections-2.1.pom
2/4 KB      3/4 KB   4/4 KB            Downloaded: http://repo.maven.apache.org/maven2/commons-collections/commons-collections/2.1/commons-collections-2.1.pom (4 KB at 25.5 KB/sec)
Downloading: http://repo.maven.apache.org/maven2/xml-apis/xml-apis/1.0.b2/xml-apis-1.0.b2.pom
2/3 KB   3/3 KB            Downloaded: http://repo.maven.apache.org/maven2/xml-apis/xml-apis/1.0.b2/xml-apis-1.0.b2.pom (3 KB at 18.3 KB/sec)
Downloading: http://repo.maven.apache.org/maven2/commons-logging/commons-logging/1.0.4/commons-logging-1.0.4.pom
2/6 KB   3/6 KB   4/6 KB   6/6 KB            Downloaded: http://repo.maven.apache.org/maven2/commons-logging/commons-logging/1.0.4/commons-logging-1.0.4.pom (6 KB at 41.1 KB/sec)
Downloading: http://repo.maven.apache.org/maven2/oro/oro/2.0.8/oro-2.0.8.pom
140/140 B               Downloaded: http://repo.maven.apache.org/maven2/oro/oro/2.0.8/oro-2.0.8.pom (140 B at 1.2 KB/sec)
Downloading: http://repo.maven.apache.org/maven2/xml-apis/xml-apis/2.0.2/xml-apis-2.0.2.pom
346/346 B               Downloaded: http://repo.maven.apache.org/maven2/xml-apis/xml-apis/2.0.2/xml-apis-2.0.2.pom (346 B at 2.3 KB/sec)
Downloading: http://repo.maven.apache.org/maven2/org/apache/maven/doxia/doxia-core/1.0-alpha-7/doxia-core-1.0-alpha-7.pom
2/2 KB      2/2 KB            Downloaded: http://repo.maven.apache.org/maven2/org/apache/maven/doxia/doxia-core/1.0-alpha-7/doxia-core-1.0-alpha-7.pom (2 KB at 11.0 KB/sec)
Downloading: http://repo.maven.apache.org/maven2/oro/oro/2.0.7/oro-2.0.7.pom
141/141 B               Downloaded: http://repo.maven.apache.org/maven2/oro/oro/2.0.7/oro-2.0.7.pom (141 B at 1.2 KB/sec)
Downloading: http://repo.maven.apache.org/maven2/org/apache/maven/maven-plugin-api/2.0.4/maven-plugin-api-2.0.4.pom
643/643 B               Downloaded: http://repo.maven.apache.org/maven2/org/apache/maven/maven-plugin-api/2.0.4/maven-plugin-api-2.0.4.pom (643 B at 5.1 KB/sec)
Downloading: http://repo.maven.apache.org/maven2/org/apache/maven/reporting/maven-reporting-api/2.0.4/maven-reporting-api-2.0.4.pom
902/902 B               Downloaded: http://repo.maven.apache.org/maven2/org/apache/maven/reporting/maven-reporting-api/2.0.4/maven-reporting-api-2.0.4.pom (902 B at 4.6 KB/sec)
Downloading: http://repo.maven.apache.org/maven2/org/apache/maven/doxia/doxia-site-renderer/1.0-alpha-7/doxia-site-renderer-1.0-alpha-7.pom
2/2 KB               Downloaded: http://repo.maven.apache.org/maven2/org/apache/maven/doxia/doxia-site-renderer/1.0-alpha-7/doxia-site-renderer-1.0-alpha-7.pom (2 KB at 10.2 KB/sec)
Downloading: http://repo.maven.apache.org/maven2/org/codehaus/plexus/plexus-i18n/1.0-beta-6/plexus-i18n-1.0-beta-6.pom
771/771 B               Downloaded: http://repo.maven.apache.org/maven2/org/codehaus/plexus/plexus-i18n/1.0-beta-6/plexus-i18n-1.0-beta-6.pom (771 B at 5.6 KB/sec)
Downloading: http://repo.maven.apache.org/maven2/org/codehaus/plexus/plexus-components/1.1.4/plexus-components-1.1.4.pom
2/3 KB      3/3 KB            Downloaded: http://repo.maven.apache.org/maven2/org/codehaus/plexus/plexus-components/1.1.4/plexus-components-1.1.4.pom (3 KB at 16.7 KB/sec)
Downloading: http://repo.maven.apache.org/maven2/org/codehaus/plexus/plexus-velocity/1.1.2/plexus-velocity-1.1.2.pom
2/8 KB   3/8 KB   4/8 KB   6/8 KB   7/8 KB   8/8 KB            Downloaded: http://repo.maven.apache.org/maven2/org/codehaus/plexus/plexus-velocity/1.1.2/plexus-velocity-1.1.2.pom (8 KB at 57.1 KB/sec)
Downloading: http://repo.maven.apache.org/maven2/org/codehaus/plexus/plexus-container-default/1.0-alpha-7/plexus-container-default-1.0-alpha-7.pom
2/2 KB   2/2 KB            Downloaded: http://repo.maven.apache.org/maven2/org/codehaus/plexus/plexus-container-default/1.0-alpha-7/plexus-container-default-1.0-alpha-7.pom (2 KB at 7.6 KB/sec)
Downloading: http://repo.maven.apache.org/maven2/plexus/plexus-containers/1.0.2/plexus-containers-1.0.2.pom
471/471 B               Downloaded: http://repo.maven.apache.org/maven2/plexus/plexus-containers/1.0.2/plexus-containers-1.0.2.pom (471 B at 3.9 KB/sec)
Downloading: http://repo.maven.apache.org/maven2/plexus/plexus-root/1.0.3/plexus-root-1.0.3.pom
2/6 KB      3/6 KB   4/6 KB   6/6 KB   6/6 KB            Downloaded: http://repo.maven.apache.org/maven2/plexus/plexus-root/1.0.3/plexus-root-1.0.3.pom (6 KB at 40.8 KB/sec)
Downloading: http://repo.maven.apache.org/maven2/plexus/plexus-utils/1.0.2/plexus-utils-1.0.2.pom
740/740 B               Downloaded: http://repo.maven.apache.org/maven2/plexus/plexus-utils/1.0.2/plexus-utils-1.0.2.pom (740 B at 4.8 KB/sec)
Downloading: http://repo.maven.apache.org/maven2/commons-logging/commons-logging-api/1.0.4/commons-logging-api-1.0.4.pom
168/168 B               Downloaded: http://repo.maven.apache.org/maven2/commons-logging/commons-logging-api/1.0.4/commons-logging-api-1.0.4.pom (168 B at 1.1 KB/sec)
Downloading: http://repo.maven.apache.org/maven2/velocity/velocity/1.4/velocity-1.4.pom
2/3 KB      3/3 KB            Downloaded: http://repo.maven.apache.org/maven2/velocity/velocity/1.4/velocity-1.4.pom (3 KB at 13.4 KB/sec)
Downloading: http://repo.maven.apache.org/maven2/velocity/velocity-dep/1.4/velocity-dep-1.4.pom
2/2 KB   2/2 KB            Downloaded: http://repo.maven.apache.org/maven2/velocity/velocity-dep/1.4/velocity-dep-1.4.pom (2 KB at 11.9 KB/sec)
Downloading: http://repo.maven.apache.org/maven2/org/apache/maven/doxia/doxia-decoration-model/1.0-alpha-7/doxia-decoration-model-1.0-alpha-7.pom
2/2 KB   2/2 KB            Downloaded: http://repo.maven.apache.org/maven2/org/apache/maven/doxia/doxia-decoration-model/1.0-alpha-7/doxia-decoration-model-1.0-alpha-7.pom (2 KB at 10.6 KB/sec)
Downloading: http://repo.maven.apache.org/maven2/org/codehaus/plexus/plexus-utils/1.4.6/plexus-utils-1.4.6.jar
Downloading: http://repo.maven.apache.org/maven2/org/apache/maven/shared/file-management/1.1/file-management-1.1.jar
Downloading: http://repo.maven.apache.org/maven2/org/apache/maven/shared/maven-shared-io/1.0/maven-shared-io-1.0.jar
Downloading: http://repo.maven.apache.org/maven2/org/apache/maven/shared/maven-dependency-analyzer/1.1/maven-dependency-analyzer-1.1.jar
Downloading: http://repo.maven.apache.org/maven2/asm/asm/3.0/asm-3.0.jar
2/200 KB   3/200 KB   4/200 KB   6/200 KB   7/200 KB   9/200 KB   10/200 KB   11/200 KB   13/200 KB   14/200 KB   15/200 KB   16/200 KB   17/200 KB   19/200 KB   20/200 KB   21/200 KB   23/200 KB   24/200 KB   26/200 KB   27/200 KB   28/200 KB   30/200 KB   30/200 KB   32/200 KB   33/200 KB   34/200 KB   36/200 KB   37/200 KB   38/200 KB   40/200 KB   41/200 KB   43/200 KB   44/200 KB   45/200 KB   47/200 KB   48/200 KB   49/200 KB   50/200 KB   52/200 KB   53/200 KB   54/200 KB   56/200 KB   57/200 KB   58/200 KB   60/200 KB   61/200 KB   63/200 KB   64/200 KB   65/200 KB   67/200 KB   68/200 KB   69/200 KB   70/200 KB   72/200 KB   73/200 KB   74/200 KB   76/200 KB   77/200 KB   78/200 KB   80/200 KB   81/200 KB   83/200 KB   84/200 KB   85/200 KB   87/200 KB   88/200 KB   89/200 KB   91/200 KB   92/200 KB   94/200 KB   94/200 KB   96/200 KB   97/200 KB   99/200 KB   100/200 KB   101/200 KB   103/200 KB   104/200 KB   105/200 KB   107/200 KB   108/200 KB   110/200 KB   111/200 KB   112/200 KB   114/200 KB   115/200 KB   116/200 KB   118/200 KB   2/33 KB   118/200 KB   3/33 KB   118/200 KB   4/33 KB   118/200 KB   6/33 KB   118/200 KB   7/33 KB   118/200 KB   9/33 KB   118/200 KB   10/33 KB   118/200 KB   11/33 KB   118/200 KB   13/33 KB   118/200 KB   14/33 KB   118/200 KB   14/33 KB   118/200 KB   2/27 KB   14/33 KB   118/200 KB   3/27 KB   14/33 KB   118/200 KB   4/27 KB   14/33 KB   118/200 KB   6/27 KB   14/33 KB   118/200 KB   7/27 KB   14/33 KB   118/200 KB   9/27 KB   14/33 KB   118/200 KB   10/27 KB   14/33 KB   118/200 KB   11/27 KB   14/33 KB   118/200 KB   13/27 KB   14/33 KB   118/200 KB   14/27 KB   14/33 KB   2/31 KB   118/200 KB   14/27 KB   14/33 KB   3/31 KB   118/200 KB   14/27 KB   14/33 KB   4/31 KB   118/200 KB   14/27 KB   14/33 KB   6/31 KB   118/200 KB   14/27 KB   14/33 KB   7/31 KB   118/200 KB   14/27 KB   14/33 KB   9/31 KB   118/200 KB   14/27 KB   14/33 KB   10/31 KB   118/200 KB   14/27 KB   14/33 KB   11/31 KB   118/200 KB   14/27 KB   14/33 KB   13/31 KB   118/200 KB   14/27 KB   14/33 KB   14/31 KB   118/200 KB   14/27 KB   14/33 KB   14/31 KB   119/200 KB   14/27 KB   14/33 KB   14/31 KB   121/200 KB   14/27 KB   14/33 KB   14/31 KB   122/200 KB   14/27 KB   14/33 KB   14/31 KB   123/200 KB   14/27 KB   14/33 KB   14/31 KB   125/200 KB   14/27 KB   14/33 KB   14/31 KB   126/200 KB   14/27 KB   14/33 KB   14/31 KB   127/200 KB   14/27 KB   14/33 KB   14/31 KB   129/200 KB   14/27 KB   14/33 KB   14/31 KB   130/200 KB   14/27 KB   14/33 KB   14/31 KB   132/200 KB   14/27 KB   14/33 KB   14/31 KB   133/200 KB   14/27 KB   14/33 KB   14/31 KB   134/200 KB   14/27 KB   14/33 KB   14/31 KB   136/200 KB   14/27 KB   14/33 KB   14/31 KB   137/200 KB   14/27 KB   14/33 KB   14/31 KB   139/200 KB   14/27 KB   14/33 KB   14/31 KB   140/200 KB   14/27 KB   14/33 KB   14/31 KB   141/200 KB   14/27 KB   2/42 KB   14/33 KB   14/31 KB   141/200 KB   14/27 KB   3/42 KB   14/33 KB   14/31 KB   141/200 KB   14/27 KB   4/42 KB   14/33 KB   14/31 KB   141/200 KB   14/27 KB   6/42 KB   14/33 KB   14/31 KB   141/200 KB   14/27 KB   7/42 KB   14/33 KB   14/31 KB   141/200 KB   14/27 KB   9/42 KB   14/33 KB   14/31 KB   141/200 KB   14/27 KB   10/42 KB   14/33 KB   14/31 KB   141/200 KB   14/27 KB   11/42 KB   14/33 KB   14/31 KB   141/200 KB   14/27 KB   13/42 KB   14/33 KB   14/31 KB   141/200 KB   14/27 KB   14/42 KB   14/33 KB   14/31 KB   141/200 KB   14/27 KB   14/42 KB   14/33 KB   14/31 KB   143/200 KB   14/27 KB   14/42 KB   14/33 KB   14/31 KB   144/200 KB   14/27 KB   14/42 KB   14/33 KB   14/31 KB   145/200 KB   14/27 KB   14/42 KB   14/33 KB   14/31 KB   147/200 KB   14/27 KB   14/42 KB   14/33 KB   14/31 KB   148/200 KB   14/27 KB   14/42 KB   14/33 KB   14/31 KB   150/200 KB   14/27 KB   14/42 KB   14/33 KB   14/31 KB   151/200 KB   14/27 KB   14/42 KB   14/33 KB   14/31 KB   152/200 KB   14/27 KB   14/42 KB   14/33 KB   14/31 KB   154/200 KB   14/27 KB   14/42 KB   14/33 KB   14/31 KB   155/200 KB   14/27 KB   14/42 KB   14/33 KB   14/31 KB   156/200 KB   14/27 KB   14/42 KB   14/33 KB   14/31 KB   158/200 KB   14/27 KB   14/42 KB   14/33 KB   14/31 KB   159/200 KB   14/27 KB   14/42 KB   14/33 KB   14/31 KB   161/200 KB   14/27 KB   14/42 KB   14/33 KB   14/31 KB   162/200 KB   14/27 KB   14/42 KB   14/33 KB   14/31 KB   163/200 KB   14/27 KB   14/42 KB   14/33 KB   14/31 KB   165/200 KB   14/27 KB   14/42 KB   14/33 KB   14/31 KB   166/200 KB   14/27 KB   14/42 KB   14/33 KB   14/31 KB   167/200 KB   14/27 KB   14/42 KB   14/33 KB   14/31 KB   169/200 KB   14/27 KB   14/42 KB   14/33 KB   14/31 KB   170/200 KB   14/27 KB   14/42 KB   14/33 KB   14/31 KB   172/200 KB   14/27 KB   14/42 KB   14/33 KB   14/31 KB   173/200 KB   14/27 KB   14/42 KB   14/33 KB   14/31 KB   174/200 KB   14/27 KB   14/42 KB   14/33 KB   14/31 KB   176/200 KB   14/27 KB   14/42 KB   14/33 KB   14/31 KB   177/200 KB   14/27 KB   14/42 KB   14/33 KB   14/31 KB   178/200 KB   14/27 KB   14/42 KB   14/33 KB   14/31 KB   180/200 KB   14/27 KB   14/42 KB   14/33 KB   14/31 KB   181/200 KB   14/27 KB   14/42 KB   14/33 KB   14/31 KB   183/200 KB   14/27 KB   14/42 KB   14/33 KB   14/31 KB   184/200 KB   14/27 KB   14/42 KB   14/33 KB   14/31 KB   185/200 KB   14/27 KB   14/42 KB   14/33 KB   14/31 KB   187/200 KB   14/27 KB   14/42 KB   14/33 KB   14/31 KB   188/200 KB   14/27 KB   14/42 KB   14/33 KB   14/31 KB   190/200 KB   14/27 KB   14/42 KB   14/33 KB   14/31 KB   191/200 KB   14/27 KB   14/42 KB   14/33 KB   14/31 KB   192/200 KB   14/27 KB   14/42 KB   14/33 KB   14/31 KB   194/200 KB   14/27 KB   14/42 KB   14/33 KB   14/31 KB   195/200 KB   14/27 KB   14/42 KB   14/33 KB   14/31 KB   196/200 KB   14/27 KB   14/42 KB   14/33 KB   14/31 KB   198/200 KB   14/27 KB   14/42 KB   14/33 KB   14/31 KB   199/200 KB   14/27 KB   14/42 KB   14/33 KB   14/31 KB   200/200 KB   14/27 KB   14/42 KB   15/33 KB   14/31 KB   200/200 KB   14/27 KB   14/42 KB   17/33 KB   14/31 KB   200/200 KB   14/27 KB   14/42 KB   18/33 KB   14/31 KB   200/200 KB   14/27 KB   14/42 KB   20/33 KB   14/31 KB   200/200 KB   14/27 KB   14/42 KB   21/33 KB   14/31 KB   200/200 KB   14/27 KB   14/42 KB   22/33 KB   14/31 KB   200/200 KB   14/27 KB   14/42 KB   24/33 KB   14/31 KB   200/200 KB   14/27 KB   14/42 KB   25/33 KB   14/31 KB   200/200 KB   14/27 KB   14/42 KB   26/33 KB   14/31 KB   200/200 KB   14/27 KB   14/42 KB   28/33 KB   14/31 KB   200/200 KB   14/27 KB   14/42 KB   29/33 KB   14/31 KB   200/200 KB   14/27 KB   14/42 KB   31/33 KB   14/31 KB   200/200 KB   14/27 KB   14/42 KB   32/33 KB   14/31 KB   200/200 KB   14/27 KB   14/42 KB   33/33 KB   14/31 KB   200/200 KB   14/27 KB   14/42 KB   33/33 KB   14/31 KB   200/200 KB   15/27 KB   14/42 KB   33/33 KB   14/31 KB   200/200 KB   17/27 KB   14/42 KB   33/33 KB   14/31 KB   200/200 KB   18/27 KB   14/42 KB   33/33 KB   14/31 KB   200/200 KB   20/27 KB   14/42 KB   33/33 KB   14/31 KB   200/200 KB   21/27 KB   14/42 KB   33/33 KB   14/31 KB   200/200 KB   22/27 KB   14/42 KB   33/33 KB   14/31 KB   200/200 KB   24/27 KB   14/42 KB   33/33 KB   14/31 KB   200/200 KB   25/27 KB   14/42 KB   33/33 KB   14/31 KB   200/200 KB   26/27 KB   14/42 KB   33/33 KB   14/31 KB   200/200 KB   27/27 KB   14/42 KB   33/33 KB   15/31 KB   200/200 KB   27/27 KB   14/42 KB   33/33 KB   17/31 KB   200/200 KB   27/27 KB   14/42 KB   33/33 KB   18/31 KB   200/200 KB   27/27 KB   14/42 KB   33/33 KB   20/31 KB   200/200 KB   27/27 KB   14/42 KB   33/33 KB   21/31 KB   200/200 KB   27/27 KB   14/42 KB   33/33 KB   22/31 KB   200/200 KB   27/27 KB   14/42 KB   33/33 KB   24/31 KB   200/200 KB   27/27 KB   14/42 KB   33/33 KB   25/31 KB   200/200 KB   27/27 KB   14/42 KB   33/33 KB   26/31 KB   200/200 KB   27/27 KB   14/42 KB   33/33 KB   28/31 KB   200/200 KB   27/27 KB   14/42 KB   33/33 KB   29/31 KB   200/200 KB   27/27 KB   14/42 KB   33/33 KB   31/31 KB   200/200 KB   27/27 KB   14/42 KB   33/33 KB   31/31 KB   200/200 KB   27/27 KB   15/42 KB   33/33 KB   31/31 KB   200/200 KB   27/27 KB   17/42 KB   33/33 KB   31/31 KB   200/200 KB   27/27 KB   18/42 KB   33/33 KB   31/31 KB   200/200 KB   27/27 KB   20/42 KB   33/33 KB   31/31 KB   200/200 KB   27/27 KB   21/42 KB   33/33 KB   31/31 KB   200/200 KB   27/27 KB   22/42 KB   33/33 KB   31/31 KB   200/200 KB   27/27 KB   24/42 KB   33/33 KB   31/31 KB   200/200 KB   27/27 KB                                                            Downloaded: http://repo.maven.apache.org/maven2/org/codehaus/plexus/plexus-utils/1.4.6/plexus-utils-1.4.6.jar (200 KB at 386.4 KB/sec)
Downloading: http://repo.maven.apache.org/maven2/org/apache/maven/shared/maven-dependency-tree/1.2/maven-dependency-tree-1.2.jar
                                                         Downloaded: http://repo.maven.apache.org/maven2/org/apache/maven/shared/maven-shared-io/1.0/maven-shared-io-1.0.jar (33 KB at 63.2 KB/sec)
Downloading: http://repo.maven.apache.org/maven2/org/apache/maven/shared/maven-common-artifact-filters/1.0/maven-common-artifact-filters-1.0.jar
                                                         Downloaded: http://repo.maven.apache.org/maven2/org/apache/maven/shared/maven-dependency-analyzer/1.1/maven-dependency-analyzer-1.1.jar (27 KB at 49.6 KB/sec)
Downloading: http://repo.maven.apache.org/maven2/org/apache/maven/shared/maven-plugin-testing-harness/1.1/maven-plugin-testing-harness-1.1.jar
                                                         Downloaded: http://repo.maven.apache.org/maven2/org/apache/maven/shared/file-management/1.1/file-management-1.1.jar (31 KB at 54.5 KB/sec)
Downloading: http://repo.maven.apache.org/maven2/org/apache/maven/reporting/maven-reporting-impl/2.0.4/maven-reporting-impl-2.0.4.jar
25/42 KB                                                 26/42 KB   28/42 KB   29/42 KB   31/42 KB   32/42 KB   33/42 KB   33/42 KB   2/34 KB   33/42 KB   3/34 KB   33/42 KB   4/34 KB   33/42 KB   6/34 KB   33/42 KB   7/34 KB   33/42 KB   9/34 KB   33/42 KB   10/34 KB   33/42 KB   11/34 KB   33/42 KB   13/34 KB   33/42 KB   14/34 KB   33/42 KB   15/34 KB   33/42 KB   16/34 KB   33/42 KB   17/34 KB   33/42 KB   19/34 KB   33/42 KB   20/34 KB   33/42 KB   21/34 KB   33/42 KB   23/34 KB   33/42 KB   23/34 KB   2/27 KB   33/42 KB   23/34 KB   3/27 KB   33/42 KB   23/34 KB   4/27 KB   33/42 KB   23/34 KB   6/27 KB   33/42 KB   23/34 KB   7/27 KB   33/42 KB   23/34 KB   9/27 KB   33/42 KB   23/34 KB   10/27 KB   33/42 KB   23/34 KB   11/27 KB   33/42 KB   23/34 KB   13/27 KB   33/42 KB   23/34 KB   14/27 KB   33/42 KB   23/34 KB   15/27 KB   33/42 KB   23/34 KB   16/27 KB   33/42 KB   23/34 KB   17/27 KB   33/42 KB   23/34 KB   19/27 KB   33/42 KB   23/34 KB   20/27 KB   33/42 KB   23/34 KB   21/27 KB   33/42 KB   23/34 KB   23/27 KB   33/42 KB   23/34 KB   24/27 KB   33/42 KB   23/34 KB   26/27 KB   33/42 KB   23/34 KB   27/27 KB   2/32 KB   33/42 KB   23/34 KB   27/27 KB   3/32 KB   33/42 KB   23/34 KB   27/27 KB   4/32 KB   33/42 KB   23/34 KB   27/27 KB   6/32 KB   33/42 KB   23/34 KB   27/27 KB   7/32 KB   33/42 KB   23/34 KB   27/27 KB   9/32 KB   33/42 KB   23/34 KB   27/27 KB   10/32 KB   33/42 KB   23/34 KB   27/27 KB   11/32 KB   33/42 KB   23/34 KB   27/27 KB   13/32 KB   33/42 KB   23/34 KB   27/27 KB   14/32 KB   33/42 KB   23/34 KB   27/27 KB   15/32 KB   33/42 KB   23/34 KB   27/27 KB   16/32 KB   33/42 KB   23/34 KB   27/27 KB   17/32 KB   33/42 KB   23/34 KB   27/27 KB   19/32 KB   33/42 KB   23/34 KB   27/27 KB   20/32 KB   33/42 KB   23/34 KB   27/27 KB   21/32 KB   33/42 KB   23/34 KB   27/27 KB   21/32 KB   35/42 KB   23/34 KB   27/27 KB   21/32 KB   36/42 KB   23/34 KB   27/27 KB   21/32 KB   38/42 KB   23/34 KB   27/27 KB   21/32 KB   39/42 KB   23/34 KB   27/27 KB   21/32 KB   40/42 KB   23/34 KB   27/27 KB   21/32 KB   42/42 KB   23/34 KB   27/27 KB   21/32 KB   42/42 KB   23/34 KB   27/27 KB   21/32 KB   42/42 KB   24/34 KB   27/27 KB   21/32 KB   42/42 KB   26/34 KB   27/27 KB   21/32 KB   42/42 KB   27/34 KB   27/27 KB   21/32 KB   42/42 KB   28/34 KB   27/27 KB   21/32 KB   42/42 KB   30/34 KB   27/27 KB   21/32 KB   42/42 KB   31/34 KB   27/27 KB   21/32 KB   42/42 KB   32/34 KB   27/27 KB   21/32 KB   42/42 KB   34/34 KB   27/27 KB   21/32 KB   42/42 KB   34/34 KB   27/27 KB   21/32 KB   42/42 KB   34/34 KB   27/27 KB   2/14 KB   21/32 KB   42/42 KB   34/34 KB   27/27 KB   3/14 KB   21/32 KB   42/42 KB   34/34 KB   27/27 KB   4/14 KB   21/32 KB   42/42 KB   34/34 KB   27/27 KB   6/14 KB   21/32 KB   42/42 KB   34/34 KB   27/27 KB   7/14 KB   21/32 KB   42/42 KB   34/34 KB   27/27 KB   9/14 KB   21/32 KB   42/42 KB   34/34 KB   27/27 KB   10/14 KB   21/32 KB   42/42 KB   34/34 KB   27/27 KB   11/14 KB   21/32 KB   42/42 KB   34/34 KB   27/27 KB   13/14 KB   21/32 KB   42/42 KB   34/34 KB   27/27 KB   14/14 KB   23/32 KB   42/42 KB   34/34 KB   27/27 KB   14/14 KB   24/32 KB   42/42 KB   34/34 KB   27/27 KB   14/14 KB   26/32 KB   42/42 KB   34/34 KB   27/27 KB   14/14 KB   27/32 KB   42/42 KB   34/34 KB   27/27 KB   14/14 KB   28/32 KB   42/42 KB   34/34 KB   27/27 KB   14/14 KB   30/32 KB   42/42 KB   34/34 KB   27/27 KB   14/14 KB   31/32 KB   42/42 KB   34/34 KB   27/27 KB   14/14 KB   32/32 KB   42/42 KB   34/34 KB   27/27 KB   14/14 KB                                                          Downloaded: http://repo.maven.apache.org/maven2/org/apache/maven/shared/maven-common-artifact-filters/1.0/maven-common-artifact-filters-1.0.jar (27 KB at 116.7 KB/sec)
Downloading: http://repo.maven.apache.org/maven2/commons-validator/commons-validator/1.2.0/commons-validator-1.2.0.jar
                                                       Downloaded: http://repo.maven.apache.org/maven2/asm/asm/3.0/asm-3.0.jar (42 KB at 54.7 KB/sec)
Downloading: http://repo.maven.apache.org/maven2/commons-beanutils/commons-beanutils/1.7.0/commons-beanutils-1.7.0.jar
                                                       Downloaded: http://repo.maven.apache.org/maven2/org/apache/maven/shared/maven-dependency-tree/1.2/maven-dependency-tree-1.2.jar (34 KB at 133.4 KB/sec)
Downloading: http://repo.maven.apache.org/maven2/commons-digester/commons-digester/1.6/commons-digester-1.6.jar
                                                       Downloaded: http://repo.maven.apache.org/maven2/org/apache/maven/reporting/maven-reporting-impl/2.0.4/maven-reporting-impl-2.0.4.jar (14 KB at 58.2 KB/sec)
Downloading: http://repo.maven.apache.org/maven2/commons-collections/commons-collections/2.1/commons-collections-2.1.jar
                                                       Downloaded: http://repo.maven.apache.org/maven2/org/apache/maven/shared/maven-plugin-testing-harness/1.1/maven-plugin-testing-harness-1.1.jar (32 KB at 115.4 KB/sec)
Downloading: http://repo.maven.apache.org/maven2/commons-logging/commons-logging/1.0.4/commons-logging-1.0.4.jar
2/185 KB                                               3/185 KB   4/185 KB   5/185 KB   6/185 KB   6/185 KB   7/185 KB   9/185 KB   10/185 KB   10/185 KB   3/89 KB   10/185 KB   4/89 KB   10/185 KB   6/89 KB   10/185 KB   7/89 KB   10/185 KB   9/89 KB   10/185 KB   10/89 KB   10/185 KB   11/89 KB   10/185 KB   13/89 KB   10/185 KB   14/89 KB   10/185 KB   15/89 KB   10/185 KB   16/89 KB   10/185 KB   17/89 KB   10/185 KB   19/89 KB   10/185 KB   20/89 KB   10/185 KB   21/89 KB   10/185 KB   23/89 KB   10/185 KB   24/89 KB   10/185 KB   26/89 KB   10/185 KB   27/89 KB   10/185 KB   28/89 KB   10/185 KB   30/89 KB   10/185 KB   31/89 KB   10/185 KB   32/89 KB   10/185 KB   33/89 KB   10/185 KB   34/89 KB   10/185 KB   36/89 KB   10/185 KB   37/89 KB   10/185 KB   39/89 KB   10/185 KB   40/89 KB   10/185 KB   41/89 KB   10/185 KB   43/89 KB   10/185 KB   44/89 KB   10/185 KB   45/89 KB   10/185 KB   47/89 KB   10/185 KB   48/89 KB   10/185 KB   49/89 KB   10/185 KB   50/89 KB   10/185 KB   52/89 KB   10/185 KB   53/89 KB   10/185 KB   53/89 KB   10/185 KB   54/89 KB   10/185 KB   56/89 KB   10/185 KB   57/89 KB   10/185 KB   59/89 KB   10/185 KB   60/89 KB   10/185 KB   61/89 KB   10/185 KB   63/89 KB   10/185 KB   64/89 KB   10/185 KB   65/89 KB   10/185 KB   67/89 KB   10/185 KB   68/89 KB   10/185 KB   70/89 KB   10/185 KB   70/89 KB   10/185 KB   72/89 KB   10/185 KB   73/89 KB   10/185 KB   74/89 KB   10/185 KB   76/89 KB   10/185 KB   77/89 KB   10/185 KB   78/89 KB   10/185 KB   80/89 KB   10/185 KB   81/89 KB   10/185 KB   83/89 KB   10/185 KB   84/89 KB   10/185 KB   85/89 KB   10/185 KB   87/89 KB   10/185 KB   88/89 KB   10/185 KB   89/89 KB   10/185 KB   2/165 KB   89/89 KB   10/185 KB   3/165 KB   89/89 KB   10/185 KB   4/165 KB   89/89 KB   10/185 KB   6/165 KB   89/89 KB   10/185 KB   7/165 KB   89/89 KB   10/185 KB   9/165 KB   89/89 KB   10/185 KB   10/165 KB   89/89 KB   10/185 KB   11/165 KB   89/89 KB   10/185 KB   13/165 KB   89/89 KB   10/185 KB   14/165 KB   89/89 KB   10/185 KB   15/165 KB   89/89 KB   10/185 KB   16/165 KB   89/89 KB   10/185 KB   17/165 KB   89/89 KB   10/185 KB   19/165 KB   89/89 KB   10/185 KB   20/165 KB   89/89 KB   10/185 KB   21/165 KB   89/89 KB   10/185 KB   23/165 KB   89/89 KB   10/185 KB   24/165 KB   89/89 KB   10/185 KB   26/165 KB   89/89 KB   10/185 KB   27/165 KB   89/89 KB   10/185 KB   28/165 KB   89/89 KB   10/185 KB   30/165 KB   89/89 KB   10/185 KB   30/165 KB   89/89 KB   2/162 KB   10/185 KB   30/165 KB   89/89 KB   3/162 KB   10/185 KB   30/165 KB   89/89 KB   4/162 KB   10/185 KB   30/165 KB   89/89 KB   6/162 KB   10/185 KB   30/165 KB   89/89 KB   7/162 KB   10/185 KB   30/165 KB   89/89 KB   9/162 KB   10/185 KB   30/165 KB   89/89 KB   10/162 KB   10/185 KB   30/165 KB   89/89 KB   11/162 KB   10/185 KB   30/165 KB   89/89 KB   13/162 KB   10/185 KB   30/165 KB   89/89 KB   14/162 KB   10/185 KB   30/165 KB   89/89 KB   15/162 KB   10/185 KB   30/165 KB   89/89 KB   16/162 KB   10/185 KB   30/165 KB   89/89 KB   17/162 KB   10/185 KB   30/165 KB   89/89 KB   19/162 KB   10/185 KB   30/165 KB   89/89 KB   20/162 KB   10/185 KB   30/165 KB   89/89 KB   21/162 KB   10/185 KB   30/165 KB   89/89 KB   23/162 KB   10/185 KB   30/165 KB   2/38 KB   89/89 KB   23/162 KB   10/185 KB   30/165 KB   3/38 KB   89/89 KB   23/162 KB   10/185 KB   30/165 KB   4/38 KB   89/89 KB   23/162 KB   10/185 KB   30/165 KB   6/38 KB   89/89 KB   23/162 KB   10/185 KB   30/165 KB   7/38 KB   89/89 KB   23/162 KB   10/185 KB   30/165 KB   9/38 KB   89/89 KB   23/162 KB   10/185 KB   30/165 KB   10/38 KB   89/89 KB   23/162 KB   10/185 KB   30/165 KB   11/38 KB   89/89 KB   23/162 KB   10/185 KB   30/165 KB   13/38 KB   89/89 KB   23/162 KB   10/185 KB   30/165 KB   15/38 KB   89/89 KB   23/162 KB   10/185 KB   30/165 KB   16/38 KB   89/89 KB   23/162 KB   10/185 KB   30/165 KB   17/38 KB   89/89 KB   23/162 KB   10/185 KB   30/165 KB   19/38 KB   89/89 KB   23/162 KB   10/185 KB   30/165 KB   20/38 KB   89/89 KB   23/162 KB   10/185 KB   30/165 KB   21/38 KB   89/89 KB   23/162 KB   10/185 KB   30/165 KB   23/38 KB   89/89 KB   23/162 KB   10/185 KB   30/165 KB   24/38 KB   89/89 KB   23/162 KB   10/185 KB   30/165 KB   26/38 KB   89/89 KB   23/162 KB   10/185 KB   30/165 KB   27/38 KB   89/89 KB   23/162 KB   10/185 KB   30/165 KB   28/38 KB   89/89 KB   23/162 KB   11/185 KB   30/165 KB   28/38 KB   89/89 KB   23/162 KB   13/185 KB   30/165 KB   28/38 KB   89/89 KB   23/162 KB   14/185 KB   30/165 KB   28/38 KB   89/89 KB   23/162 KB   16/185 KB   30/165 KB   28/38 KB   89/89 KB   23/162 KB   17/185 KB   30/165 KB   28/38 KB   89/89 KB   23/162 KB   18/185 KB   30/165 KB   28/38 KB   89/89 KB   23/162 KB   20/185 KB   30/165 KB   28/38 KB   89/89 KB   23/162 KB   21/185 KB   30/165 KB   28/38 KB   89/89 KB   23/162 KB   23/185 KB   30/165 KB   28/38 KB   89/89 KB   23/162 KB   23/185 KB   31/165 KB   28/38 KB   89/89 KB   23/162 KB   23/185 KB   32/165 KB   28/38 KB   89/89 KB   23/162 KB   23/185 KB   34/165 KB   28/38 KB   89/89 KB   23/162 KB   23/185 KB   35/165 KB   28/38 KB   89/89 KB   23/162 KB                                                             Downloaded: http://repo.maven.apache.org/maven2/commons-validator/commons-validator/1.2.0/commons-validator-1.2.0.jar (89 KB at 249.2 KB/sec)
Downloading: http://repo.maven.apache.org/maven2/xml-apis/xml-apis/1.0.b2/xml-apis-1.0.b2.jar
23/185 KB   37/165 KB   28/38 KB   23/162 KB              23/185 KB   38/165 KB   28/38 KB   23/162 KB   23/185 KB   39/165 KB   28/38 KB   23/162 KB   23/185 KB   41/165 KB   28/38 KB   23/162 KB   23/185 KB   42/165 KB   28/38 KB   23/162 KB   23/185 KB   43/165 KB   28/38 KB   23/162 KB   23/185 KB   45/165 KB   28/38 KB   23/162 KB   23/185 KB   46/165 KB   28/38 KB   23/162 KB   23/185 KB   48/165 KB   28/38 KB   23/162 KB   23/185 KB   49/165 KB   28/38 KB   23/162 KB   23/185 KB   50/165 KB   28/38 KB   23/162 KB   23/185 KB   52/165 KB   28/38 KB   23/162 KB   23/185 KB   53/165 KB   28/38 KB   23/162 KB   23/185 KB   55/165 KB   28/38 KB   23/162 KB   23/185 KB   56/165 KB   28/38 KB   23/162 KB   23/185 KB   57/165 KB   28/38 KB   23/162 KB   23/185 KB   59/165 KB   28/38 KB   23/162 KB   23/185 KB   60/165 KB   28/38 KB   23/162 KB   23/185 KB   61/165 KB   28/38 KB   23/162 KB   23/185 KB   63/165 KB   28/38 KB   23/162 KB   23/185 KB   64/165 KB   28/38 KB   23/162 KB   23/185 KB   66/165 KB   28/38 KB   23/162 KB   23/185 KB   67/165 KB   28/38 KB   23/162 KB   23/185 KB   68/165 KB   28/38 KB   23/162 KB   23/185 KB   70/165 KB   28/38 KB   23/162 KB   23/185 KB   71/165 KB   28/38 KB   23/162 KB   23/185 KB   72/165 KB   28/38 KB   23/162 KB   23/185 KB   74/165 KB   28/38 KB   23/162 KB   23/185 KB   75/165 KB   28/38 KB   23/162 KB   23/185 KB   77/165 KB   28/38 KB   23/162 KB   23/185 KB   78/165 KB   28/38 KB   23/162 KB   23/185 KB   79/165 KB   28/38 KB   23/162 KB   23/185 KB   79/165 KB   28/38 KB   24/162 KB   23/185 KB   79/165 KB   28/38 KB   26/162 KB   23/185 KB   79/165 KB   28/38 KB   27/162 KB   23/185 KB   79/165 KB   28/38 KB   28/162 KB   23/185 KB   79/165 KB   28/38 KB   30/162 KB   23/185 KB   79/165 KB   28/38 KB   31/162 KB   23/185 KB   79/165 KB   28/38 KB   32/162 KB   23/185 KB   79/165 KB   28/38 KB   34/162 KB   23/185 KB   79/165 KB   28/38 KB   35/162 KB   23/185 KB   79/165 KB   28/38 KB   37/162 KB   23/185 KB   79/165 KB   28/38 KB   38/162 KB   23/185 KB   79/165 KB   28/38 KB   39/162 KB   23/185 KB   79/165 KB   28/38 KB   41/162 KB   23/185 KB   79/165 KB   28/38 KB   42/162 KB   23/185 KB   79/165 KB   28/38 KB   43/162 KB   23/185 KB   79/165 KB   28/38 KB   45/162 KB   23/185 KB   79/165 KB   28/38 KB   46/162 KB   23/185 KB   79/165 KB   28/38 KB   48/162 KB   23/185 KB   79/165 KB   28/38 KB   49/162 KB   23/185 KB   79/165 KB   28/38 KB   50/162 KB   23/185 KB   79/165 KB   28/38 KB   52/162 KB   23/185 KB   79/165 KB   28/38 KB   53/162 KB   23/185 KB   79/165 KB   28/38 KB   55/162 KB   23/185 KB   79/165 KB   28/38 KB   56/162 KB   23/185 KB   79/165 KB   28/38 KB   57/162 KB   23/185 KB   79/165 KB   28/38 KB   59/162 KB   23/185 KB   79/165 KB   28/38 KB   60/162 KB   23/185 KB   79/165 KB   28/38 KB   61/162 KB   23/185 KB   79/165 KB   30/38 KB   61/162 KB   23/185 KB   79/165 KB   31/38 KB   61/162 KB   23/185 KB   79/165 KB   32/38 KB   61/162 KB   23/185 KB   79/165 KB   34/38 KB   61/162 KB   23/185 KB   79/165 KB   35/38 KB   61/162 KB   23/185 KB   79/165 KB   37/38 KB   61/162 KB   23/185 KB   79/165 KB   38/38 KB   61/162 KB   24/185 KB   79/165 KB   38/38 KB   61/162 KB   25/185 KB   79/165 KB   38/38 KB   61/162 KB   27/185 KB   79/165 KB   38/38 KB   61/162 KB   28/185 KB   79/165 KB   38/38 KB   61/162 KB   29/185 KB   79/165 KB   38/38 KB   61/162 KB   31/185 KB   79/165 KB   38/38 KB   61/162 KB   32/185 KB   79/165 KB   38/38 KB   61/162 KB   34/185 KB   79/165 KB   38/38 KB   61/162 KB   35/185 KB   79/165 KB   38/38 KB   61/162 KB   36/185 KB   79/165 KB   38/38 KB   61/162 KB   36/185 KB   81/165 KB   38/38 KB   61/162 KB   36/185 KB   82/165 KB   38/38 KB   61/162 KB   36/185 KB   83/165 KB   38/38 KB   61/162 KB   36/185 KB   85/165 KB   38/38 KB   61/162 KB   36/185 KB   86/165 KB   38/38 KB   61/162 KB   36/185 KB   88/165 KB   38/38 KB   61/162 KB   36/185 KB   89/165 KB   38/38 KB   61/162 KB   36/185 KB   90/165 KB   38/38 KB   61/162 KB   36/185 KB   92/165 KB   38/38 KB   61/162 KB   36/185 KB   93/165 KB   38/38 KB   61/162 KB   36/185 KB   95/165 KB   38/38 KB   61/162 KB   36/185 KB   96/165 KB   38/38 KB   61/162 KB   36/185 KB   97/165 KB   38/38 KB   61/162 KB   36/185 KB   99/165 KB   38/38 KB   61/162 KB   36/185 KB   100/165 KB   38/38 KB   61/162 KB   36/185 KB   101/165 KB   38/38 KB   61/162 KB   36/185 KB   103/165 KB   38/38 KB   61/162 KB   36/185 KB   104/165 KB   38/38 KB   61/162 KB   36/185 KB   106/165 KB   38/38 KB   61/162 KB   36/185 KB   107/165 KB   38/38 KB   61/162 KB   36/185 KB   108/165 KB   38/38 KB   61/162 KB   36/185 KB   110/165 KB   38/38 KB   61/162 KB   36/185 KB   111/165 KB   38/38 KB   61/162 KB   36/185 KB   112/165 KB   38/38 KB   61/162 KB   36/185 KB   114/165 KB   38/38 KB   61/162 KB   36/185 KB   115/165 KB   38/38 KB   61/162 KB   36/185 KB   117/165 KB   38/38 KB   61/162 KB   36/185 KB   118/165 KB   38/38 KB   61/162 KB   36/185 KB   119/165 KB   38/38 KB   61/162 KB   36/185 KB   121/165 KB   38/38 KB   61/162 KB   36/185 KB   122/165 KB   38/38 KB   61/162 KB   36/185 KB   123/165 KB   38/38 KB   61/162 KB   36/185 KB   125/165 KB   38/38 KB   61/162 KB   36/185 KB   126/165 KB   38/38 KB   61/162 KB   36/185 KB   128/165 KB   38/38 KB   61/162 KB   36/185 KB   129/165 KB   38/38 KB   61/162 KB   36/185 KB   130/165 KB   38/38 KB   61/162 KB   36/185 KB   132/165 KB   38/38 KB   61/162 KB   36/185 KB   133/165 KB   38/38 KB   61/162 KB   2/107 KB   36/185 KB   133/165 KB   38/38 KB   61/162 KB   3/107 KB   36/185 KB   133/165 KB   38/38 KB   61/162 KB   4/107 KB   36/185 KB   133/165 KB   38/38 KB   61/162 KB   6/107 KB   36/185 KB   133/165 KB   38/38 KB   61/162 KB   7/107 KB   36/185 KB   133/165 KB   38/38 KB   61/162 KB   9/107 KB   36/185 KB   133/165 KB   38/38 KB   61/162 KB   10/107 KB   36/185 KB   133/165 KB   38/38 KB   61/162 KB   11/107 KB   36/185 KB   133/165 KB   38/38 KB   61/162 KB   13/107 KB   36/185 KB   133/165 KB   38/38 KB   61/162 KB   14/107 KB   36/185 KB   133/165 KB   38/38 KB   61/162 KB   15/107 KB   36/185 KB   133/165 KB   38/38 KB   61/162 KB   16/107 KB   36/185 KB   133/165 KB   38/38 KB   61/162 KB   17/107 KB   36/185 KB   133/165 KB   38/38 KB   61/162 KB   19/107 KB   36/185 KB   133/165 KB   38/38 KB   61/162 KB   19/107 KB   36/185 KB   133/165 KB   38/38 KB   61/162 KB   20/107 KB   36/185 KB   133/165 KB   38/38 KB   61/162 KB   22/107 KB   36/185 KB   133/165 KB   38/38 KB   61/162 KB   23/107 KB   36/185 KB   133/165 KB   38/38 KB   61/162 KB   24/107 KB   36/185 KB   133/165 KB   38/38 KB   61/162 KB   26/107 KB   36/185 KB   133/165 KB   38/38 KB   61/162 KB   27/107 KB   36/185 KB   133/165 KB   38/38 KB   61/162 KB   28/107 KB   36/185 KB   133/165 KB   38/38 KB   61/162 KB   30/107 KB   36/185 KB   133/165 KB   38/38 KB   61/162 KB   30/107 KB   36/185 KB   133/165 KB   38/38 KB   61/162 KB   32/107 KB   36/185 KB   133/165 KB   38/38 KB   61/162 KB   33/107 KB   36/185 KB   133/165 KB   38/38 KB   61/162 KB   34/107 KB   36/185 KB   133/165 KB   38/38 KB   61/162 KB   36/107 KB   36/185 KB   133/165 KB   38/38 KB   61/162 KB   37/107 KB   36/185 KB   133/165 KB   38/38 KB   61/162 KB   38/107 KB   36/185 KB   133/165 KB   38/38 KB   61/162 KB   40/107 KB   36/185 KB   133/165 KB   38/38 KB   61/162 KB   41/107 KB   36/185 KB   133/165 KB   38/38 KB   61/162 KB   43/107 KB   36/185 KB   133/165 KB   38/38 KB   61/162 KB   44/107 KB   36/185 KB   133/165 KB   38/38 KB   61/162 KB   45/107 KB   36/185 KB   133/165 KB   38/38 KB   61/162 KB   47/107 KB   36/185 KB   133/165 KB   38/38 KB   61/162 KB   48/107 KB   36/185 KB   133/165 KB   38/38 KB   61/162 KB   50/107 KB   36/185 KB   133/165 KB   38/38 KB   61/162 KB   50/107 KB   36/185 KB   133/165 KB   38/38 KB   61/162 KB   52/107 KB   36/185 KB   133/165 KB   38/38 KB   61/162 KB   53/107 KB   36/185 KB   133/165 KB   38/38 KB   61/162 KB   54/107 KB   36/185 KB   133/165 KB   38/38 KB   61/162 KB   56/107 KB   36/185 KB   133/165 KB   38/38 KB   61/162 KB   57/107 KB   36/185 KB   133/165 KB   38/38 KB   61/162 KB   58/107 KB   36/185 KB   133/165 KB   38/38 KB   61/162 KB   60/107 KB   36/185 KB   133/165 KB   38/38 KB   61/162 KB   61/107 KB   36/185 KB   133/165 KB   38/38 KB   61/162 KB   63/107 KB   36/185 KB   133/165 KB   38/38 KB   61/162 KB   64/107 KB   36/185 KB   133/165 KB   38/38 KB   61/162 KB   65/107 KB   36/185 KB   133/165 KB   38/38 KB   61/162 KB   67/107 KB   36/185 KB   133/165 KB   38/38 KB   61/162 KB   68/107 KB   36/185 KB   133/165 KB   38/38 KB   61/162 KB   69/107 KB   36/185 KB   133/165 KB   38/38 KB   61/162 KB   71/107 KB   36/185 KB   133/165 KB   38/38 KB   61/162 KB   72/107 KB   36/185 KB   133/165 KB   38/38 KB   61/162 KB   74/107 KB   36/185 KB   133/165 KB   38/38 KB   61/162 KB   74/107 KB   36/185 KB   133/165 KB   38/38 KB   61/162 KB   76/107 KB   36/185 KB   133/165 KB   38/38 KB   61/162 KB   77/107 KB   36/185 KB   133/165 KB   38/38 KB   61/162 KB   79/107 KB   36/185 KB   133/165 KB   38/38 KB   61/162 KB   80/107 KB   36/185 KB   133/165 KB   38/38 KB   61/162 KB   81/107 KB   36/185 KB   133/165 KB   38/38 KB   61/162 KB   83/107 KB   36/185 KB   133/165 KB   38/38 KB   61/162 KB   84/107 KB   36/185 KB   133/165 KB   38/38 KB   61/162 KB   85/107 KB   36/185 KB   133/165 KB   38/38 KB   61/162 KB   87/107 KB   36/185 KB   133/165 KB   38/38 KB   61/162 KB   88/107 KB   36/185 KB   133/165 KB   38/38 KB   61/162 KB   90/107 KB   36/185 KB   133/165 KB   38/38 KB   61/162 KB   91/107 KB   36/185 KB   133/165 KB   38/38 KB   61/162 KB   92/107 KB   36/185 KB   133/165 KB   38/38 KB   61/162 KB   93/107 KB   36/185 KB   133/165 KB   38/38 KB   61/162 KB   94/107 KB   36/185 KB   133/165 KB   38/38 KB   61/162 KB   96/107 KB   36/185 KB   133/165 KB   38/38 KB   61/162 KB   97/107 KB   36/185 KB   133/165 KB   38/38 KB   61/162 KB   98/107 KB   36/185 KB   133/165 KB   38/38 KB   61/162 KB   100/107 KB   36/185 KB   133/165 KB   38/38 KB   61/162 KB   101/107 KB   36/185 KB   133/165 KB   38/38 KB   61/162 KB   103/107 KB   36/185 KB   133/165 KB   38/38 KB   61/162 KB   103/107 KB   36/185 KB   133/165 KB   38/38 KB   61/162 KB   104/107 KB   36/185 KB   133/165 KB   38/38 KB   61/162 KB   106/107 KB   36/185 KB   133/165 KB   38/38 KB   61/162 KB   107/107 KB   36/185 KB   133/165 KB   38/38 KB   61/162 KB   107/107 KB   36/185 KB   133/165 KB   38/38 KB   61/162 KB   107/107 KB   36/185 KB   134/165 KB   38/38 KB   61/162 KB   107/107 KB   36/185 KB   136/165 KB   38/38 KB   61/162 KB   107/107 KB   36/185 KB   137/165 KB   38/38 KB   61/162 KB   107/107 KB   36/185 KB   139/165 KB   38/38 KB   61/162 KB   107/107 KB   36/185 KB   140/165 KB   38/38 KB   61/162 KB   107/107 KB   36/185 KB   141/165 KB   38/38 KB   61/162 KB   107/107 KB   36/185 KB   143/165 KB   38/38 KB   61/162 KB   107/107 KB   36/185 KB   144/165 KB   38/38 KB   61/162 KB   107/107 KB   36/185 KB   146/165 KB   38/38 KB   61/162 KB   107/107 KB   36/185 KB   147/165 KB   38/38 KB   61/162 KB   107/107 KB   36/185 KB   148/165 KB   38/38 KB   61/162 KB   107/107 KB   36/185 KB   150/165 KB   38/38 KB   61/162 KB   107/107 KB   36/185 KB   151/165 KB   38/38 KB   61/162 KB   107/107 KB   36/185 KB   152/165 KB   38/38 KB   61/162 KB   107/107 KB   36/185 KB   154/165 KB   38/38 KB   61/162 KB   107/107 KB   36/185 KB   155/165 KB   38/38 KB   61/162 KB   107/107 KB   36/185 KB   157/165 KB   38/38 KB   61/162 KB   107/107 KB   36/185 KB   158/165 KB   38/38 KB   61/162 KB   107/107 KB   36/185 KB   159/165 KB   38/38 KB   61/162 KB   107/107 KB   36/185 KB   161/165 KB   38/38 KB   61/162 KB   107/107 KB   36/185 KB   162/165 KB   38/38 KB   61/162 KB   107/107 KB   36/185 KB   163/165 KB   38/38 KB   61/162 KB   107/107 KB   36/185 KB   163/165 KB   38/38 KB   63/162 KB   107/107 KB   36/185 KB   163/165 KB   38/38 KB   64/162 KB   107/107 KB   36/185 KB   163/165 KB   38/38 KB   66/162 KB   107/107 KB   36/185 KB   163/165 KB   38/38 KB   67/162 KB   107/107 KB   36/185 KB   163/165 KB   38/38 KB   68/162 KB   107/107 KB   36/185 KB   163/165 KB   38/38 KB   70/162 KB   107/107 KB   36/185 KB   163/165 KB   38/38 KB   71/162 KB   107/107 KB   36/185 KB   163/165 KB   38/38 KB   72/162 KB   107/107 KB   36/185 KB   163/165 KB   38/38 KB   74/162 KB   107/107 KB   36/185 KB   163/165 KB   38/38 KB   75/162 KB   107/107 KB   36/185 KB   163/165 KB   38/38 KB   77/162 KB   107/107 KB   36/185 KB   163/165 KB   38/38 KB   78/162 KB   107/107 KB   36/185 KB   163/165 KB   38/38 KB   79/162 KB   107/107 KB   36/185 KB   163/165 KB   38/38 KB   81/162 KB   107/107 KB   36/185 KB   163/165 KB   38/38 KB   82/162 KB   107/107 KB   36/185 KB   163/165 KB   38/38 KB   83/162 KB   107/107 KB   36/185 KB   163/165 KB   38/38 KB   85/162 KB   107/107 KB   36/185 KB   163/165 KB   38/38 KB   86/162 KB   107/107 KB   36/185 KB   163/165 KB   38/38 KB   89/162 KB   107/107 KB   36/185 KB   163/165 KB   38/38 KB   90/162 KB   107/107 KB   36/185 KB   163/165 KB   38/38 KB   92/162 KB   107/107 KB   36/185 KB   163/165 KB   38/38 KB   93/162 KB   107/107 KB   36/185 KB   163/165 KB   38/38 KB   95/162 KB   107/107 KB   36/185 KB   163/165 KB   38/38 KB   96/162 KB   107/107 KB   36/185 KB   163/165 KB   38/38 KB   97/162 KB   107/107 KB   36/185 KB   163/165 KB   38/38 KB   99/162 KB   107/107 KB   36/185 KB   163/165 KB   38/38 KB   100/162 KB   107/107 KB   36/185 KB   163/165 KB   38/38 KB   101/162 KB   107/107 KB   36/185 KB   163/165 KB   38/38 KB   103/162 KB   107/107 KB   36/185 KB   163/165 KB   38/38 KB   104/162 KB   107/107 KB   36/185 KB   163/165 KB   38/38 KB   106/162 KB   107/107 KB   36/185 KB   163/165 KB   38/38 KB   107/162 KB   107/107 KB   36/185 KB   163/165 KB   38/38 KB   108/162 KB   107/107 KB   36/185 KB   163/165 KB   38/38 KB   110/162 KB   107/107 KB   36/185 KB   163/165 KB   38/38 KB   111/162 KB   107/107 KB   36/185 KB   163/165 KB   38/38 KB   112/162 KB   107/107 KB   36/185 KB   163/165 KB   38/38 KB   114/162 KB   107/107 KB   36/185 KB   163/165 KB   38/38 KB   115/162 KB   107/107 KB   36/185 KB   163/165 KB   38/38 KB   117/162 KB   107/107 KB   36/185 KB   163/165 KB   38/38 KB   118/162 KB   107/107 KB   36/185 KB   163/165 KB   38/38 KB   119/162 KB   107/107 KB   36/185 KB   163/165 KB   38/38 KB   121/162 KB   107/107 KB   36/185 KB   163/165 KB   38/38 KB   122/162 KB   107/107 KB   36/185 KB   163/165 KB   38/38 KB   123/162 KB   107/107 KB   36/185 KB   163/165 KB   38/38 KB   125/162 KB   107/107 KB   36/185 KB   163/165 KB   38/38 KB   126/162 KB   107/107 KB   38/185 KB   163/165 KB   38/38 KB   126/162 KB                                                                 Downloaded: http://repo.maven.apache.org/maven2/commons-logging/commons-logging/1.0.4/commons-logging-1.0.4.jar (38 KB at 45.9 KB/sec)
Downloading: http://repo.maven.apache.org/maven2/org/apache/maven/doxia/doxia-core/1.0-alpha-7/doxia-core-1.0-alpha-7.jar
107/107 KB   39/185 KB   163/165 KB   126/162 KB              107/107 KB   40/185 KB   163/165 KB   126/162 KB   107/107 KB   42/185 KB   163/165 KB   126/162 KB   107/107 KB   43/185 KB   163/165 KB   126/162 KB   107/107 KB   45/185 KB   163/165 KB   126/162 KB   107/107 KB   46/185 KB   163/165 KB   126/162 KB   107/107 KB   47/185 KB   163/165 KB   126/162 KB   107/107 KB   49/185 KB   163/165 KB   126/162 KB   107/107 KB   49/185 KB   165/165 KB   126/162 KB   107/107 KB   49/185 KB   165/165 KB   126/162 KB   107/107 KB   50/185 KB   165/165 KB   126/162 KB                                                      50/185 KB   165/165 KB   128/162 KB                Downloaded: http://repo.maven.apache.org/maven2/xml-apis/xml-apis/1.0.b2/xml-apis-1.0.b2.jar (107 KB at 199.2 KB/sec)
Downloading: http://repo.maven.apache.org/maven2/oro/oro/2.0.7/oro-2.0.7.jar
50/185 KB   165/165 KB   129/162 KB   50/185 KB   165/165 KB   130/162 KB   50/185 KB   165/165 KB   132/162 KB   50/185 KB   165/165 KB   133/162 KB   50/185 KB   165/165 KB   134/162 KB   50/185 KB   165/165 KB   136/162 KB   50/185 KB   165/165 KB   137/162 KB   50/185 KB   165/165 KB   139/162 KB   50/185 KB   165/165 KB   140/162 KB   50/185 KB   165/165 KB   141/162 KB   50/185 KB   165/165 KB   143/162 KB   50/185 KB   165/165 KB   144/162 KB   50/185 KB   165/165 KB   146/162 KB   50/185 KB   165/165 KB   147/162 KB   50/185 KB   165/165 KB   148/162 KB   50/185 KB   165/165 KB   150/162 KB   50/185 KB   165/165 KB   151/162 KB   50/185 KB   165/165 KB   152/162 KB   50/185 KB   165/165 KB   154/162 KB   50/185 KB   165/165 KB   155/162 KB   50/185 KB   165/165 KB   157/162 KB   50/185 KB   165/165 KB   158/162 KB   50/185 KB   165/165 KB   159/162 KB   50/185 KB   165/165 KB   161/162 KB   50/185 KB   165/165 KB   162/162 KB   51/185 KB   165/165 KB   162/162 KB   53/185 KB   165/165 KB   162/162 KB   54/185 KB   165/165 KB   162/162 KB   56/185 KB   165/165 KB   162/162 KB   57/185 KB   165/165 KB   162/162 KB   58/185 KB   165/165 KB   162/162 KB   60/185 KB   165/165 KB   162/162 KB   61/185 KB   165/165 KB   162/162 KB   63/185 KB   165/165 KB   162/162 KB                                         Downloaded: http://repo.maven.apache.org/maven2/commons-digester/commons-digester/1.6/commons-digester-1.6.jar (165 KB at 175.6 KB/sec)
Downloading: http://repo.maven.apache.org/maven2/org/apache/maven/doxia/doxia-site-renderer/1.0-alpha-7/doxia-site-renderer-1.0-alpha-7.jar
63/185 KB   2/64 KB   162/162 KB      63/185 KB   3/64 KB   162/162 KB   63/185 KB   4/64 KB   162/162 KB   63/185 KB   6/64 KB   162/162 KB   63/185 KB   7/64 KB   162/162 KB   63/185 KB   9/64 KB   162/162 KB   63/185 KB   10/64 KB   162/162 KB   63/185 KB   11/64 KB   162/162 KB   63/185 KB   13/64 KB   162/162 KB   63/185 KB   14/64 KB   162/162 KB   63/185 KB   15/64 KB   162/162 KB   63/185 KB   16/64 KB   162/162 KB   63/185 KB   17/64 KB   162/162 KB   63/185 KB   19/64 KB   162/162 KB   63/185 KB   20/64 KB   162/162 KB   63/185 KB   21/64 KB   162/162 KB   63/185 KB   23/64 KB   162/162 KB   63/185 KB   24/64 KB   162/162 KB   63/185 KB   26/64 KB   162/162 KB   63/185 KB   27/64 KB   162/162 KB   63/185 KB   28/64 KB   162/162 KB   63/185 KB   30/64 KB   162/162 KB   63/185 KB   30/64 KB   162/162 KB   63/185 KB   32/64 KB   162/162 KB   63/185 KB   33/64 KB   162/162 KB   63/185 KB   34/64 KB   162/162 KB   63/185 KB   36/64 KB   162/162 KB   63/185 KB   37/64 KB   162/162 KB   63/185 KB   38/64 KB   162/162 KB   63/185 KB   40/64 KB   162/162 KB   63/185 KB   41/64 KB   162/162 KB   63/185 KB   43/64 KB   162/162 KB   63/185 KB   44/64 KB   162/162 KB   63/185 KB   45/64 KB   162/162 KB   63/185 KB   47/64 KB   162/162 KB   63/185 KB   48/64 KB   162/162 KB   63/185 KB   49/64 KB   162/162 KB   63/185 KB   50/64 KB   162/162 KB   63/185 KB   52/64 KB   162/162 KB   63/185 KB   53/64 KB   162/162 KB   63/185 KB   54/64 KB   162/162 KB   63/185 KB   56/64 KB   162/162 KB   63/185 KB   57/64 KB   162/162 KB   63/185 KB   58/64 KB   162/162 KB   63/185 KB   60/64 KB   162/162 KB   63/185 KB   61/64 KB   162/162 KB   63/185 KB   63/64 KB   162/162 KB   63/185 KB   64/64 KB   162/162 KB   63/185 KB   64/64 KB   162/162 KB   63/185 KB   64/64 KB   2/226 KB   162/162 KB   63/185 KB   64/64 KB   3/226 KB   162/162 KB   63/185 KB   64/64 KB   4/226 KB   162/162 KB   63/185 KB   64/64 KB   6/226 KB   162/162 KB   63/185 KB   64/64 KB   7/226 KB   162/162 KB   63/185 KB   64/64 KB   9/226 KB   162/162 KB   63/185 KB   64/64 KB   10/226 KB   162/162 KB   63/185 KB   64/64 KB   11/226 KB   162/162 KB   63/185 KB   64/64 KB   13/226 KB   162/162 KB   63/185 KB   64/64 KB   14/226 KB   162/162 KB   63/185 KB   64/64 KB   15/226 KB   162/162 KB   63/185 KB   64/64 KB   16/226 KB   162/162 KB   63/185 KB   64/64 KB   17/226 KB   162/162 KB   63/185 KB   64/64 KB   19/226 KB   162/162 KB   63/185 KB   64/64 KB   20/226 KB   162/162 KB   63/185 KB   64/64 KB   21/226 KB   162/162 KB   63/185 KB   64/64 KB   23/226 KB   162/162 KB   63/185 KB   64/64 KB   24/226 KB   162/162 KB   63/185 KB   64/64 KB   26/226 KB   162/162 KB   63/185 KB   64/64 KB   27/226 KB   162/162 KB   63/185 KB   64/64 KB   28/226 KB   162/162 KB   63/185 KB   64/64 KB   30/226 KB   162/162 KB   63/185 KB   64/64 KB   31/226 KB   162/162 KB   63/185 KB   64/64 KB   32/226 KB   162/162 KB   63/185 KB   64/64 KB   33/226 KB   162/162 KB   63/185 KB   64/64 KB   34/226 KB   162/162 KB   64/185 KB   64/64 KB   34/226 KB   162/162 KB   65/185 KB   64/64 KB   34/226 KB   162/162 KB   67/185 KB   64/64 KB   34/226 KB   162/162 KB   68/185 KB   64/64 KB   34/226 KB   162/162 KB   69/185 KB   64/64 KB   34/226 KB   162/162 KB   71/185 KB   64/64 KB   34/226 KB   162/162 KB   72/185 KB   64/64 KB   34/226 KB   162/162 KB   74/185 KB   64/64 KB   34/226 KB   162/162 KB   75/185 KB   64/64 KB   34/226 KB   162/162 KB                                                   Downloaded: http://repo.maven.apache.org/maven2/commons-collections/commons-collections/2.1/commons-collections-2.1.jar (162 KB at 149.7 KB/sec)
Downloading: http://repo.maven.apache.org/maven2/org/codehaus/plexus/plexus-i18n/1.0-beta-6/plexus-i18n-1.0-beta-6.jar
75/185 KB   64/64 KB   36/226 KB                75/185 KB   64/64 KB   37/226 KB   75/185 KB   64/64 KB   39/226 KB   75/185 KB   64/64 KB   40/226 KB   75/185 KB   64/64 KB   41/226 KB   75/185 KB   64/64 KB   43/226 KB   75/185 KB   64/64 KB   44/226 KB   75/185 KB   64/64 KB   45/226 KB   75/185 KB   64/64 KB   47/226 KB   75/185 KB   64/64 KB   48/226 KB                                      Downloaded: http://repo.maven.apache.org/maven2/oro/oro/2.0.7/oro-2.0.7.jar (64 KB at 259.7 KB/sec)
Downloading: http://repo.maven.apache.org/maven2/org/codehaus/plexus/plexus-velocity/1.1.2/plexus-velocity-1.1.2.jar
75/185 KB   50/226 KB              75/185 KB   51/226 KB   75/185 KB   52/226 KB   75/185 KB   54/226 KB   75/185 KB   55/226 KB   75/185 KB   56/226 KB   75/185 KB   58/226 KB   75/185 KB   59/226 KB   75/185 KB   61/226 KB   75/185 KB   62/226 KB   75/185 KB   63/226 KB   75/185 KB   65/226 KB   75/185 KB   66/226 KB   75/185 KB   67/226 KB   75/185 KB   69/226 KB   75/185 KB   70/226 KB   75/185 KB   72/226 KB   75/185 KB   73/226 KB   75/185 KB   74/226 KB   75/185 KB   76/226 KB   75/185 KB   77/226 KB   75/185 KB   79/226 KB   75/185 KB   80/226 KB   75/185 KB   81/226 KB   75/185 KB   83/226 KB   75/185 KB   84/226 KB   75/185 KB   85/226 KB   75/185 KB   87/226 KB   75/185 KB   88/226 KB   75/185 KB   90/226 KB   76/185 KB   90/226 KB   76/185 KB   91/226 KB   76/185 KB   92/226 KB   76/185 KB   94/226 KB   78/185 KB   94/226 KB   79/185 KB   94/226 KB   80/185 KB   94/226 KB   82/185 KB   94/226 KB   83/185 KB   94/226 KB   85/185 KB   94/226 KB   85/185 KB   94/226 KB   2/13 KB   85/185 KB   94/226 KB   3/13 KB   85/185 KB   94/226 KB   4/13 KB   85/185 KB   94/226 KB   6/13 KB   85/185 KB   94/226 KB   7/13 KB   85/185 KB   94/226 KB   9/13 KB   85/185 KB   94/226 KB   10/13 KB   85/185 KB   94/226 KB   11/13 KB   85/185 KB   94/226 KB   13/13 KB   85/185 KB   94/226 KB   13/13 KB   86/185 KB   94/226 KB   13/13 KB   87/185 KB   94/226 KB   13/13 KB   89/185 KB   94/226 KB   13/13 KB   89/185 KB   95/226 KB   13/13 KB   89/185 KB   96/226 KB   13/13 KB   89/185 KB   98/226 KB   13/13 KB   89/185 KB   99/226 KB   13/13 KB   89/185 KB   101/226 KB   13/13 KB   89/185 KB   102/226 KB   13/13 KB   89/185 KB   103/226 KB   13/13 KB   89/185 KB   105/226 KB   13/13 KB   89/185 KB   106/226 KB   13/13 KB   89/185 KB   107/226 KB   13/13 KB   89/185 KB   109/226 KB   13/13 KB   89/185 KB   110/226 KB   13/13 KB   89/185 KB   112/226 KB   13/13 KB   89/185 KB   113/226 KB   13/13 KB   89/185 KB   114/226 KB   13/13 KB   89/185 KB   116/226 KB   13/13 KB   89/185 KB   117/226 KB   13/13 KB   89/185 KB   2/12 KB   117/226 KB   13/13 KB   89/185 KB   3/12 KB   117/226 KB   13/13 KB   89/185 KB   4/12 KB   117/226 KB   13/13 KB   89/185 KB   6/12 KB   117/226 KB   13/13 KB   89/185 KB   7/12 KB   117/226 KB   13/13 KB   89/185 KB   9/12 KB   117/226 KB   13/13 KB   89/185 KB   10/12 KB   117/226 KB   13/13 KB   89/185 KB   11/12 KB   117/226 KB   13/13 KB   89/185 KB   12/12 KB   117/226 KB   13/13 KB   89/185 KB   12/12 KB   3/8 KB   117/226 KB   13/13 KB   89/185 KB   12/12 KB   4/8 KB   117/226 KB   13/13 KB   89/185 KB   12/12 KB   6/8 KB   117/226 KB   13/13 KB   89/185 KB   12/12 KB   7/8 KB   117/226 KB   13/13 KB   89/185 KB   12/12 KB   8/8 KB   117/226 KB   13/13 KB   89/185 KB   12/12 KB   8/8 KB   119/226 KB   13/13 KB   89/185 KB   12/12 KB   8/8 KB   120/226 KB   13/13 KB   89/185 KB   12/12 KB   8/8 KB   121/226 KB   13/13 KB   89/185 KB   12/12 KB   8/8 KB   123/226 KB   13/13 KB   89/185 KB   12/12 KB   8/8 KB   124/226 KB   13/13 KB   89/185 KB   12/12 KB   8/8 KB   125/226 KB   13/13 KB   89/185 KB   12/12 KB   8/8 KB   127/226 KB   13/13 KB   89/185 KB   12/12 KB   8/8 KB   128/226 KB   13/13 KB   89/185 KB   12/12 KB   8/8 KB   130/226 KB   13/13 KB   89/185 KB   12/12 KB   8/8 KB   131/226 KB   13/13 KB   89/185 KB   12/12 KB   8/8 KB   132/226 KB   13/13 KB   89/185 KB   12/12 KB   8/8 KB   134/226 KB   13/13 KB   89/185 KB   12/12 KB   8/8 KB   135/226 KB   13/13 KB   89/185 KB   12/12 KB   8/8 KB   136/226 KB   13/13 KB   89/185 KB   12/12 KB   8/8 KB   138/226 KB   13/13 KB   89/185 KB   12/12 KB   8/8 KB   139/226 KB   13/13 KB   89/185 KB   12/12 KB   8/8 KB   141/226 KB   13/13 KB   89/185 KB   12/12 KB   8/8 KB   142/226 KB   13/13 KB   89/185 KB   12/12 KB   8/8 KB   143/226 KB   13/13 KB   89/185 KB   12/12 KB   8/8 KB   145/226 KB   13/13 KB   89/185 KB   12/12 KB   8/8 KB   146/226 KB   13/13 KB   89/185 KB   12/12 KB   8/8 KB   147/226 KB   13/13 KB   89/185 KB   12/12 KB   8/8 KB   149/226 KB   13/13 KB   89/185 KB   12/12 KB   8/8 KB   150/226 KB   13/13 KB   89/185 KB   12/12 KB   8/8 KB   152/226 KB   13/13 KB   89/185 KB   12/12 KB   8/8 KB   153/226 KB   13/13 KB   89/185 KB   12/12 KB   8/8 KB   154/226 KB   13/13 KB   89/185 KB   12/12 KB   8/8 KB   156/226 KB   13/13 KB   89/185 KB   12/12 KB   8/8 KB   157/226 KB   13/13 KB   89/185 KB   12/12 KB   8/8 KB   159/226 KB   13/13 KB   89/185 KB   12/12 KB   8/8 KB   160/226 KB   13/13 KB   89/185 KB   12/12 KB   8/8 KB   161/226 KB   13/13 KB   89/185 KB   12/12 KB   8/8 KB   163/226 KB   13/13 KB   89/185 KB   12/12 KB   8/8 KB   164/226 KB   13/13 KB   89/185 KB   12/12 KB   8/8 KB   165/226 KB   13/13 KB   89/185 KB   12/12 KB   8/8 KB   167/226 KB   13/13 KB   89/185 KB   12/12 KB   8/8 KB   168/226 KB   13/13 KB   89/185 KB   12/12 KB   8/8 KB   170/226 KB   13/13 KB   89/185 KB   12/12 KB   8/8 KB   171/226 KB   13/13 KB   89/185 KB   12/12 KB   8/8 KB   172/226 KB   13/13 KB   89/185 KB   12/12 KB   8/8 KB   174/226 KB   13/13 KB   89/185 KB   12/12 KB   8/8 KB   175/226 KB   13/13 KB   89/185 KB   12/12 KB   8/8 KB   176/226 KB   13/13 KB   89/185 KB   12/12 KB   8/8 KB   178/226 KB   13/13 KB   89/185 KB   12/12 KB   8/8 KB   179/226 KB   13/13 KB   89/185 KB   12/12 KB   8/8 KB   181/226 KB   13/13 KB   89/185 KB   12/12 KB   8/8 KB   182/226 KB   13/13 KB   89/185 KB   12/12 KB   8/8 KB   183/226 KB   13/13 KB   89/185 KB   12/12 KB   8/8 KB   185/226 KB   13/13 KB   89/185 KB   12/12 KB   8/8 KB   186/226 KB   13/13 KB   89/185 KB   12/12 KB   8/8 KB   187/226 KB   13/13 KB   89/185 KB   12/12 KB   8/8 KB   189/226 KB   13/13 KB   89/185 KB   12/12 KB   8/8 KB   190/226 KB   13/13 KB   89/185 KB   12/12 KB   8/8 KB   192/226 KB   13/13 KB   89/185 KB   12/12 KB   8/8 KB   193/226 KB   13/13 KB   90/185 KB   12/12 KB   8/8 KB   193/226 KB   13/13 KB   91/185 KB   12/12 KB   8/8 KB   193/226 KB   13/13 KB   93/185 KB   12/12 KB   8/8 KB   193/226 KB   13/13 KB   94/185 KB   12/12 KB   8/8 KB   193/226 KB   13/13 KB   96/185 KB   12/12 KB   8/8 KB   193/226 KB   13/13 KB   97/185 KB   12/12 KB   8/8 KB   193/226 KB   13/13 KB   98/185 KB   12/12 KB   8/8 KB   193/226 KB   13/13 KB   100/185 KB   12/12 KB   8/8 KB   193/226 KB   13/13 KB                                                            Downloaded: http://repo.maven.apache.org/maven2/org/apache/maven/doxia/doxia-site-renderer/1.0-alpha-7/doxia-site-renderer-1.0-alpha-7.jar (13 KB at 26.6 KB/sec)
Downloading: http://repo.maven.apache.org/maven2/plexus/plexus-utils/1.0.2/plexus-utils-1.0.2.jar
101/185 KB   12/12 KB   8/8 KB   193/226 KB              103/185 KB   12/12 KB   8/8 KB   193/226 KB   103/185 KB   12/12 KB   8/8 KB   194/226 KB   103/185 KB   12/12 KB   8/8 KB   196/226 KB   103/185 KB   12/12 KB   8/8 KB   197/226 KB   103/185 KB   12/12 KB   8/8 KB   198/226 KB   103/185 KB   12/12 KB   8/8 KB   200/226 KB   103/185 KB   12/12 KB   8/8 KB   201/226 KB   103/185 KB   12/12 KB   8/8 KB   203/226 KB   103/185 KB   12/12 KB   8/8 KB   204/226 KB   103/185 KB   12/12 KB   8/8 KB   205/226 KB   103/185 KB   12/12 KB   8/8 KB   207/226 KB   103/185 KB   12/12 KB   8/8 KB   208/226 KB   103/185 KB   12/12 KB   8/8 KB   210/226 KB   103/185 KB   12/12 KB   8/8 KB   211/226 KB   103/185 KB   12/12 KB   8/8 KB   212/226 KB   103/185 KB   12/12 KB   8/8 KB   214/226 KB   103/185 KB   12/12 KB   8/8 KB   215/226 KB   103/185 KB   12/12 KB   8/8 KB   216/226 KB   103/185 KB   12/12 KB   8/8 KB   218/226 KB   103/185 KB   12/12 KB   8/8 KB   219/226 KB   103/185 KB   12/12 KB   8/8 KB   221/226 KB   103/185 KB   12/12 KB   8/8 KB   222/226 KB   103/185 KB   12/12 KB   8/8 KB   223/226 KB   103/185 KB   12/12 KB   8/8 KB   225/226 KB   103/185 KB   12/12 KB   8/8 KB   226/226 KB   103/185 KB   12/12 KB   8/8 KB   226/226 KB                                                 Downloaded: http://repo.maven.apache.org/maven2/org/codehaus/plexus/plexus-velocity/1.1.2/plexus-velocity-1.1.2.jar (8 KB at 23.0 KB/sec)
Downloading: http://repo.maven.apache.org/maven2/commons-logging/commons-logging-api/1.0.4/commons-logging-api-1.0.4.jar
                                              Downloaded: http://repo.maven.apache.org/maven2/org/codehaus/plexus/plexus-i18n/1.0-beta-6/plexus-i18n-1.0-beta-6.jar (12 KB at 32.8 KB/sec)
Downloading: http://repo.maven.apache.org/maven2/velocity/velocity/1.4/velocity-1.4.jar
104/185 KB   226/226 KB                       105/185 KB   226/226 KB   107/185 KB   226/226 KB   108/185 KB   226/226 KB   109/185 KB   226/226 KB   111/185 KB   226/226 KB   112/185 KB   226/226 KB   114/185 KB   226/226 KB   115/185 KB   226/226 KB   2/157 KB   115/185 KB   226/226 KB   3/157 KB   115/185 KB   226/226 KB   4/157 KB   115/185 KB   226/226 KB   6/157 KB   115/185 KB   226/226 KB   7/157 KB   115/185 KB   226/226 KB   9/157 KB   115/185 KB   226/226 KB   10/157 KB   115/185 KB   226/226 KB   11/157 KB   115/185 KB   226/226 KB   13/157 KB   115/185 KB   226/226 KB   14/157 KB   115/185 KB   226/226 KB   15/157 KB   115/185 KB   226/226 KB   16/157 KB   115/185 KB   226/226 KB   17/157 KB   115/185 KB   226/226 KB   19/157 KB   115/185 KB   226/226 KB   20/157 KB   115/185 KB   226/226 KB   21/157 KB   115/185 KB   226/226 KB   23/157 KB   115/185 KB   226/226 KB   24/157 KB   115/185 KB   226/226 KB   26/157 KB   115/185 KB   226/226 KB   27/157 KB   115/185 KB   226/226 KB   28/157 KB   115/185 KB   226/226 KB   30/157 KB   115/185 KB   226/226 KB   31/157 KB   115/185 KB   226/226 KB   32/157 KB   115/185 KB   226/226 KB   33/157 KB   115/185 KB   226/226 KB   34/157 KB   115/185 KB   226/226 KB   36/157 KB   115/185 KB   226/226 KB   37/157 KB   115/185 KB   226/226 KB   39/157 KB   115/185 KB   226/226 KB   40/157 KB   115/185 KB   226/226 KB   41/157 KB   115/185 KB   226/226 KB   43/157 KB   115/185 KB   226/226 KB   44/157 KB   115/185 KB   226/226 KB   45/157 KB   115/185 KB   226/226 KB   47/157 KB   115/185 KB   226/226 KB   48/157 KB   115/185 KB   226/226 KB   50/157 KB   115/185 KB   226/226 KB   51/157 KB   115/185 KB   226/226 KB   52/157 KB   115/185 KB   226/226 KB   53/157 KB   115/185 KB   226/226 KB   54/157 KB   115/185 KB   226/226 KB   56/157 KB   115/185 KB   226/226 KB   57/157 KB   115/185 KB   226/226 KB   59/157 KB   115/185 KB   226/226 KB   60/157 KB   115/185 KB   226/226 KB   61/157 KB   115/185 KB   226/226 KB   63/157 KB   115/185 KB   226/226 KB   64/157 KB   115/185 KB   226/226 KB   65/157 KB   115/185 KB   226/226 KB   67/157 KB   115/185 KB   226/226 KB   68/157 KB   115/185 KB   226/226 KB   70/157 KB   115/185 KB   226/226 KB   71/157 KB   115/185 KB   226/226 KB   72/157 KB   115/185 KB   226/226 KB   74/157 KB   115/185 KB   226/226 KB   75/157 KB   115/185 KB   226/226 KB   76/157 KB   115/185 KB   226/226 KB   78/157 KB   115/185 KB   226/226 KB   79/157 KB   115/185 KB   226/226 KB   80/157 KB   115/185 KB   226/226 KB   81/157 KB   115/185 KB   226/226 KB   83/157 KB   115/185 KB   226/226 KB   84/157 KB   115/185 KB   226/226 KB   86/157 KB   115/185 KB   226/226 KB   86/157 KB   115/185 KB   226/226 KB   2/26 KB   86/157 KB   115/185 KB   226/226 KB   3/26 KB   86/157 KB   115/185 KB   226/226 KB   4/26 KB   86/157 KB   115/185 KB   226/226 KB   6/26 KB   86/157 KB   115/185 KB   226/226 KB   7/26 KB   86/157 KB   115/185 KB   226/226 KB   9/26 KB   86/157 KB   115/185 KB   226/226 KB   10/26 KB   86/157 KB   115/185 KB   226/226 KB   11/26 KB   86/157 KB   115/185 KB   226/226 KB   13/26 KB   86/157 KB   115/185 KB   226/226 KB   14/26 KB   86/157 KB   115/185 KB   226/226 KB   15/26 KB   86/157 KB   115/185 KB   226/226 KB   16/26 KB   86/157 KB   115/185 KB   226/226 KB   17/26 KB   86/157 KB   115/185 KB   226/226 KB   19/26 KB   86/157 KB   115/185 KB   226/226 KB   20/26 KB   86/157 KB   115/185 KB   226/226 KB   21/26 KB   86/157 KB   115/185 KB   226/226 KB   23/26 KB   86/157 KB   115/185 KB   226/226 KB   24/26 KB   86/157 KB   115/185 KB   226/226 KB   26/26 KB   86/157 KB   115/185 KB   226/226 KB   26/26 KB   86/157 KB   116/185 KB   226/226 KB   26/26 KB   86/157 KB   118/185 KB   226/226 KB   26/26 KB   86/157 KB   119/185 KB   226/226 KB   26/26 KB   86/157 KB   120/185 KB   226/226 KB   26/26 KB   86/157 KB   122/185 KB   226/226 KB   26/26 KB   86/157 KB   123/185 KB   226/226 KB   26/26 KB   86/157 KB   125/185 KB   226/226 KB   26/26 KB   86/157 KB   126/185 KB   226/226 KB   26/26 KB   86/157 KB   127/185 KB   226/226 KB   26/26 KB   86/157 KB   129/185 KB   226/226 KB   26/26 KB   86/157 KB   130/185 KB   226/226 KB   26/26 KB   87/157 KB   130/185 KB   226/226 KB   26/26 KB   88/157 KB   130/185 KB   226/226 KB   26/26 KB   90/157 KB   130/185 KB   226/226 KB   26/26 KB   91/157 KB   130/185 KB   226/226 KB   26/26 KB   93/157 KB   130/185 KB   226/226 KB   26/26 KB   94/157 KB   130/185 KB   226/226 KB   26/26 KB   95/157 KB   130/185 KB   226/226 KB   26/26 KB   97/157 KB   130/185 KB   226/226 KB   26/26 KB   98/157 KB   130/185 KB   226/226 KB   26/26 KB   99/157 KB   130/185 KB   226/226 KB   26/26 KB   101/157 KB   130/185 KB   226/226 KB   26/26 KB   102/157 KB   130/185 KB   226/226 KB   26/26 KB   104/157 KB   130/185 KB   226/226 KB   26/26 KB   105/157 KB   130/185 KB   226/226 KB   26/26 KB   106/157 KB   130/185 KB   226/226 KB   26/26 KB   108/157 KB   130/185 KB   226/226 KB   26/26 KB   109/157 KB   130/185 KB   226/226 KB   26/26 KB   110/157 KB   130/185 KB   226/226 KB   26/26 KB   112/157 KB   130/185 KB   226/226 KB   26/26 KB   113/157 KB   130/185 KB   226/226 KB   26/26 KB   115/157 KB   130/185 KB   226/226 KB   26/26 KB                                                     Downloaded: http://repo.maven.apache.org/maven2/org/apache/maven/doxia/doxia-core/1.0-alpha-7/doxia-core-1.0-alpha-7.jar (226 KB at 267.6 KB/sec)
Downloading: http://repo.maven.apache.org/maven2/velocity/velocity-dep/1.4/velocity-dep-1.4.jar
116/157 KB   130/185 KB   26/26 KB                117/157 KB   130/185 KB   26/26 KB   119/157 KB   130/185 KB   26/26 KB   120/157 KB   130/185 KB   26/26 KB   121/157 KB   130/185 KB   26/26 KB   123/157 KB   130/185 KB   26/26 KB   124/157 KB   130/185 KB   26/26 KB   126/157 KB   130/185 KB   26/26 KB   127/157 KB   130/185 KB   26/26 KB   128/157 KB   130/185 KB   26/26 KB   130/157 KB   130/185 KB   26/26 KB   131/157 KB   130/185 KB   26/26 KB   133/157 KB   130/185 KB   26/26 KB   134/157 KB   130/185 KB   26/26 KB   135/157 KB   130/185 KB   26/26 KB   137/157 KB   130/185 KB   26/26 KB   138/157 KB   130/185 KB   26/26 KB   139/157 KB   130/185 KB   26/26 KB   141/157 KB   130/185 KB   26/26 KB   141/157 KB   130/185 KB   2/353 KB   26/26 KB   141/157 KB   130/185 KB   3/353 KB   26/26 KB   141/157 KB   130/185 KB   4/353 KB   26/26 KB   141/157 KB   130/185 KB   6/353 KB   26/26 KB   141/157 KB   130/185 KB   7/353 KB   26/26 KB   141/157 KB   130/185 KB   9/353 KB   26/26 KB   141/157 KB   130/185 KB   10/353 KB   26/26 KB   141/157 KB   130/185 KB   11/353 KB   26/26 KB   141/157 KB   130/185 KB   13/353 KB   26/26 KB   141/157 KB   130/185 KB   14/353 KB   26/26 KB   141/157 KB   130/185 KB   15/353 KB   26/26 KB   141/157 KB   130/185 KB   16/353 KB   26/26 KB   141/157 KB   130/185 KB   17/353 KB   26/26 KB   141/157 KB   130/185 KB   19/353 KB   26/26 KB   141/157 KB   130/185 KB   20/353 KB   26/26 KB   141/157 KB   130/185 KB   21/353 KB   26/26 KB   141/157 KB   130/185 KB   23/353 KB   26/26 KB   141/157 KB   130/185 KB   24/353 KB   26/26 KB   141/157 KB   130/185 KB   26/353 KB   26/26 KB   141/157 KB   130/185 KB   27/353 KB   26/26 KB   141/157 KB   130/185 KB   28/353 KB   26/26 KB   141/157 KB   130/185 KB   30/353 KB   26/26 KB   141/157 KB   130/185 KB   30/353 KB   26/26 KB   141/157 KB   130/185 KB   32/353 KB   26/26 KB   141/157 KB   130/185 KB   33/353 KB   26/26 KB   141/157 KB   130/185 KB   34/353 KB   26/26 KB   141/157 KB   130/185 KB   36/353 KB   26/26 KB   141/157 KB   130/185 KB   37/353 KB   26/26 KB   141/157 KB   130/185 KB   38/353 KB   26/26 KB   141/157 KB   130/185 KB   40/353 KB   26/26 KB   141/157 KB   130/185 KB   41/353 KB   26/26 KB   141/157 KB   130/185 KB   43/353 KB   26/26 KB   141/157 KB   130/185 KB   44/353 KB   26/26 KB   141/157 KB   130/185 KB   45/353 KB   26/26 KB   141/157 KB   130/185 KB   47/353 KB   26/26 KB   141/157 KB   130/185 KB   47/353 KB   26/26 KB   141/157 KB   130/185 KB   49/353 KB   26/26 KB   141/157 KB   130/185 KB   50/353 KB   26/26 KB   141/157 KB   130/185 KB   51/353 KB   26/26 KB   141/157 KB   130/185 KB   53/353 KB   26/26 KB   141/157 KB   130/185 KB   57/353 KB   26/26 KB   141/157 KB   130/185 KB   58/353 KB   26/26 KB   141/157 KB   130/185 KB   60/353 KB   26/26 KB   141/157 KB   130/185 KB   61/353 KB   26/26 KB   141/157 KB   130/185 KB   62/353 KB   26/26 KB   141/157 KB   130/185 KB   64/353 KB   26/26 KB   141/157 KB   130/185 KB   65/353 KB   26/26 KB   141/157 KB   130/185 KB   66/353 KB   26/26 KB   141/157 KB   130/185 KB   67/353 KB   26/26 KB   141/157 KB   130/185 KB   69/353 KB   26/26 KB   141/157 KB   130/185 KB   70/353 KB   26/26 KB   141/157 KB   130/185 KB   71/353 KB   26/26 KB   141/157 KB   130/185 KB   73/353 KB   26/26 KB   141/157 KB   130/185 KB   74/353 KB   26/26 KB   141/157 KB   130/185 KB   76/353 KB   26/26 KB   141/157 KB   130/185 KB   77/353 KB   26/26 KB   141/157 KB   130/185 KB   78/353 KB   26/26 KB   141/157 KB   130/185 KB   80/353 KB   26/26 KB   141/157 KB   130/185 KB   81/353 KB   26/26 KB   141/157 KB   130/185 KB   82/353 KB   26/26 KB   141/157 KB   130/185 KB   84/353 KB   26/26 KB   141/157 KB   130/185 KB   85/353 KB   26/26 KB   141/157 KB   130/185 KB   86/353 KB   26/26 KB   141/157 KB   130/185 KB   87/353 KB   26/26 KB   141/157 KB   130/185 KB   89/353 KB   26/26 KB   141/157 KB   130/185 KB   90/353 KB   26/26 KB   141/157 KB   130/185 KB   91/353 KB   26/26 KB   141/157 KB   130/185 KB   93/353 KB   26/26 KB   141/157 KB   130/185 KB   93/353 KB   26/26 KB   141/157 KB   130/185 KB   94/353 KB   26/26 KB   141/157 KB   130/185 KB   96/353 KB   26/26 KB   141/157 KB   130/185 KB   97/353 KB   26/26 KB   141/157 KB   130/185 KB   98/353 KB   26/26 KB   141/157 KB   130/185 KB   99/353 KB   26/26 KB   141/157 KB   130/185 KB   100/353 KB   26/26 KB   141/157 KB   130/185 KB   101/353 KB   26/26 KB   141/157 KB   130/185 KB   103/353 KB   26/26 KB   141/157 KB   130/185 KB   104/353 KB   26/26 KB   141/157 KB   130/185 KB   104/353 KB   26/26 KB   141/157 KB   130/185 KB   106/353 KB   26/26 KB   141/157 KB   130/185 KB   107/353 KB   26/26 KB   141/157 KB   130/185 KB   108/353 KB   26/26 KB   141/157 KB   130/185 KB   110/353 KB   26/26 KB   141/157 KB   130/185 KB   111/353 KB   26/26 KB   141/157 KB   130/185 KB   113/353 KB   26/26 KB   141/157 KB   130/185 KB   114/353 KB   26/26 KB   141/157 KB   130/185 KB   116/353 KB   26/26 KB   141/157 KB   130/185 KB   117/353 KB   26/26 KB   141/157 KB   130/185 KB   118/353 KB   26/26 KB   141/157 KB   130/185 KB   120/353 KB   26/26 KB   141/157 KB   130/185 KB   121/353 KB   26/26 KB   141/157 KB   130/185 KB   123/353 KB   26/26 KB   141/157 KB   130/185 KB   124/353 KB   26/26 KB   141/157 KB   130/185 KB   125/353 KB   26/26 KB   141/157 KB   130/185 KB   127/353 KB   26/26 KB   141/157 KB   130/185 KB   128/353 KB   26/26 KB   141/157 KB   130/185 KB   130/353 KB   26/26 KB   142/157 KB   130/185 KB   130/353 KB   26/26 KB   144/157 KB   130/185 KB   130/353 KB   26/26 KB   145/157 KB   130/185 KB   130/353 KB   26/26 KB   146/157 KB   130/185 KB   130/353 KB   26/26 KB   148/157 KB   130/185 KB   130/353 KB   26/26 KB   149/157 KB   130/185 KB   130/353 KB   26/26 KB   150/157 KB   130/185 KB   130/353 KB   26/26 KB   152/157 KB   130/185 KB   130/353 KB   26/26 KB   153/157 KB   130/185 KB   130/353 KB   26/26 KB   155/157 KB   130/185 KB   130/353 KB   26/26 KB   156/157 KB   130/185 KB   130/353 KB   26/26 KB   157/157 KB   130/185 KB   130/353 KB   26/26 KB                                                     Downloaded: http://repo.maven.apache.org/maven2/commons-logging/commons-logging-api/1.0.4/commons-logging-api-1.0.4.jar (26 KB at 52.9 KB/sec)
Downloading: http://repo.maven.apache.org/maven2/org/apache/maven/doxia/doxia-decoration-model/1.0-alpha-7/doxia-decoration-model-1.0-alpha-7.jar
157/157 KB   131/185 KB   130/353 KB              157/157 KB   133/185 KB   130/353 KB   157/157 KB   134/185 KB   130/353 KB   157/157 KB   136/185 KB   130/353 KB   157/157 KB   137/185 KB   130/353 KB   157/157 KB   138/185 KB   130/353 KB   157/157 KB   140/185 KB   130/353 KB   157/157 KB   141/185 KB   130/353 KB   157/157 KB   142/185 KB   130/353 KB   157/157 KB   144/185 KB   130/353 KB   157/157 KB   144/185 KB   2/506 KB   130/353 KB   157/157 KB   144/185 KB   3/506 KB   130/353 KB   157/157 KB   144/185 KB   4/506 KB   130/353 KB   157/157 KB   144/185 KB   6/506 KB   130/353 KB   157/157 KB   144/185 KB   7/506 KB   130/353 KB   157/157 KB   144/185 KB   9/506 KB   130/353 KB   157/157 KB   144/185 KB   10/506 KB   130/353 KB   157/157 KB   144/185 KB   11/506 KB   130/353 KB   157/157 KB   144/185 KB   13/506 KB   130/353 KB   157/157 KB   144/185 KB   14/506 KB   130/353 KB   157/157 KB   144/185 KB   15/506 KB   130/353 KB   157/157 KB   144/185 KB   16/506 KB   130/353 KB   157/157 KB   144/185 KB   17/506 KB   130/353 KB   157/157 KB   144/185 KB   19/506 KB   130/353 KB   157/157 KB   144/185 KB   20/506 KB   130/353 KB   157/157 KB   144/185 KB   21/506 KB   130/353 KB   157/157 KB   144/185 KB   23/506 KB   130/353 KB   157/157 KB   144/185 KB   24/506 KB   130/353 KB   157/157 KB   144/185 KB   26/506 KB   130/353 KB   157/157 KB   144/185 KB   27/506 KB   130/353 KB   157/157 KB   144/185 KB   28/506 KB   130/353 KB   157/157 KB   144/185 KB   30/506 KB   130/353 KB   157/157 KB   144/185 KB   30/506 KB   130/353 KB   157/157 KB   144/185 KB   32/506 KB   130/353 KB   157/157 KB   144/185 KB   33/506 KB   130/353 KB   157/157 KB   144/185 KB   34/506 KB   130/353 KB   157/157 KB   144/185 KB   36/506 KB   130/353 KB   157/157 KB   144/185 KB   37/506 KB   130/353 KB   157/157 KB   144/185 KB   38/506 KB   130/353 KB   157/157 KB   144/185 KB   40/506 KB   130/353 KB   157/157 KB   144/185 KB   41/506 KB   130/353 KB   157/157 KB   144/185 KB   43/506 KB   130/353 KB   157/157 KB   144/185 KB   44/506 KB   130/353 KB   157/157 KB   144/185 KB   45/506 KB   130/353 KB   157/157 KB   144/185 KB   47/506 KB   130/353 KB   157/157 KB   144/185 KB   48/506 KB   130/353 KB   157/157 KB   144/185 KB   49/506 KB   130/353 KB   157/157 KB   144/185 KB   50/506 KB   130/353 KB   157/157 KB   144/185 KB   52/506 KB   130/353 KB   157/157 KB   144/185 KB   53/506 KB   130/353 KB   157/157 KB   144/185 KB   54/506 KB   130/353 KB   157/157 KB   144/185 KB   56/506 KB   130/353 KB   157/157 KB   144/185 KB   57/506 KB   130/353 KB   157/157 KB   144/185 KB   58/506 KB   130/353 KB   157/157 KB   144/185 KB   60/506 KB   130/353 KB   157/157 KB   144/185 KB   61/506 KB   130/353 KB   157/157 KB   144/185 KB   63/506 KB   130/353 KB   157/157 KB   144/185 KB   64/506 KB   130/353 KB   157/157 KB   144/185 KB   65/506 KB   130/353 KB   157/157 KB   144/185 KB   67/506 KB   130/353 KB   157/157 KB   144/185 KB   68/506 KB   130/353 KB   157/157 KB   144/185 KB   69/506 KB   130/353 KB   157/157 KB   144/185 KB   71/506 KB   130/353 KB   157/157 KB   144/185 KB   72/506 KB   130/353 KB   157/157 KB   144/185 KB   73/506 KB   130/353 KB   157/157 KB   144/185 KB   74/506 KB   130/353 KB   157/157 KB   144/185 KB   76/506 KB   130/353 KB   157/157 KB   144/185 KB   77/506 KB   130/353 KB   157/157 KB   144/185 KB   78/506 KB   130/353 KB   157/157 KB   144/185 KB   80/506 KB   130/353 KB   157/157 KB   144/185 KB   81/506 KB   130/353 KB   157/157 KB   144/185 KB   83/506 KB   130/353 KB   157/157 KB   144/185 KB   84/506 KB   130/353 KB   157/157 KB   144/185 KB   85/506 KB   130/353 KB   157/157 KB   144/185 KB   87/506 KB   130/353 KB   157/157 KB   144/185 KB   88/506 KB   130/353 KB   157/157 KB   144/185 KB   89/506 KB   130/353 KB   157/157 KB   144/185 KB   91/506 KB   130/353 KB   157/157 KB   144/185 KB   92/506 KB   130/353 KB   157/157 KB   144/185 KB   94/506 KB   130/353 KB   157/157 KB   144/185 KB   95/506 KB   130/353 KB   157/157 KB   144/185 KB   96/506 KB   130/353 KB   157/157 KB   144/185 KB   97/506 KB   130/353 KB   157/157 KB   144/185 KB   99/506 KB   130/353 KB   157/157 KB   144/185 KB   100/506 KB   130/353 KB   157/157 KB   144/185 KB   101/506 KB   130/353 KB   157/157 KB   144/185 KB   103/506 KB   130/353 KB   157/157 KB   144/185 KB   104/506 KB   130/353 KB   157/157 KB   144/185 KB   106/506 KB   130/353 KB   157/157 KB   144/185 KB   107/506 KB   130/353 KB   157/157 KB   144/185 KB   108/506 KB   130/353 KB   157/157 KB   144/185 KB   110/506 KB   130/353 KB   157/157 KB   144/185 KB   111/506 KB   130/353 KB   157/157 KB   144/185 KB   112/506 KB   130/353 KB   157/157 KB   144/185 KB   112/506 KB   131/353 KB   157/157 KB   144/185 KB   112/506 KB   132/353 KB   157/157 KB   144/185 KB   112/506 KB   134/353 KB   157/157 KB   144/185 KB   112/506 KB   135/353 KB   157/157 KB   144/185 KB   112/506 KB   136/353 KB   157/157 KB   144/185 KB   112/506 KB   138/353 KB   157/157 KB   144/185 KB   112/506 KB   139/353 KB   157/157 KB   144/185 KB   112/506 KB   141/353 KB   157/157 KB   144/185 KB   112/506 KB   142/353 KB   157/157 KB   144/185 KB   112/506 KB   143/353 KB   157/157 KB   144/185 KB   112/506 KB   145/353 KB   157/157 KB   144/185 KB   112/506 KB   146/353 KB   157/157 KB   144/185 KB   112/506 KB   147/353 KB   157/157 KB   144/185 KB   112/506 KB   149/353 KB   157/157 KB   144/185 KB   112/506 KB   150/353 KB   157/157 KB   144/185 KB   112/506 KB   152/353 KB   157/157 KB   144/185 KB   112/506 KB   153/353 KB   157/157 KB   144/185 KB   112/506 KB   154/353 KB   157/157 KB   144/185 KB   112/506 KB   156/353 KB   157/157 KB   144/185 KB   112/506 KB   157/353 KB   157/157 KB   144/185 KB   112/506 KB   158/353 KB   157/157 KB   144/185 KB   112/506 KB   160/353 KB   157/157 KB   144/185 KB   112/506 KB   161/353 KB   157/157 KB   144/185 KB   112/506 KB   163/353 KB   157/157 KB   144/185 KB   112/506 KB   164/353 KB   157/157 KB   144/185 KB   112/506 KB   165/353 KB   157/157 KB   144/185 KB   112/506 KB   167/353 KB   157/157 KB   144/185 KB   112/506 KB   168/353 KB   157/157 KB   144/185 KB   112/506 KB   169/353 KB   157/157 KB   144/185 KB   112/506 KB   171/353 KB   157/157 KB   144/185 KB   112/506 KB   172/353 KB   157/157 KB   144/185 KB   112/506 KB   174/353 KB   157/157 KB   144/185 KB   112/506 KB   175/353 KB   157/157 KB   144/185 KB   112/506 KB   176/353 KB   157/157 KB   144/185 KB   112/506 KB   178/353 KB   157/157 KB   144/185 KB   112/506 KB   179/353 KB   157/157 KB   144/185 KB   112/506 KB   181/353 KB   157/157 KB   144/185 KB   112/506 KB   182/353 KB   157/157 KB   144/185 KB   112/506 KB   183/353 KB   157/157 KB   145/185 KB   112/506 KB   183/353 KB   157/157 KB   147/185 KB   112/506 KB   183/353 KB   157/157 KB   148/185 KB   112/506 KB   183/353 KB   157/157 KB   148/185 KB   112/506 KB   183/353 KB   2/38 KB   157/157 KB   148/185 KB   112/506 KB   183/353 KB   3/38 KB   157/157 KB   148/185 KB   112/506 KB   183/353 KB   4/38 KB   157/157 KB   148/185 KB   112/506 KB   183/353 KB   6/38 KB   157/157 KB   148/185 KB   112/506 KB   183/353 KB   7/38 KB   157/157 KB   148/185 KB   112/506 KB   183/353 KB   9/38 KB   157/157 KB   148/185 KB   112/506 KB   183/353 KB   10/38 KB   157/157 KB   148/185 KB   112/506 KB   183/353 KB   11/38 KB   157/157 KB   148/185 KB   112/506 KB   183/353 KB   13/38 KB   157/157 KB   148/185 KB   112/506 KB   183/353 KB   14/38 KB   157/157 KB   148/185 KB   112/506 KB   183/353 KB   15/38 KB   157/157 KB   148/185 KB   112/506 KB   183/353 KB   16/38 KB   157/157 KB   148/185 KB   112/506 KB   183/353 KB   17/38 KB   157/157 KB   148/185 KB   112/506 KB   183/353 KB   19/38 KB   157/157 KB   148/185 KB   112/506 KB   183/353 KB   20/38 KB   157/157 KB   148/185 KB   112/506 KB   183/353 KB   21/38 KB   157/157 KB   148/185 KB   112/506 KB   183/353 KB   23/38 KB   157/157 KB   148/185 KB   112/506 KB   183/353 KB   24/38 KB   157/157 KB   148/185 KB   112/506 KB   183/353 KB   26/38 KB   157/157 KB   148/185 KB   112/506 KB   183/353 KB   27/38 KB   157/157 KB   148/185 KB   112/506 KB   183/353 KB   28/38 KB   157/157 KB   149/185 KB   112/506 KB   183/353 KB   28/38 KB   157/157 KB   149/185 KB   114/506 KB   183/353 KB   28/38 KB   157/157 KB   149/185 KB   114/506 KB   187/353 KB   28/38 KB   157/157 KB   149/185 KB   114/506 KB   190/353 KB   28/38 KB   157/157 KB   149/185 KB   114/506 KB   192/353 KB   28/38 KB   157/157 KB   149/185 KB   114/506 KB   196/353 KB   28/38 KB   157/157 KB   149/185 KB   114/506 KB   200/353 KB   28/38 KB   157/157 KB   149/185 KB   114/506 KB   204/353 KB   28/38 KB   157/157 KB   149/185 KB   114/506 KB   208/353 KB   28/38 KB   157/157 KB   149/185 KB   114/506 KB   212/353 KB   28/38 KB   157/157 KB   149/185 KB   114/506 KB   212/353 KB   28/38 KB   157/157 KB   149/185 KB   114/506 KB   214/353 KB   28/38 KB   157/157 KB   149/185 KB   114/506 KB   218/353 KB   28/38 KB   157/157 KB   149/185 KB   114/506 KB   222/353 KB   28/38 KB   157/157 KB   149/185 KB   114/506 KB   226/353 KB   28/38 KB   157/157 KB   149/185 KB   114/506 KB   226/353 KB   28/38 KB   157/157 KB   149/185 KB   114/506 KB   230/353 KB   28/38 KB   157/157 KB   149/185 KB   114/506 KB   234/353 KB   28/38 KB   157/157 KB   149/185 KB   114/506 KB   238/353 KB   28/38 KB   157/157 KB   149/185 KB   114/506 KB   242/353 KB   28/38 KB   157/157 KB   149/185 KB   114/506 KB   245/353 KB   28/38 KB   157/157 KB   149/185 KB   114/506 KB   247/353 KB   28/38 KB   157/157 KB   149/185 KB   114/506 KB   251/353 KB   28/38 KB   157/157 KB   149/185 KB   114/506 KB   251/353 KB   28/38 KB   157/157 KB   149/185 KB   114/506 KB   254/353 KB   28/38 KB   157/157 KB   149/185 KB   114/506 KB   256/353 KB   28/38 KB   157/157 KB   149/185 KB   114/506 KB   258/353 KB   28/38 KB   157/157 KB   149/185 KB   114/506 KB   262/353 KB   28/38 KB   157/157 KB   149/185 KB   114/506 KB   262/353 KB   28/38 KB   157/157 KB   149/185 KB   114/506 KB   263/353 KB   28/38 KB   157/157 KB   149/185 KB   114/506 KB   265/353 KB   28/38 KB   157/157 KB   149/185 KB   114/506 KB   267/353 KB   28/38 KB   157/157 KB   149/185 KB   114/506 KB   269/353 KB   28/38 KB   157/157 KB   149/185 KB   114/506 KB   273/353 KB   28/38 KB   157/157 KB   149/185 KB   114/506 KB   277/353 KB   28/38 KB   157/157 KB   149/185 KB   114/506 KB   280/353 KB   28/38 KB   157/157 KB   149/185 KB   114/506 KB   281/353 KB   28/38 KB   157/157 KB   149/185 KB   114/506 KB   285/353 KB   28/38 KB   157/157 KB   149/185 KB   114/506 KB   289/353 KB   28/38 KB   157/157 KB   149/185 KB   114/506 KB   293/353 KB   28/38 KB   157/157 KB   149/185 KB   114/506 KB   294/353 KB   28/38 KB   157/157 KB   151/185 KB   114/506 KB   294/353 KB   28/38 KB   157/157 KB   151/185 KB   115/506 KB   294/353 KB   28/38 KB   157/157 KB   151/185 KB   119/506 KB   294/353 KB   28/38 KB   157/157 KB   151/185 KB   121/506 KB   294/353 KB   28/38 KB   157/157 KB   151/185 KB   122/506 KB   294/353 KB   28/38 KB   157/157 KB   151/185 KB   126/506 KB   294/353 KB   28/38 KB   157/157 KB   151/185 KB   128/506 KB   294/353 KB   28/38 KB   157/157 KB   151/185 KB   129/506 KB   294/353 KB   28/38 KB   157/157 KB   151/185 KB   133/506 KB   294/353 KB   28/38 KB   157/157 KB   151/185 KB   136/506 KB   294/353 KB   28/38 KB   157/157 KB   151/185 KB   140/506 KB   294/353 KB   28/38 KB   157/157 KB   151/185 KB   140/506 KB   294/353 KB   28/38 KB   157/157 KB   151/185 KB   144/506 KB   294/353 KB   28/38 KB   157/157 KB   151/185 KB   147/506 KB   294/353 KB   28/38 KB   157/157 KB   151/185 KB   150/506 KB   294/353 KB   28/38 KB   157/157 KB   151/185 KB   154/506 KB   294/353 KB   28/38 KB   157/157 KB   151/185 KB   154/506 KB   294/353 KB   28/38 KB   157/157 KB   151/185 KB   157/506 KB   294/353 KB   28/38 KB   157/157 KB   151/185 KB   161/506 KB   294/353 KB   28/38 KB   157/157 KB   151/185 KB   161/506 KB   294/353 KB   28/38 KB   157/157 KB   151/185 KB   163/506 KB   294/353 KB   28/38 KB   157/157 KB   151/185 KB   166/506 KB   294/353 KB   28/38 KB   157/157 KB   151/185 KB   168/506 KB   294/353 KB   28/38 KB   157/157 KB   151/185 KB   170/506 KB   294/353 KB   28/38 KB   157/157 KB   151/185 KB   174/506 KB   294/353 KB   28/38 KB   157/157 KB   151/185 KB   174/506 KB   294/353 KB   28/38 KB   157/157 KB   151/185 KB   178/506 KB   294/353 KB   28/38 KB   157/157 KB   151/185 KB   180/506 KB   294/353 KB   28/38 KB   157/157 KB   151/185 KB   181/506 KB   294/353 KB   28/38 KB   157/157 KB   151/185 KB   185/506 KB   294/353 KB   28/38 KB   157/157 KB   151/185 KB   187/506 KB   294/353 KB   28/38 KB   157/157 KB   151/185 KB   188/506 KB   294/353 KB   28/38 KB   157/157 KB   151/185 KB   190/506 KB   294/353 KB   28/38 KB   157/157 KB   151/185 KB   191/506 KB   294/353 KB   28/38 KB   157/157 KB   151/185 KB   195/506 KB   294/353 KB   28/38 KB   157/157 KB   151/185 KB   195/506 KB   294/353 KB   28/38 KB   157/157 KB   151/185 KB   199/506 KB   294/353 KB   28/38 KB   157/157 KB   151/185 KB   199/506 KB   294/353 KB   28/38 KB   157/157 KB   151/185 KB   203/506 KB   294/353 KB   28/38 KB   157/157 KB   151/185 KB   205/506 KB   294/353 KB   28/38 KB   157/157 KB   151/185 KB   206/506 KB   294/353 KB   28/38 KB   157/157 KB   151/185 KB   209/506 KB   294/353 KB   28/38 KB   157/157 KB   151/185 KB   213/506 KB   294/353 KB   28/38 KB   157/157 KB   151/185 KB   213/506 KB   294/353 KB   28/38 KB   157/157 KB   151/185 KB   216/506 KB   294/353 KB   28/38 KB   157/157 KB   151/185 KB   220/506 KB   294/353 KB   28/38 KB   157/157 KB   151/185 KB   220/506 KB   294/353 KB   28/38 KB   157/157 KB   151/185 KB   223/506 KB   294/353 KB   28/38 KB   157/157 KB   151/185 KB   227/506 KB   294/353 KB   28/38 KB   157/157 KB   151/185 KB   230/506 KB   294/353 KB   28/38 KB   157/157 KB   151/185 KB   232/506 KB   294/353 KB   28/38 KB   157/157 KB   151/185 KB   234/506 KB   294/353 KB   28/38 KB   157/157 KB   151/185 KB   238/506 KB   294/353 KB   28/38 KB   157/157 KB   151/185 KB   238/506 KB   294/353 KB   28/38 KB   157/157 KB   151/185 KB   241/506 KB   294/353 KB   28/38 KB   157/157 KB   151/185 KB   245/506 KB   294/353 KB   28/38 KB   157/157 KB   151/185 KB   245/506 KB   294/353 KB   28/38 KB   157/157 KB   151/185 KB   246/506 KB   294/353 KB   28/38 KB   157/157 KB   151/185 KB   248/506 KB   294/353 KB   28/38 KB   157/157 KB   151/185 KB   252/506 KB   294/353 KB   28/38 KB   157/157 KB   151/185 KB   253/506 KB   294/353 KB   28/38 KB   157/157 KB   151/185 KB   253/506 KB   296/353 KB   28/38 KB   157/157 KB   151/185 KB   254/506 KB   296/353 KB   28/38 KB   157/157 KB   151/185 KB   258/506 KB   296/353 KB   28/38 KB   157/157 KB   151/185 KB   259/506 KB   296/353 KB   28/38 KB   157/157 KB   151/185 KB   261/506 KB   296/353 KB   28/38 KB   157/157 KB   151/185 KB   265/506 KB   296/353 KB   28/38 KB   157/157 KB   151/185 KB   265/506 KB   296/353 KB   28/38 KB   157/157 KB   151/185 KB   268/506 KB   296/353 KB   28/38 KB   157/157 KB   151/185 KB   272/506 KB   296/353 KB   28/38 KB   157/157 KB   151/185 KB   272/506 KB   296/353 KB   28/38 KB   157/157 KB   151/185 KB   275/506 KB   296/353 KB   28/38 KB   157/157 KB   151/185 KB   278/506 KB   296/353 KB   28/38 KB   157/157 KB   151/185 KB   281/506 KB   296/353 KB   28/38 KB   157/157 KB   151/185 KB   282/506 KB   296/353 KB   28/38 KB   157/157 KB   151/185 KB   286/506 KB   296/353 KB   28/38 KB   157/157 KB   151/185 KB   289/506 KB   296/353 KB   28/38 KB   157/157 KB   151/185 KB   292/506 KB   296/353 KB   28/38 KB   157/157 KB   151/185 KB   294/506 KB   296/353 KB   28/38 KB   157/157 KB   151/185 KB   296/506 KB   296/353 KB   28/38 KB   157/157 KB   151/185 KB   299/506 KB   296/353 KB   28/38 KB   157/157 KB   151/185 KB   303/506 KB   296/353 KB   28/38 KB   157/157 KB   151/185 KB   307/506 KB   296/353 KB   28/38 KB   157/157 KB   151/185 KB   311/506 KB   296/353 KB   28/38 KB   157/157 KB   151/185 KB   315/506 KB   296/353 KB   28/38 KB   157/157 KB   151/185 KB   319/506 KB   296/353 KB   28/38 KB   157/157 KB   151/185 KB   321/506 KB   296/353 KB   28/38 KB   157/157 KB   151/185 KB   321/506 KB   298/353 KB   28/38 KB   157/157 KB   151/185 KB   321/506 KB   299/353 KB   28/38 KB   157/157 KB   151/185 KB   321/506 KB   303/353 KB   28/38 KB   157/157 KB   151/185 KB   321/506 KB   303/353 KB   28/38 KB   157/157 KB   151/185 KB   321/506 KB   306/353 KB   28/38 KB   157/157 KB   151/185 KB   321/506 KB   309/353 KB   28/38 KB   157/157 KB   151/185 KB   321/506 KB   310/353 KB   28/38 KB   157/157 KB   151/185 KB   321/506 KB   313/353 KB   28/38 KB   157/157 KB   151/185 KB   321/506 KB   317/353 KB   28/38 KB   157/157 KB   151/185 KB   321/506 KB   317/353 KB   28/38 KB   157/157 KB   151/185 KB   321/506 KB   321/353 KB   28/38 KB   157/157 KB   151/185 KB   321/506 KB   325/353 KB   28/38 KB   157/157 KB   151/185 KB   321/506 KB   329/353 KB   28/38 KB   157/157 KB   151/185 KB   321/506 KB   333/353 KB   28/38 KB   157/157 KB   151/185 KB   321/506 KB   337/353 KB   28/38 KB   157/157 KB   151/185 KB   321/506 KB   341/353 KB   28/38 KB   157/157 KB   151/185 KB   321/506 KB   342/353 KB   28/38 KB   157/157 KB   154/185 KB   321/506 KB   342/353 KB   28/38 KB   157/157 KB   155/185 KB   321/506 KB   342/353 KB   28/38 KB   157/157 KB   155/185 KB   321/506 KB   346/353 KB   28/38 KB   157/157 KB   155/185 KB   321/506 KB   350/353 KB   28/38 KB   157/157 KB   155/185 KB   321/506 KB   350/353 KB   28/38 KB   157/157 KB   159/185 KB   321/506 KB   350/353 KB   28/38 KB   157/157 KB   163/185 KB   321/506 KB   350/353 KB   28/38 KB   157/157 KB   167/185 KB   321/506 KB   350/353 KB   28/38 KB   157/157 KB   167/185 KB   321/506 KB   350/353 KB   28/38 KB   157/157 KB   169/185 KB   321/506 KB   350/353 KB   28/38 KB   157/157 KB   170/185 KB   321/506 KB   350/353 KB   28/38 KB   157/157 KB   171/185 KB   321/506 KB   350/353 KB   28/38 KB   157/157 KB   173/185 KB   321/506 KB   350/353 KB   28/38 KB   157/157 KB   174/185 KB   321/506 KB   350/353 KB   28/38 KB   157/157 KB   174/185 KB   322/506 KB   350/353 KB   28/38 KB   157/157 KB   174/185 KB   324/506 KB   350/353 KB   28/38 KB   157/157 KB   174/185 KB   325/506 KB   350/353 KB   28/38 KB   157/157 KB   174/185 KB   327/506 KB   350/353 KB   28/38 KB   157/157 KB   174/185 KB   328/506 KB   350/353 KB   28/38 KB   157/157 KB   174/185 KB   329/506 KB   350/353 KB   28/38 KB   157/157 KB   174/185 KB   331/506 KB   350/353 KB   28/38 KB   157/157 KB   174/185 KB   332/506 KB   350/353 KB   28/38 KB   157/157 KB   174/185 KB   333/506 KB   350/353 KB   28/38 KB   157/157 KB   174/185 KB   335/506 KB   350/353 KB   28/38 KB   157/157 KB   174/185 KB   336/506 KB   350/353 KB   28/38 KB   157/157 KB   174/185 KB   338/506 KB   350/353 KB   28/38 KB   157/157 KB   174/185 KB   339/506 KB   350/353 KB   28/38 KB   157/157 KB   174/185 KB   340/506 KB   350/353 KB   28/38 KB   157/157 KB   174/185 KB   342/506 KB   350/353 KB   28/38 KB   157/157 KB   174/185 KB   343/506 KB   350/353 KB   28/38 KB   157/157 KB   174/185 KB   345/506 KB   350/353 KB   28/38 KB   157/157 KB   174/185 KB   346/506 KB   350/353 KB   28/38 KB   157/157 KB   174/185 KB   347/506 KB   350/353 KB   28/38 KB   157/157 KB   174/185 KB   349/506 KB   350/353 KB   28/38 KB   157/157 KB   174/185 KB   350/506 KB   350/353 KB   28/38 KB   157/157 KB   174/185 KB   351/506 KB   350/353 KB   28/38 KB   157/157 KB   174/185 KB   353/506 KB   350/353 KB   28/38 KB   157/157 KB   174/185 KB   354/506 KB   350/353 KB   28/38 KB   157/157 KB   174/185 KB   356/506 KB   350/353 KB   28/38 KB   157/157 KB   174/185 KB   357/506 KB   350/353 KB   28/38 KB   157/157 KB   174/185 KB   358/506 KB   350/353 KB   28/38 KB   157/157 KB   174/185 KB   360/506 KB   350/353 KB   28/38 KB   157/157 KB   174/185 KB   361/506 KB   350/353 KB   28/38 KB   157/157 KB   174/185 KB   362/506 KB   350/353 KB   28/38 KB   157/157 KB   174/185 KB   364/506 KB   350/353 KB   28/38 KB   157/157 KB   174/185 KB   365/506 KB   350/353 KB   28/38 KB   157/157 KB   174/185 KB   367/506 KB   350/353 KB   28/38 KB   157/157 KB   174/185 KB   368/506 KB   350/353 KB   28/38 KB   157/157 KB   174/185 KB   369/506 KB   350/353 KB   28/38 KB   157/157 KB   174/185 KB   371/506 KB   350/353 KB   28/38 KB   157/157 KB   174/185 KB   372/506 KB   350/353 KB   28/38 KB   157/157 KB   174/185 KB   373/506 KB   350/353 KB   28/38 KB   157/157 KB   174/185 KB   375/506 KB   350/353 KB   28/38 KB   157/157 KB   174/185 KB   376/506 KB   350/353 KB   28/38 KB   157/157 KB   174/185 KB   378/506 KB   350/353 KB   28/38 KB   157/157 KB   174/185 KB   379/506 KB   350/353 KB   28/38 KB   157/157 KB   174/185 KB   380/506 KB   350/353 KB   28/38 KB   157/157 KB   174/185 KB   382/506 KB   350/353 KB   28/38 KB   157/157 KB   174/185 KB   383/506 KB   350/353 KB   28/38 KB   157/157 KB   174/185 KB   385/506 KB   350/353 KB   28/38 KB   157/157 KB   174/185 KB   386/506 KB   350/353 KB   28/38 KB   157/157 KB   174/185 KB   387/506 KB   350/353 KB   28/38 KB   157/157 KB   174/185 KB   389/506 KB   350/353 KB   28/38 KB   157/157 KB   174/185 KB   390/506 KB   350/353 KB   28/38 KB                                                                  Downloaded: http://repo.maven.apache.org/maven2/plexus/plexus-utils/1.0.2/plexus-utils-1.0.2.jar (157 KB at 104.3 KB/sec)
174/185 KB   391/506 KB   350/353 KB   28/38 KB                174/185 KB   393/506 KB   350/353 KB   28/38 KB   174/185 KB   394/506 KB   350/353 KB   28/38 KB   174/185 KB   396/506 KB   350/353 KB   28/38 KB   174/185 KB   397/506 KB   350/353 KB   28/38 KB   174/185 KB   398/506 KB   350/353 KB   28/38 KB   174/185 KB   400/506 KB   350/353 KB   28/38 KB   174/185 KB   401/506 KB   350/353 KB   28/38 KB   174/185 KB   402/506 KB   350/353 KB   28/38 KB   174/185 KB   404/506 KB   350/353 KB   28/38 KB   176/185 KB   404/506 KB   350/353 KB   28/38 KB   177/185 KB   404/506 KB   350/353 KB   28/38 KB   178/185 KB   404/506 KB   350/353 KB   28/38 KB   180/185 KB   404/506 KB   350/353 KB   28/38 KB   181/185 KB   404/506 KB   350/353 KB   28/38 KB   182/185 KB   404/506 KB   350/353 KB   28/38 KB   184/185 KB   404/506 KB   350/353 KB   28/38 KB   185/185 KB   404/506 KB   350/353 KB   28/38 KB   185/185 KB   405/506 KB   350/353 KB   28/38 KB   185/185 KB   407/506 KB   350/353 KB   28/38 KB   185/185 KB   408/506 KB   350/353 KB   28/38 KB   185/185 KB   409/506 KB   350/353 KB   28/38 KB   185/185 KB   411/506 KB   350/353 KB   28/38 KB   185/185 KB   412/506 KB   350/353 KB   28/38 KB   185/185 KB   413/506 KB   350/353 KB   28/38 KB   185/185 KB   415/506 KB   350/353 KB   28/38 KB   185/185 KB   416/506 KB   350/353 KB   28/38 KB   185/185 KB   418/506 KB   350/353 KB   28/38 KB   185/185 KB   419/506 KB   350/353 KB   28/38 KB   185/185 KB   420/506 KB   350/353 KB   28/38 KB   185/185 KB   422/506 KB   350/353 KB   28/38 KB   185/185 KB   423/506 KB   350/353 KB   28/38 KB   185/185 KB   424/506 KB   350/353 KB   28/38 KB   185/185 KB   426/506 KB   350/353 KB   28/38 KB   185/185 KB   427/506 KB   350/353 KB   28/38 KB   185/185 KB   429/506 KB   350/353 KB   28/38 KB   185/185 KB   430/506 KB   350/353 KB   28/38 KB   185/185 KB   431/506 KB   350/353 KB   28/38 KB   185/185 KB   433/506 KB   350/353 KB   28/38 KB   185/185 KB   434/506 KB   350/353 KB   28/38 KB   185/185 KB   436/506 KB   350/353 KB   28/38 KB   185/185 KB   437/506 KB   350/353 KB   28/38 KB   185/185 KB   438/506 KB   350/353 KB   28/38 KB   185/185 KB   440/506 KB   350/353 KB   28/38 KB   185/185 KB   441/506 KB   350/353 KB   28/38 KB   185/185 KB   442/506 KB   350/353 KB   28/38 KB   185/185 KB   444/506 KB   350/353 KB   28/38 KB   185/185 KB   445/506 KB   350/353 KB   28/38 KB   185/185 KB   447/506 KB   350/353 KB   28/38 KB   185/185 KB   448/506 KB   350/353 KB   28/38 KB   185/185 KB   449/506 KB   350/353 KB   28/38 KB   185/185 KB   451/506 KB   350/353 KB   28/38 KB   185/185 KB   452/506 KB   350/353 KB   28/38 KB   185/185 KB   453/506 KB   350/353 KB   28/38 KB   185/185 KB   455/506 KB   350/353 KB   28/38 KB   185/185 KB   456/506 KB   350/353 KB   28/38 KB   185/185 KB   458/506 KB   350/353 KB   28/38 KB   185/185 KB   459/506 KB   350/353 KB   28/38 KB   185/185 KB   460/506 KB   350/353 KB   28/38 KB   185/185 KB   462/506 KB   350/353 KB   28/38 KB   185/185 KB   463/506 KB   350/353 KB   28/38 KB   185/185 KB   464/506 KB   350/353 KB   28/38 KB   185/185 KB   466/506 KB   350/353 KB   28/38 KB   185/185 KB   467/506 KB   350/353 KB   28/38 KB   185/185 KB   469/506 KB   350/353 KB   28/38 KB   185/185 KB   470/506 KB   350/353 KB   28/38 KB   185/185 KB   471/506 KB   350/353 KB   28/38 KB   185/185 KB   473/506 KB   350/353 KB   28/38 KB   185/185 KB   474/506 KB   350/353 KB   28/38 KB   185/185 KB   476/506 KB   350/353 KB   28/38 KB   185/185 KB   477/506 KB   350/353 KB   28/38 KB   185/185 KB   478/506 KB   350/353 KB   28/38 KB   185/185 KB   480/506 KB   350/353 KB   28/38 KB   185/185 KB   481/506 KB   350/353 KB   28/38 KB   185/185 KB   482/506 KB   350/353 KB   28/38 KB   185/185 KB   484/506 KB   350/353 KB   28/38 KB   185/185 KB   485/506 KB   350/353 KB   28/38 KB   185/185 KB   487/506 KB   350/353 KB   28/38 KB   185/185 KB   488/506 KB   350/353 KB   28/38 KB   185/185 KB   489/506 KB   350/353 KB   28/38 KB   185/185 KB   491/506 KB   350/353 KB   28/38 KB   185/185 KB   492/506 KB   350/353 KB   28/38 KB   185/185 KB   493/506 KB   350/353 KB   28/38 KB   185/185 KB   495/506 KB   350/353 KB   28/38 KB   185/185 KB   496/506 KB   350/353 KB   28/38 KB   185/185 KB   498/506 KB   350/353 KB   28/38 KB   185/185 KB   499/506 KB   350/353 KB   28/38 KB   185/185 KB   500/506 KB   350/353 KB   28/38 KB   185/185 KB   502/506 KB   350/353 KB   28/38 KB   185/185 KB   503/506 KB   350/353 KB   28/38 KB   185/185 KB   504/506 KB   350/353 KB   28/38 KB   185/185 KB   506/506 KB   350/353 KB   28/38 KB                                                     Downloaded: http://repo.maven.apache.org/maven2/commons-beanutils/commons-beanutils/1.7.0/commons-beanutils-1.7.0.jar (185 KB at 59.6 KB/sec)
                                                  Downloaded: http://repo.maven.apache.org/maven2/velocity/velocity-dep/1.4/velocity-dep-1.4.jar (506 KB at 301.1 KB/sec)
350/353 KB   30/38 KB                             352/353 KB   30/38 KB   353/353 KB   30/38 KB   353/353 KB   30/38 KB   353/353 KB   30/38 KB   353/353 KB   32/38 KB   353/353 KB   33/38 KB   353/353 KB   34/38 KB                           Downloaded: http://repo.maven.apache.org/maven2/velocity/velocity/1.4/velocity-1.4.jar (353 KB at 150.0 KB/sec)
36/38 KB                37/38 KB   38/38 KB              Downloaded: http://repo.maven.apache.org/maven2/org/apache/maven/doxia/doxia-decoration-model/1.0-alpha-7/doxia-decoration-model-1.0-alpha-7.jar (38 KB at 18.8 KB/sec)
[INFO] Copying junit-3.8.1.jar to /Users/josejavierblecuadepedro/Documents/WS_SNSANGELGUARDFB/harvestedSNSAngelGuard/target/dependency/junit-3.8.1.jar
[INFO] 
[INFO] --- maven-resources-plugin:2.5:resources (default-resources) @ harvestedSNSAngelGuard ---
[debug] execute contextualize
[WARNING] Using platform encoding (UTF-8 actually) to copy filtered resources, i.e. build is platform dependent!
[INFO] Copying 0 resource
[INFO] 
[INFO] --- maven-compiler-plugin:2.3.2:compile (default-compile) @ harvestedSNSAngelGuard ---
[WARNING] File encoding has not been set, using platform encoding UTF-8, i.e. build is platform dependent!
[INFO] Compiling 1 source file to /Users/josejavierblecuadepedro/Documents/WS_SNSANGELGUARDFB/harvestedSNSAngelGuard/target/classes
[INFO] 
[INFO] --- maven-resources-plugin:2.5:testResources (default-testResources) @ harvestedSNSAngelGuard ---
[debug] execute contextualize
[WARNING] Using platform encoding (UTF-8 actually) to copy filtered resources, i.e. build is platform dependent!
[INFO] skip non existing resourceDirectory /Users/josejavierblecuadepedro/Documents/WS_SNSANGELGUARDFB/harvestedSNSAngelGuard/src/test/resources
[INFO] 
[INFO] --- maven-compiler-plugin:2.3.2:testCompile (default-testCompile) @ harvestedSNSAngelGuard ---
[WARNING] File encoding has not been set, using platform encoding UTF-8, i.e. build is platform dependent!
[INFO] Compiling 1 source file to /Users/josejavierblecuadepedro/Documents/WS_SNSANGELGUARDFB/harvestedSNSAngelGuard/target/test-classes
[INFO] 
[INFO] --- maven-surefire-plugin:2.10:test (default-test) @ harvestedSNSAngelGuard ---
[INFO] Surefire report directory: /Users/josejavierblecuadepedro/Documents/WS_SNSANGELGUARDFB/harvestedSNSAngelGuard/target/surefire-reports

-------------------------------------------------------
 T E S T S
-------------------------------------------------------
Running com.mycompany.harvestedsnsangelguard.AppTest
Tests run: 1, Failures: 0, Errors: 0, Skipped: 0, Time elapsed: 0.01 sec

Results :

Tests run: 1, Failures: 0, Errors: 0, Skipped: 0

[INFO] 
[INFO] --- maven-jar-plugin:2.3.2:jar (default-jar) @ harvestedSNSAngelGuard ---
[INFO] Building jar: /Users/josejavierblecuadepedro/Documents/WS_SNSANGELGUARDFB/harvestedSNSAngelGuard/target/harvestedSNSAngelGuard.jar
[INFO] ------------------------------------------------------------------------
[INFO] BUILD SUCCESS
[INFO] ------------------------------------------------------------------------
[INFO] Total time: 24.060s
[INFO] Finished at: Sun Apr 28 15:44:33 CEST 2013
[INFO] Final Memory: 17M/120M
[INFO] ------------------------------------------------------------------------
[INFO] Scanning for projects...
Downloading: http://repo.maven.apache.org/maven2/org/apache/maven/plugins/maven-release-plugin/2.0/maven-release-plugin-2.0.pom
2/8 KB   6/8 KB   8/8 KB            Downloaded: http://repo.maven.apache.org/maven2/org/apache/maven/plugins/maven-release-plugin/2.0/maven-release-plugin-2.0.pom (8 KB at 4.3 KB/sec)
Downloading: http://repo.maven.apache.org/maven2/org/apache/maven/release/maven-release/2.0/maven-release-2.0.pom
2/7 KB   3/7 KB   4/7 KB   6/7 KB   7/7 KB            Downloaded: http://repo.maven.apache.org/maven2/org/apache/maven/release/maven-release/2.0/maven-release-2.0.pom (7 KB at 51.1 KB/sec)
Downloading: http://repo.maven.apache.org/maven2/org/apache/maven/plugins/maven-release-plugin/2.0/maven-release-plugin-2.0.jar
2/38 KB   3/38 KB   4/38 KB   6/38 KB   7/38 KB   9/38 KB   10/38 KB   11/38 KB   13/38 KB   14/38 KB   15/38 KB   17/38 KB   18/38 KB   20/38 KB   21/38 KB   22/38 KB   24/38 KB   25/38 KB   26/38 KB   28/38 KB   29/38 KB   31/38 KB   32/38 KB   33/38 KB   35/38 KB   36/38 KB   38/38 KB   38/38 KB              Downloaded: http://repo.maven.apache.org/maven2/org/apache/maven/plugins/maven-release-plugin/2.0/maven-release-plugin-2.0.jar (38 KB at 164.2 KB/sec)
Downloading: http://repo.maven.apache.org/maven2/org/codehaus/mojo/maven-metadata.xml
Downloading: http://repo.maven.apache.org/maven2/org/apache/maven/plugins/maven-metadata.xml
2/11 KB    3/11 KB   4/11 KB   6/11 KB   7/11 KB   9/11 KB   10/11 KB   11/11 KB   11/11 KB   2/22 KB   11/11 KB   3/22 KB   11/11 KB   4/22 KB   11/11 KB   6/22 KB   11/11 KB   7/22 KB   11/11 KB   9/22 KB   11/11 KB   10/22 KB   11/11 KB   11/22 KB   11/11 KB   13/22 KB   11/11 KB   14/22 KB                         Downloaded: http://repo.maven.apache.org/maven2/org/apache/maven/plugins/maven-metadata.xml (11 KB at 78.3 KB/sec)
15/22 KB              17/22 KB   18/22 KB   20/22 KB   21/22 KB   22/22 KB              Downloaded: http://repo.maven.apache.org/maven2/org/codehaus/mojo/maven-metadata.xml (22 KB at 90.4 KB/sec)
Downloading: http://repo.maven.apache.org/maven2/org/codehaus/mojo/exec-maven-plugin/maven-metadata.xml
557/557 B               Downloaded: http://repo.maven.apache.org/maven2/org/codehaus/mojo/exec-maven-plugin/maven-metadata.xml (557 B at 1.5 KB/sec)
Downloading: http://repo.maven.apache.org/maven2/org/codehaus/mojo/exec-maven-plugin/1.2.1/exec-maven-plugin-1.2.1.pom
2/8 KB      3/8 KB   4/8 KB   6/8 KB   7/8 KB   8/8 KB            Downloaded: http://repo.maven.apache.org/maven2/org/codehaus/mojo/exec-maven-plugin/1.2.1/exec-maven-plugin-1.2.1.pom (8 KB at 40.1 KB/sec)
Downloading: http://repo.maven.apache.org/maven2/org/codehaus/mojo/mojo-parent/28/mojo-parent-28.pom
2/26 KB   3/26 KB   4/26 KB   6/26 KB   7/26 KB   9/26 KB   10/26 KB   11/26 KB   13/26 KB   14/26 KB   15/26 KB   16/26 KB   17/26 KB   19/26 KB   20/26 KB   21/26 KB   23/26 KB   24/26 KB   26/26 KB   26/26 KB              Downloaded: http://repo.maven.apache.org/maven2/org/codehaus/mojo/mojo-parent/28/mojo-parent-28.pom (26 KB at 139.5 KB/sec)
Downloading: http://repo.maven.apache.org/maven2/org/codehaus/codehaus-parent/3/codehaus-parent-3.pom
2/5 KB     3/5 KB   4/5 KB   5/5 KB            Downloaded: http://repo.maven.apache.org/maven2/org/codehaus/codehaus-parent/3/codehaus-parent-3.pom (5 KB at 32.3 KB/sec)
Downloading: http://repo.maven.apache.org/maven2/org/codehaus/mojo/exec-maven-plugin/1.2.1/exec-maven-plugin-1.2.1.jar
2/37 KB   3/37 KB   4/37 KB   7/37 KB   9/37 KB   10/37 KB   11/37 KB   13/37 KB   15/37 KB   16/37 KB   17/37 KB   19/37 KB   20/37 KB   21/37 KB   23/37 KB   24/37 KB   26/37 KB   27/37 KB   28/37 KB   30/37 KB   31/37 KB   32/37 KB   34/37 KB   35/37 KB   37/37 KB   37/37 KB              Downloaded: http://repo.maven.apache.org/maven2/org/codehaus/mojo/exec-maven-plugin/1.2.1/exec-maven-plugin-1.2.1.jar (37 KB at 155.9 KB/sec)
[INFO]                                                                         
[INFO] ------------------------------------------------------------------------
[INFO] Building harvestedSNSAngelGuard 1.0
[INFO] ------------------------------------------------------------------------
[INFO] 
[INFO] >>> exec-maven-plugin:1.2.1:java (default-cli) @ harvestedSNSAngelGuard >>>
[INFO] 
[INFO] <<< exec-maven-plugin:1.2.1:java (default-cli) @ harvestedSNSAngelGuard <<<
[INFO] 
[INFO] --- exec-maven-plugin:1.2.1:java (default-cli) @ harvestedSNSAngelGuard ---
Downloading: http://repo.maven.apache.org/maven2/junit/junit/3.8.2/junit-3.8.2.pom
747/747 B               Downloaded: http://repo.maven.apache.org/maven2/junit/junit/3.8.2/junit-3.8.2.pom (747 B at 6.1 KB/sec)
Downloading: http://repo.maven.apache.org/maven2/org/apache/commons/commons-exec/1.1/commons-exec-1.1.pom
2/11 KB     3/11 KB   4/11 KB   6/11 KB   7/11 KB   9/11 KB   10/11 KB   11/11 KB              Downloaded: http://repo.maven.apache.org/maven2/org/apache/commons/commons-exec/1.1/commons-exec-1.1.pom (11 KB at 61.9 KB/sec)
Downloading: http://repo.maven.apache.org/maven2/org/apache/commons/commons-parent/17/commons-parent-17.pom
2/31 KB    3/31 KB   4/31 KB   6/31 KB   7/31 KB   9/31 KB   10/31 KB   11/31 KB   13/31 KB   15/31 KB   16/31 KB   17/31 KB   19/31 KB   20/31 KB   21/31 KB   23/31 KB   24/31 KB   26/31 KB   27/31 KB   28/31 KB   30/31 KB   31/31 KB              Downloaded: http://repo.maven.apache.org/maven2/org/apache/commons/commons-parent/17/commons-parent-17.pom (31 KB at 188.0 KB/sec)
Downloading: http://repo.maven.apache.org/maven2/org/apache/commons/commons-exec/1.1/commons-exec-1.1.jar
2/52 KB    3/52 KB   4/52 KB   6/52 KB   7/52 KB   9/52 KB   10/52 KB   11/52 KB   13/52 KB   14/52 KB   15/52 KB   16/52 KB   17/52 KB   19/52 KB   20/52 KB   21/52 KB   23/52 KB   24/52 KB   26/52 KB   27/52 KB   28/52 KB   30/52 KB   31/52 KB   32/52 KB   33/52 KB   34/52 KB   36/52 KB   37/52 KB   39/52 KB   40/52 KB   41/52 KB   43/52 KB   44/52 KB   45/52 KB   48/52 KB   50/52 KB   51/52 KB   52/52 KB              Downloaded: http://repo.maven.apache.org/maven2/org/apache/commons/commons-exec/1.1/commons-exec-1.1.jar (52 KB at 210.3 KB/sec)
DENTRO HARV
FUERA HARV
[INFO] ------------------------------------------------------------------------
[INFO] BUILD SUCCESS
[INFO] ------------------------------------------------------------------------
[INFO] Total time: 1:25.004s
[INFO] Finished at: Sun Apr 28 15:45:59 CEST 2013
[INFO] Final Memory: 8M/153M
[INFO] ------------------------------------------------------------------------
[INFO] Scanning for projects...
[INFO]                                                                         
[INFO] ------------------------------------------------------------------------
[INFO] Building harvestedSNSAngelGuard 1.0
[INFO] ------------------------------------------------------------------------
[INFO] 
[INFO] --- maven-clean-plugin:2.4.1:clean (default-clean) @ harvestedSNSAngelGuard ---
[INFO] Deleting /Users/josejavierblecuadepedro/Documents/WS_SNSANGELGUARDFB/harvestedSNSAngelGuard/target
[INFO] 
[INFO] --- maven-dependency-plugin:2.1:copy-dependencies (default-cli) @ harvestedSNSAngelGuard ---
[INFO] Copying junit-3.8.1.jar to /Users/josejavierblecuadepedro/Documents/WS_SNSANGELGUARDFB/harvestedSNSAngelGuard/target/dependency/junit-3.8.1.jar
[INFO] 
[INFO] --- maven-resources-plugin:2.5:resources (default-resources) @ harvestedSNSAngelGuard ---
[debug] execute contextualize
[WARNING] Using platform encoding (UTF-8 actually) to copy filtered resources, i.e. build is platform dependent!
[INFO] Copying 0 resource
[INFO] 
[INFO] --- maven-compiler-plugin:2.3.2:compile (default-compile) @ harvestedSNSAngelGuard ---
[WARNING] File encoding has not been set, using platform encoding UTF-8, i.e. build is platform dependent!
[INFO] Compiling 1 source file to /Users/josejavierblecuadepedro/Documents/WS_SNSANGELGUARDFB/harvestedSNSAngelGuard/target/classes
[INFO] 
[INFO] --- maven-resources-plugin:2.5:testResources (default-testResources) @ harvestedSNSAngelGuard ---
[debug] execute contextualize
[WARNING] Using platform encoding (UTF-8 actually) to copy filtered resources, i.e. build is platform dependent!
[INFO] skip non existing resourceDirectory /Users/josejavierblecuadepedro/Documents/WS_SNSANGELGUARDFB/harvestedSNSAngelGuard/src/test/resources
[INFO] 
[INFO] --- maven-compiler-plugin:2.3.2:testCompile (default-testCompile) @ harvestedSNSAngelGuard ---
[WARNING] File encoding has not been set, using platform encoding UTF-8, i.e. build is platform dependent!
[INFO] Compiling 1 source file to /Users/josejavierblecuadepedro/Documents/WS_SNSANGELGUARDFB/harvestedSNSAngelGuard/target/test-classes
[INFO] 
[INFO] --- maven-surefire-plugin:2.10:test (default-test) @ harvestedSNSAngelGuard ---
[INFO] Surefire report directory: /Users/josejavierblecuadepedro/Documents/WS_SNSANGELGUARDFB/harvestedSNSAngelGuard/target/surefire-reports

-------------------------------------------------------
 T E S T S
-------------------------------------------------------
Running com.mycompany.harvestedsnsangelguard.AppTest
Tests run: 1, Failures: 0, Errors: 0, Skipped: 0, Time elapsed: 0.009 sec

Results :

Tests run: 1, Failures: 0, Errors: 0, Skipped: 0

[INFO] 
[INFO] --- maven-jar-plugin:2.3.2:jar (default-jar) @ harvestedSNSAngelGuard ---
[INFO] Building jar: /Users/josejavierblecuadepedro/Documents/WS_SNSANGELGUARDFB/harvestedSNSAngelGuard/target/harvestedSNSAngelGuard.jar
[INFO] ------------------------------------------------------------------------
[INFO] BUILD SUCCESS
[INFO] ------------------------------------------------------------------------
[INFO] Total time: 2.165s
[INFO] Finished at: Sun Apr 28 15:53:32 CEST 2013
[INFO] Final Memory: 18M/216M
[INFO] ------------------------------------------------------------------------
[INFO] Scanning for projects...
[INFO]                                                                         
[INFO] ------------------------------------------------------------------------
[INFO] Building harvestedSNSAngelGuard 1.0
[INFO] ------------------------------------------------------------------------
[INFO] 
[INFO] >>> exec-maven-plugin:1.2.1:java (default-cli) @ harvestedSNSAngelGuard >>>
[INFO] 
[INFO] <<< exec-maven-plugin:1.2.1:java (default-cli) @ harvestedSNSAngelGuard <<<
[INFO] 
[INFO] --- exec-maven-plugin:1.2.1:java (default-cli) @ harvestedSNSAngelGuard ---
DENTRO HARV
FUERA HARV
[INFO] ------------------------------------------------------------------------
[INFO] BUILD SUCCESS
[INFO] ------------------------------------------------------------------------
[INFO] Total time: 6:48.928s
[INFO] Finished at: Sun Apr 28 16:00:22 CEST 2013
[INFO] Final Memory: 7M/152M
[INFO] ------------------------------------------------------------------------
[INFO] Scanning for projects...
[INFO]                                                                         
[INFO] ------------------------------------------------------------------------
[INFO] Building harvestedSNSAngelGuard 1.0
[INFO] ------------------------------------------------------------------------
[INFO] 
[INFO] --- maven-clean-plugin:2.4.1:clean (default-clean) @ harvestedSNSAngelGuard ---
[INFO] Deleting /Users/josejavierblecuadepedro/Documents/WS_SNSANGELGUARDFB/harvestedSNSAngelGuard/target
[INFO] 
[INFO] --- maven-dependency-plugin:2.1:copy-dependencies (default-cli) @ harvestedSNSAngelGuard ---
[INFO] Copying junit-3.8.1.jar to /Users/josejavierblecuadepedro/Documents/WS_SNSANGELGUARDFB/harvestedSNSAngelGuard/target/dependency/junit-3.8.1.jar
[INFO] 
[INFO] --- maven-resources-plugin:2.5:resources (default-resources) @ harvestedSNSAngelGuard ---
[debug] execute contextualize
[WARNING] Using platform encoding (UTF-8 actually) to copy filtered resources, i.e. build is platform dependent!
[INFO] Copying 0 resource
[INFO] 
[INFO] --- maven-compiler-plugin:2.3.2:compile (default-compile) @ harvestedSNSAngelGuard ---
[WARNING] File encoding has not been set, using platform encoding UTF-8, i.e. build is platform dependent!
[INFO] Compiling 1 source file to /Users/josejavierblecuadepedro/Documents/WS_SNSANGELGUARDFB/harvestedSNSAngelGuard/target/classes
[INFO] 
[INFO] --- maven-resources-plugin:2.5:testResources (default-testResources) @ harvestedSNSAngelGuard ---
[debug] execute contextualize
[WARNING] Using platform encoding (UTF-8 actually) to copy filtered resources, i.e. build is platform dependent!
[INFO] skip non existing resourceDirectory /Users/josejavierblecuadepedro/Documents/WS_SNSANGELGUARDFB/harvestedSNSAngelGuard/src/test/resources
[INFO] 
[INFO] --- maven-compiler-plugin:2.3.2:testCompile (default-testCompile) @ harvestedSNSAngelGuard ---
[WARNING] File encoding has not been set, using platform encoding UTF-8, i.e. build is platform dependent!
[INFO] Compiling 1 source file to /Users/josejavierblecuadepedro/Documents/WS_SNSANGELGUARDFB/harvestedSNSAngelGuard/target/test-classes
[INFO] 
[INFO] --- maven-surefire-plugin:2.10:test (default-test) @ harvestedSNSAngelGuard ---
[INFO] Surefire report directory: /Users/josejavierblecuadepedro/Documents/WS_SNSANGELGUARDFB/harvestedSNSAngelGuard/target/surefire-reports

-------------------------------------------------------
 T E S T S
-------------------------------------------------------
Running com.mycompany.harvestedsnsangelguard.AppTest
Tests run: 1, Failures: 0, Errors: 0, Skipped: 0, Time elapsed: 0.01 sec

Results :

Tests run: 1, Failures: 0, Errors: 0, Skipped: 0

[INFO] 
[INFO] --- maven-jar-plugin:2.3.2:jar (default-jar) @ harvestedSNSAngelGuard ---
[INFO] Building jar: /Users/josejavierblecuadepedro/Documents/WS_SNSANGELGUARDFB/harvestedSNSAngelGuard/target/harvestedSNSAngelGuard.jar
[INFO] ------------------------------------------------------------------------
[INFO] BUILD SUCCESS
[INFO] ------------------------------------------------------------------------
[INFO] Total time: 2.115s
[INFO] Finished at: Sun Apr 28 16:01:02 CEST 2013
[INFO] Final Memory: 18M/216M
[INFO] ------------------------------------------------------------------------
[INFO] Scanning for projects...
[INFO]                                                                         
[INFO] ------------------------------------------------------------------------
[INFO] Building harvestedSNSAngelGuard 1.0
[INFO] ------------------------------------------------------------------------
[INFO] 
[INFO] >>> exec-maven-plugin:1.2.1:java (default-cli) @ harvestedSNSAngelGuard >>>
[INFO] 
[INFO] <<< exec-maven-plugin:1.2.1:java (default-cli) @ harvestedSNSAngelGuard <<<
[INFO] 
[INFO] --- exec-maven-plugin:1.2.1:java (default-cli) @ harvestedSNSAngelGuard ---
DENTRO HARV
FUERA HARV
[INFO] ------------------------------------------------------------------------
[INFO] BUILD SUCCESS
[INFO] ------------------------------------------------------------------------
[INFO] Total time: 1:23.443s
[INFO] Finished at: Sun Apr 28 16:02:26 CEST 2013
[INFO] Final Memory: 7M/153M
[INFO] ------------------------------------------------------------------------
[INFO] Scanning for projects...
[INFO]                                                                         
[INFO] ------------------------------------------------------------------------
[INFO] Building harvestedSNSAngelGuard 1.0
[INFO] ------------------------------------------------------------------------
[INFO] 
[INFO] --- maven-clean-plugin:2.4.1:clean (default-clean) @ harvestedSNSAngelGuard ---
[INFO] Deleting /Users/josejavierblecuadepedro/Documents/WS_SNSANGELGUARDFB/harvestedSNSAngelGuard/target
[INFO] 
[INFO] --- maven-dependency-plugin:2.1:copy-dependencies (default-cli) @ harvestedSNSAngelGuard ---
[INFO] Copying junit-3.8.1.jar to /Users/josejavierblecuadepedro/Documents/WS_SNSANGELGUARDFB/harvestedSNSAngelGuard/target/dependency/junit-3.8.1.jar
[INFO] 
[INFO] --- maven-resources-plugin:2.5:resources (default-resources) @ harvestedSNSAngelGuard ---
[debug] execute contextualize
[WARNING] Using platform encoding (UTF-8 actually) to copy filtered resources, i.e. build is platform dependent!
[INFO] Copying 0 resource
[INFO] 
[INFO] --- maven-compiler-plugin:2.3.2:compile (default-compile) @ harvestedSNSAngelGuard ---
[WARNING] File encoding has not been set, using platform encoding UTF-8, i.e. build is platform dependent!
[INFO] Compiling 1 source file to /Users/josejavierblecuadepedro/Documents/WS_SNSANGELGUARDFB/harvestedSNSAngelGuard/target/classes
[INFO] 
[INFO] --- maven-resources-plugin:2.5:testResources (default-testResources) @ harvestedSNSAngelGuard ---
[debug] execute contextualize
[WARNING] Using platform encoding (UTF-8 actually) to copy filtered resources, i.e. build is platform dependent!
[INFO] skip non existing resourceDirectory /Users/josejavierblecuadepedro/Documents/WS_SNSANGELGUARDFB/harvestedSNSAngelGuard/src/test/resources
[INFO] 
[INFO] --- maven-compiler-plugin:2.3.2:testCompile (default-testCompile) @ harvestedSNSAngelGuard ---
[WARNING] File encoding has not been set, using platform encoding UTF-8, i.e. build is platform dependent!
[INFO] Compiling 1 source file to /Users/josejavierblecuadepedro/Documents/WS_SNSANGELGUARDFB/harvestedSNSAngelGuard/target/test-classes
[INFO] 
[INFO] --- maven-surefire-plugin:2.10:test (default-test) @ harvestedSNSAngelGuard ---
[INFO] Surefire report directory: /Users/josejavierblecuadepedro/Documents/WS_SNSANGELGUARDFB/harvestedSNSAngelGuard/target/surefire-reports

-------------------------------------------------------
 T E S T S
-------------------------------------------------------
Running com.mycompany.harvestedsnsangelguard.AppTest
Tests run: 1, Failures: 0, Errors: 0, Skipped: 0, Time elapsed: 0.01 sec

Results :

Tests run: 1, Failures: 0, Errors: 0, Skipped: 0

[INFO] 
[INFO] --- maven-jar-plugin:2.3.2:jar (default-jar) @ harvestedSNSAngelGuard ---
[INFO] Building jar: /Users/josejavierblecuadepedro/Documents/WS_SNSANGELGUARDFB/harvestedSNSAngelGuard/target/harvestedSNSAngelGuard.jar
[INFO] ------------------------------------------------------------------------
[INFO] BUILD SUCCESS
[INFO] ------------------------------------------------------------------------
[INFO] Total time: 2.130s
[INFO] Finished at: Sun Apr 28 16:03:48 CEST 2013
[INFO] Final Memory: 18M/216M
[INFO] ------------------------------------------------------------------------
[INFO] Scanning for projects...
[INFO]                                                                         
[INFO] ------------------------------------------------------------------------
[INFO] Building harvestedSNSAngelGuard 1.0
[INFO] ------------------------------------------------------------------------
[INFO] 
[INFO] >>> exec-maven-plugin:1.2.1:java (default-cli) @ harvestedSNSAngelGuard >>>
[INFO] 
[INFO] <<< exec-maven-plugin:1.2.1:java (default-cli) @ harvestedSNSAngelGuard <<<
[INFO] 
[INFO] --- exec-maven-plugin:1.2.1:java (default-cli) @ harvestedSNSAngelGuard ---
DENTRO HARV
FUERA HARV
[INFO] ------------------------------------------------------------------------
[INFO] BUILD SUCCESS
[INFO] ------------------------------------------------------------------------
[INFO] Total time: 1:37.317s
[INFO] Finished at: Sun Apr 28 16:05:27 CEST 2013
[INFO] Final Memory: 7M/152M
[INFO] ------------------------------------------------------------------------
[INFO] Scanning for projects...
[INFO]                                                                         
[INFO] ------------------------------------------------------------------------
[INFO] Building harvestedSNSAngelGuard 1.0
[INFO] ------------------------------------------------------------------------
[INFO] 
[INFO] --- maven-clean-plugin:2.4.1:clean (default-clean) @ harvestedSNSAngelGuard ---
[INFO] Deleting /Users/josejavierblecuadepedro/Documents/WS_SNSANGELGUARDFB/harvestedSNSAngelGuard/target
[INFO] 
[INFO] --- maven-dependency-plugin:2.1:copy-dependencies (default-cli) @ harvestedSNSAngelGuard ---
[INFO] Copying junit-3.8.1.jar to /Users/josejavierblecuadepedro/Documents/WS_SNSANGELGUARDFB/harvestedSNSAngelGuard/target/dependency/junit-3.8.1.jar
[INFO] 
[INFO] --- maven-resources-plugin:2.5:resources (default-resources) @ harvestedSNSAngelGuard ---
[debug] execute contextualize
[WARNING] Using platform encoding (UTF-8 actually) to copy filtered resources, i.e. build is platform dependent!
[INFO] Copying 0 resource
[INFO] 
[INFO] --- maven-compiler-plugin:2.3.2:compile (default-compile) @ harvestedSNSAngelGuard ---
[WARNING] File encoding has not been set, using platform encoding UTF-8, i.e. build is platform dependent!
[INFO] Compiling 1 source file to /Users/josejavierblecuadepedro/Documents/WS_SNSANGELGUARDFB/harvestedSNSAngelGuard/target/classes
[INFO] 
[INFO] --- maven-resources-plugin:2.5:testResources (default-testResources) @ harvestedSNSAngelGuard ---
[debug] execute contextualize
[WARNING] Using platform encoding (UTF-8 actually) to copy filtered resources, i.e. build is platform dependent!
[INFO] skip non existing resourceDirectory /Users/josejavierblecuadepedro/Documents/WS_SNSANGELGUARDFB/harvestedSNSAngelGuard/src/test/resources
[INFO] 
[INFO] --- maven-compiler-plugin:2.3.2:testCompile (default-testCompile) @ harvestedSNSAngelGuard ---
[WARNING] File encoding has not been set, using platform encoding UTF-8, i.e. build is platform dependent!
[INFO] Compiling 1 source file to /Users/josejavierblecuadepedro/Documents/WS_SNSANGELGUARDFB/harvestedSNSAngelGuard/target/test-classes
[INFO] 
[INFO] --- maven-surefire-plugin:2.10:test (default-test) @ harvestedSNSAngelGuard ---
[INFO] Surefire report directory: /Users/josejavierblecuadepedro/Documents/WS_SNSANGELGUARDFB/harvestedSNSAngelGuard/target/surefire-reports

-------------------------------------------------------
 T E S T S
-------------------------------------------------------
Running com.mycompany.harvestedsnsangelguard.AppTest
Tests run: 1, Failures: 0, Errors: 0, Skipped: 0, Time elapsed: 0.011 sec

Results :

Tests run: 1, Failures: 0, Errors: 0, Skipped: 0

[INFO] 
[INFO] --- maven-jar-plugin:2.3.2:jar (default-jar) @ harvestedSNSAngelGuard ---
[INFO] Building jar: /Users/josejavierblecuadepedro/Documents/WS_SNSANGELGUARDFB/harvestedSNSAngelGuard/target/harvestedSNSAngelGuard.jar
[INFO] ------------------------------------------------------------------------
[INFO] BUILD SUCCESS
[INFO] ------------------------------------------------------------------------
[INFO] Total time: 2.150s
[INFO] Finished at: Sun Apr 28 16:32:03 CEST 2013
[INFO] Final Memory: 18M/219M
[INFO] ------------------------------------------------------------------------
[INFO] Scanning for projects...
[INFO]                                                                         
[INFO] ------------------------------------------------------------------------
[INFO] Building harvestedSNSAngelGuard 1.0
[INFO] ------------------------------------------------------------------------
[INFO] 
[INFO] >>> exec-maven-plugin:1.2.1:java (default-cli) @ harvestedSNSAngelGuard >>>
[INFO] 
[INFO] <<< exec-maven-plugin:1.2.1:java (default-cli) @ harvestedSNSAngelGuard <<<
[INFO] 
[INFO] --- exec-maven-plugin:1.2.1:java (default-cli) @ harvestedSNSAngelGuard ---
DENTRO HARV
FUERA HARV
[INFO] ------------------------------------------------------------------------
[INFO] BUILD SUCCESS
[INFO] ------------------------------------------------------------------------
[INFO] Total time: 1:20.461s
[INFO] Finished at: Sun Apr 28 16:33:25 CEST 2013
[INFO] Final Memory: 7M/152M
[INFO] ------------------------------------------------------------------------
