[INFO] Scanning for projects...
[INFO]                                                                         
[INFO] ------------------------------------------------------------------------
[INFO] Building harvestedSNSAngelGuard 1.0
[INFO] ------------------------------------------------------------------------
[INFO] 
[INFO] --- maven-clean-plugin:2.4.1:clean (default-clean) @ harvestedSNSAngelGuard ---
[INFO] Deleting /Users/josejavierblecuadepedro1/Documents/WS_SNSANGELGUARDFB/harvestedSNSAngelGuard/target
[INFO] 
[INFO] --- maven-dependency-plugin:2.1:copy-dependencies (default-cli) @ harvestedSNSAngelGuard ---
[INFO] Copying junit-3.8.1.jar to /Users/josejavierblecuadepedro1/Documents/WS_SNSANGELGUARDFB/harvestedSNSAngelGuard/target/dependency/junit-3.8.1.jar
[INFO] 
[INFO] --- maven-resources-plugin:2.5:resources (default-resources) @ harvestedSNSAngelGuard ---
[debug] execute contextualize
[WARNING] Using platform encoding (UTF-8 actually) to copy filtered resources, i.e. build is platform dependent!
[INFO] Copying 0 resource
[INFO] 
[INFO] --- maven-compiler-plugin:2.3.2:compile (default-compile) @ harvestedSNSAngelGuard ---
[WARNING] File encoding has not been set, using platform encoding UTF-8, i.e. build is platform dependent!
[INFO] Compiling 1 source file to /Users/josejavierblecuadepedro1/Documents/WS_SNSANGELGUARDFB/harvestedSNSAngelGuard/target/classes
[INFO] 
[INFO] --- maven-resources-plugin:2.5:testResources (default-testResources) @ harvestedSNSAngelGuard ---
[debug] execute contextualize
[WARNING] Using platform encoding (UTF-8 actually) to copy filtered resources, i.e. build is platform dependent!
[INFO] skip non existing resourceDirectory /Users/josejavierblecuadepedro1/Documents/WS_SNSANGELGUARDFB/harvestedSNSAngelGuard/src/test/resources
[INFO] 
[INFO] --- maven-compiler-plugin:2.3.2:testCompile (default-testCompile) @ harvestedSNSAngelGuard ---
[WARNING] File encoding has not been set, using platform encoding UTF-8, i.e. build is platform dependent!
[INFO] Compiling 1 source file to /Users/josejavierblecuadepedro1/Documents/WS_SNSANGELGUARDFB/harvestedSNSAngelGuard/target/test-classes
[INFO] 
[INFO] --- maven-surefire-plugin:2.10:test (default-test) @ harvestedSNSAngelGuard ---
[INFO] Surefire report directory: /Users/josejavierblecuadepedro1/Documents/WS_SNSANGELGUARDFB/harvestedSNSAngelGuard/target/surefire-reports

-------------------------------------------------------
 T E S T S
-------------------------------------------------------
Running com.mycompany.harvestedsnsangelguard.AppTest
Tests run: 1, Failures: 0, Errors: 0, Skipped: 0, Time elapsed: 0.011 sec

Results :

Tests run: 1, Failures: 0, Errors: 0, Skipped: 0

[INFO] 
[INFO] --- maven-jar-plugin:2.3.2:jar (default-jar) @ harvestedSNSAngelGuard ---
[INFO] Building jar: /Users/josejavierblecuadepedro1/Documents/WS_SNSANGELGUARDFB/harvestedSNSAngelGuard/target/harvestedSNSAngelGuard.jar
[INFO] ------------------------------------------------------------------------
[INFO] BUILD SUCCESS
[INFO] ------------------------------------------------------------------------
[INFO] Total time: 2.371s
[INFO] Finished at: Fri Jun 21 00:09:55 CEST 2013
[INFO] Final Memory: 18M/204M
[INFO] ------------------------------------------------------------------------
[INFO] Scanning for projects...
[INFO]                                                                         
[INFO] ------------------------------------------------------------------------
[INFO] Building harvestedSNSAngelGuard 1.0
[INFO] ------------------------------------------------------------------------
[INFO] 
[INFO] >>> exec-maven-plugin:1.2.1:java (default-cli) @ harvestedSNSAngelGuard >>>
[INFO] 
[INFO] <<< exec-maven-plugin:1.2.1:java (default-cli) @ harvestedSNSAngelGuard <<<
[INFO] 
[INFO] --- exec-maven-plugin:1.2.1:java (default-cli) @ harvestedSNSAngelGuard ---
[INFO] ------------------------------------------------------------------------
[INFO] BUILD SUCCESS
[INFO] ------------------------------------------------------------------------
[INFO] Total time: 0.777s
[INFO] Finished at: Fri Jun 21 00:09:57 CEST 2013
[INFO] Final Memory: 8M/144M
[INFO] ------------------------------------------------------------------------
[INFO] Scanning for projects...
[INFO]                                                                         
[INFO] ------------------------------------------------------------------------
[INFO] Building harvestedSNSAngelGuard 1.0
[INFO] ------------------------------------------------------------------------
[INFO] 
[INFO] --- maven-clean-plugin:2.4.1:clean (default-clean) @ harvestedSNSAngelGuard ---
[INFO] Deleting /Users/josejavierblecuadepedro1/Documents/WS_SNSANGELGUARDFB/harvestedSNSAngelGuard/target
[INFO] 
[INFO] --- maven-dependency-plugin:2.1:copy-dependencies (default-cli) @ harvestedSNSAngelGuard ---
[INFO] Copying junit-3.8.1.jar to /Users/josejavierblecuadepedro1/Documents/WS_SNSANGELGUARDFB/harvestedSNSAngelGuard/target/dependency/junit-3.8.1.jar
[INFO] 
[INFO] --- maven-resources-plugin:2.5:resources (default-resources) @ harvestedSNSAngelGuard ---
[debug] execute contextualize
[WARNING] Using platform encoding (UTF-8 actually) to copy filtered resources, i.e. build is platform dependent!
[INFO] Copying 0 resource
[INFO] 
[INFO] --- maven-compiler-plugin:2.3.2:compile (default-compile) @ harvestedSNSAngelGuard ---
[WARNING] File encoding has not been set, using platform encoding UTF-8, i.e. build is platform dependent!
[INFO] Compiling 1 source file to /Users/josejavierblecuadepedro1/Documents/WS_SNSANGELGUARDFB/harvestedSNSAngelGuard/target/classes
[INFO] 
[INFO] --- maven-resources-plugin:2.5:testResources (default-testResources) @ harvestedSNSAngelGuard ---
[debug] execute contextualize
[WARNING] Using platform encoding (UTF-8 actually) to copy filtered resources, i.e. build is platform dependent!
[INFO] skip non existing resourceDirectory /Users/josejavierblecuadepedro1/Documents/WS_SNSANGELGUARDFB/harvestedSNSAngelGuard/src/test/resources
[INFO] 
[INFO] --- maven-compiler-plugin:2.3.2:testCompile (default-testCompile) @ harvestedSNSAngelGuard ---
[WARNING] File encoding has not been set, using platform encoding UTF-8, i.e. build is platform dependent!
[INFO] Compiling 1 source file to /Users/josejavierblecuadepedro1/Documents/WS_SNSANGELGUARDFB/harvestedSNSAngelGuard/target/test-classes
[INFO] 
[INFO] --- maven-surefire-plugin:2.10:test (default-test) @ harvestedSNSAngelGuard ---
[INFO] Surefire report directory: /Users/josejavierblecuadepedro1/Documents/WS_SNSANGELGUARDFB/harvestedSNSAngelGuard/target/surefire-reports

-------------------------------------------------------
 T E S T S
-------------------------------------------------------
Running com.mycompany.harvestedsnsangelguard.AppTest
Tests run: 1, Failures: 0, Errors: 0, Skipped: 0, Time elapsed: 0.01 sec

Results :

Tests run: 1, Failures: 0, Errors: 0, Skipped: 0

[INFO] 
[INFO] --- maven-jar-plugin:2.3.2:jar (default-jar) @ harvestedSNSAngelGuard ---
[INFO] Building jar: /Users/josejavierblecuadepedro1/Documents/WS_SNSANGELGUARDFB/harvestedSNSAngelGuard/target/harvestedSNSAngelGuard.jar
[INFO] ------------------------------------------------------------------------
[INFO] BUILD SUCCESS
[INFO] ------------------------------------------------------------------------
[INFO] Total time: 2.153s
[INFO] Finished at: Fri Jun 21 00:10:33 CEST 2013
[INFO] Final Memory: 20M/204M
[INFO] ------------------------------------------------------------------------
[INFO] Scanning for projects...
[INFO]                                                                         
[INFO] ------------------------------------------------------------------------
[INFO] Building harvestedSNSAngelGuard 1.0
[INFO] ------------------------------------------------------------------------
[INFO] 
[INFO] >>> exec-maven-plugin:1.2.1:java (default-cli) @ harvestedSNSAngelGuard >>>
[INFO] 
[INFO] <<< exec-maven-plugin:1.2.1:java (default-cli) @ harvestedSNSAngelGuard <<<
[INFO] 
[INFO] --- exec-maven-plugin:1.2.1:java (default-cli) @ harvestedSNSAngelGuard ---
[INFO] ------------------------------------------------------------------------
[INFO] BUILD SUCCESS
[INFO] ------------------------------------------------------------------------
[INFO] Total time: 0.746s
[INFO] Finished at: Fri Jun 21 00:10:35 CEST 2013
[INFO] Final Memory: 8M/144M
[INFO] ------------------------------------------------------------------------
[INFO] Scanning for projects...
[INFO]                                                                         
[INFO] ------------------------------------------------------------------------
[INFO] Building harvestedSNSAngelGuard 1.0
[INFO] ------------------------------------------------------------------------
[INFO] 
[INFO] --- maven-clean-plugin:2.4.1:clean (default-clean) @ harvestedSNSAngelGuard ---
[INFO] Deleting /Users/josejavierblecuadepedro1/Documents/WS_SNSANGELGUARDFB/harvestedSNSAngelGuard/target
[INFO] 
[INFO] --- maven-dependency-plugin:2.1:copy-dependencies (default-cli) @ harvestedSNSAngelGuard ---
[INFO] Copying junit-3.8.1.jar to /Users/josejavierblecuadepedro1/Documents/WS_SNSANGELGUARDFB/harvestedSNSAngelGuard/target/dependency/junit-3.8.1.jar
[INFO] 
[INFO] --- maven-resources-plugin:2.5:resources (default-resources) @ harvestedSNSAngelGuard ---
[debug] execute contextualize
[WARNING] Using platform encoding (UTF-8 actually) to copy filtered resources, i.e. build is platform dependent!
[INFO] Copying 0 resource
[INFO] 
[INFO] --- maven-compiler-plugin:2.3.2:compile (default-compile) @ harvestedSNSAngelGuard ---
[WARNING] File encoding has not been set, using platform encoding UTF-8, i.e. build is platform dependent!
[INFO] Compiling 1 source file to /Users/josejavierblecuadepedro1/Documents/WS_SNSANGELGUARDFB/harvestedSNSAngelGuard/target/classes
[INFO] 
[INFO] --- maven-resources-plugin:2.5:testResources (default-testResources) @ harvestedSNSAngelGuard ---
[debug] execute contextualize
[WARNING] Using platform encoding (UTF-8 actually) to copy filtered resources, i.e. build is platform dependent!
[INFO] skip non existing resourceDirectory /Users/josejavierblecuadepedro1/Documents/WS_SNSANGELGUARDFB/harvestedSNSAngelGuard/src/test/resources
[INFO] 
[INFO] --- maven-compiler-plugin:2.3.2:testCompile (default-testCompile) @ harvestedSNSAngelGuard ---
[WARNING] File encoding has not been set, using platform encoding UTF-8, i.e. build is platform dependent!
[INFO] Compiling 1 source file to /Users/josejavierblecuadepedro1/Documents/WS_SNSANGELGUARDFB/harvestedSNSAngelGuard/target/test-classes
[INFO] 
[INFO] --- maven-surefire-plugin:2.10:test (default-test) @ harvestedSNSAngelGuard ---
[INFO] Surefire report directory: /Users/josejavierblecuadepedro1/Documents/WS_SNSANGELGUARDFB/harvestedSNSAngelGuard/target/surefire-reports

-------------------------------------------------------
 T E S T S
-------------------------------------------------------
Running com.mycompany.harvestedsnsangelguard.AppTest
Tests run: 1, Failures: 0, Errors: 0, Skipped: 0, Time elapsed: 0.01 sec

Results :

Tests run: 1, Failures: 0, Errors: 0, Skipped: 0

[INFO] 
[INFO] --- maven-jar-plugin:2.3.2:jar (default-jar) @ harvestedSNSAngelGuard ---
[INFO] Building jar: /Users/josejavierblecuadepedro1/Documents/WS_SNSANGELGUARDFB/harvestedSNSAngelGuard/target/harvestedSNSAngelGuard.jar
[INFO] ------------------------------------------------------------------------
[INFO] BUILD SUCCESS
[INFO] ------------------------------------------------------------------------
[INFO] Total time: 2.272s
[INFO] Finished at: Fri Jun 21 00:14:53 CEST 2013
[INFO] Final Memory: 20M/203M
[INFO] ------------------------------------------------------------------------
[INFO] Scanning for projects...
[INFO]                                                                         
[INFO] ------------------------------------------------------------------------
[INFO] Building harvestedSNSAngelGuard 1.0
[INFO] ------------------------------------------------------------------------
[INFO] 
[INFO] >>> exec-maven-plugin:1.2.1:java (default-cli) @ harvestedSNSAngelGuard >>>
[INFO] 
[INFO] <<< exec-maven-plugin:1.2.1:java (default-cli) @ harvestedSNSAngelGuard <<<
[INFO] 
[INFO] --- exec-maven-plugin:1.2.1:java (default-cli) @ harvestedSNSAngelGuard ---
[INFO] ------------------------------------------------------------------------
[INFO] BUILD SUCCESS
[INFO] ------------------------------------------------------------------------
[INFO] Total time: 0.736s
[INFO] Finished at: Fri Jun 21 00:14:55 CEST 2013
[INFO] Final Memory: 8M/143M
[INFO] ------------------------------------------------------------------------
[INFO] Scanning for projects...
[INFO]                                                                         
[INFO] ------------------------------------------------------------------------
[INFO] Building harvestedSNSAngelGuard 1.0
[INFO] ------------------------------------------------------------------------
[INFO] 
[INFO] --- maven-clean-plugin:2.4.1:clean (default-clean) @ harvestedSNSAngelGuard ---
[INFO] Deleting /Users/josejavierblecuadepedro1/Documents/WS_SNSANGELGUARDFB/harvestedSNSAngelGuard/target
[INFO] 
[INFO] --- maven-dependency-plugin:2.1:copy-dependencies (default-cli) @ harvestedSNSAngelGuard ---
[INFO] Copying junit-3.8.1.jar to /Users/josejavierblecuadepedro1/Documents/WS_SNSANGELGUARDFB/harvestedSNSAngelGuard/target/dependency/junit-3.8.1.jar
[INFO] 
[INFO] --- maven-resources-plugin:2.5:resources (default-resources) @ harvestedSNSAngelGuard ---
[debug] execute contextualize
[WARNING] Using platform encoding (UTF-8 actually) to copy filtered resources, i.e. build is platform dependent!
[INFO] Copying 0 resource
[INFO] 
[INFO] --- maven-compiler-plugin:2.3.2:compile (default-compile) @ harvestedSNSAngelGuard ---
[WARNING] File encoding has not been set, using platform encoding UTF-8, i.e. build is platform dependent!
[INFO] Compiling 1 source file to /Users/josejavierblecuadepedro1/Documents/WS_SNSANGELGUARDFB/harvestedSNSAngelGuard/target/classes
[INFO] 
[INFO] --- maven-resources-plugin:2.5:testResources (default-testResources) @ harvestedSNSAngelGuard ---
[debug] execute contextualize
[WARNING] Using platform encoding (UTF-8 actually) to copy filtered resources, i.e. build is platform dependent!
[INFO] skip non existing resourceDirectory /Users/josejavierblecuadepedro1/Documents/WS_SNSANGELGUARDFB/harvestedSNSAngelGuard/src/test/resources
[INFO] 
[INFO] --- maven-compiler-plugin:2.3.2:testCompile (default-testCompile) @ harvestedSNSAngelGuard ---
[WARNING] File encoding has not been set, using platform encoding UTF-8, i.e. build is platform dependent!
[INFO] Compiling 1 source file to /Users/josejavierblecuadepedro1/Documents/WS_SNSANGELGUARDFB/harvestedSNSAngelGuard/target/test-classes
[INFO] 
[INFO] --- maven-surefire-plugin:2.10:test (default-test) @ harvestedSNSAngelGuard ---
[INFO] Surefire report directory: /Users/josejavierblecuadepedro1/Documents/WS_SNSANGELGUARDFB/harvestedSNSAngelGuard/target/surefire-reports

-------------------------------------------------------
 T E S T S
-------------------------------------------------------
Running com.mycompany.harvestedsnsangelguard.AppTest
Tests run: 1, Failures: 0, Errors: 0, Skipped: 0, Time elapsed: 0.013 sec

Results :

Tests run: 1, Failures: 0, Errors: 0, Skipped: 0

[INFO] 
[INFO] --- maven-jar-plugin:2.3.2:jar (default-jar) @ harvestedSNSAngelGuard ---
[INFO] Building jar: /Users/josejavierblecuadepedro1/Documents/WS_SNSANGELGUARDFB/harvestedSNSAngelGuard/target/harvestedSNSAngelGuard.jar
[INFO] ------------------------------------------------------------------------
[INFO] BUILD SUCCESS
[INFO] ------------------------------------------------------------------------
[INFO] Total time: 2.239s
[INFO] Finished at: Fri Jun 21 00:23:10 CEST 2013
[INFO] Final Memory: 19M/214M
[INFO] ------------------------------------------------------------------------
[INFO] Scanning for projects...
[INFO]                                                                         
[INFO] ------------------------------------------------------------------------
[INFO] Building harvestedSNSAngelGuard 1.0
[INFO] ------------------------------------------------------------------------
[INFO] 
[INFO] >>> exec-maven-plugin:1.2.1:java (default-cli) @ harvestedSNSAngelGuard >>>
[INFO] 
[INFO] <<< exec-maven-plugin:1.2.1:java (default-cli) @ harvestedSNSAngelGuard <<<
[INFO] 
[INFO] --- exec-maven-plugin:1.2.1:java (default-cli) @ harvestedSNSAngelGuard ---
[INFO] ------------------------------------------------------------------------
[INFO] BUILD SUCCESS
[INFO] ------------------------------------------------------------------------
[INFO] Total time: 0.762s
[INFO] Finished at: Fri Jun 21 00:23:12 CEST 2013
[INFO] Final Memory: 8M/148M
[INFO] ------------------------------------------------------------------------
[INFO] Scanning for projects...
[INFO]                                                                         
[INFO] ------------------------------------------------------------------------
[INFO] Building harvestedSNSAngelGuard 1.0
[INFO] ------------------------------------------------------------------------
[INFO] 
[INFO] --- maven-clean-plugin:2.4.1:clean (default-clean) @ harvestedSNSAngelGuard ---
[INFO] Deleting /Users/josejavierblecuadepedro1/Documents/WS_SNSANGELGUARDFB/harvestedSNSAngelGuard/target
[INFO] 
[INFO] --- maven-dependency-plugin:2.1:copy-dependencies (default-cli) @ harvestedSNSAngelGuard ---
[INFO] Copying junit-3.8.1.jar to /Users/josejavierblecuadepedro1/Documents/WS_SNSANGELGUARDFB/harvestedSNSAngelGuard/target/dependency/junit-3.8.1.jar
[INFO] 
[INFO] --- maven-resources-plugin:2.5:resources (default-resources) @ harvestedSNSAngelGuard ---
[debug] execute contextualize
[WARNING] Using platform encoding (UTF-8 actually) to copy filtered resources, i.e. build is platform dependent!
[INFO] Copying 0 resource
[INFO] 
[INFO] --- maven-compiler-plugin:2.3.2:compile (default-compile) @ harvestedSNSAngelGuard ---
[WARNING] File encoding has not been set, using platform encoding UTF-8, i.e. build is platform dependent!
[INFO] Compiling 1 source file to /Users/josejavierblecuadepedro1/Documents/WS_SNSANGELGUARDFB/harvestedSNSAngelGuard/target/classes
[INFO] 
[INFO] --- maven-resources-plugin:2.5:testResources (default-testResources) @ harvestedSNSAngelGuard ---
[debug] execute contextualize
[WARNING] Using platform encoding (UTF-8 actually) to copy filtered resources, i.e. build is platform dependent!
[INFO] skip non existing resourceDirectory /Users/josejavierblecuadepedro1/Documents/WS_SNSANGELGUARDFB/harvestedSNSAngelGuard/src/test/resources
[INFO] 
[INFO] --- maven-compiler-plugin:2.3.2:testCompile (default-testCompile) @ harvestedSNSAngelGuard ---
[WARNING] File encoding has not been set, using platform encoding UTF-8, i.e. build is platform dependent!
[INFO] Compiling 1 source file to /Users/josejavierblecuadepedro1/Documents/WS_SNSANGELGUARDFB/harvestedSNSAngelGuard/target/test-classes
[INFO] 
[INFO] --- maven-surefire-plugin:2.10:test (default-test) @ harvestedSNSAngelGuard ---
[INFO] Surefire report directory: /Users/josejavierblecuadepedro1/Documents/WS_SNSANGELGUARDFB/harvestedSNSAngelGuard/target/surefire-reports

-------------------------------------------------------
 T E S T S
-------------------------------------------------------
Running com.mycompany.harvestedsnsangelguard.AppTest
Tests run: 1, Failures: 0, Errors: 0, Skipped: 0, Time elapsed: 0.01 sec

Results :

Tests run: 1, Failures: 0, Errors: 0, Skipped: 0

[INFO] 
[INFO] --- maven-jar-plugin:2.3.2:jar (default-jar) @ harvestedSNSAngelGuard ---
[INFO] Building jar: /Users/josejavierblecuadepedro1/Documents/WS_SNSANGELGUARDFB/harvestedSNSAngelGuard/target/harvestedSNSAngelGuard.jar
[INFO] ------------------------------------------------------------------------
[INFO] BUILD SUCCESS
[INFO] ------------------------------------------------------------------------
[INFO] Total time: 2.194s
[INFO] Finished at: Fri Jun 21 00:24:26 CEST 2013
[INFO] Final Memory: 18M/215M
[INFO] ------------------------------------------------------------------------
[INFO] Scanning for projects...
[INFO]                                                                         
[INFO] ------------------------------------------------------------------------
[INFO] Building harvestedSNSAngelGuard 1.0
[INFO] ------------------------------------------------------------------------
[INFO] 
[INFO] >>> exec-maven-plugin:1.2.1:java (default-cli) @ harvestedSNSAngelGuard >>>
[INFO] 
[INFO] <<< exec-maven-plugin:1.2.1:java (default-cli) @ harvestedSNSAngelGuard <<<
[INFO] 
[INFO] --- exec-maven-plugin:1.2.1:java (default-cli) @ harvestedSNSAngelGuard ---
[INFO] ------------------------------------------------------------------------
[INFO] BUILD SUCCESS
[INFO] ------------------------------------------------------------------------
[INFO] Total time: 1.147s
[INFO] Finished at: Fri Jun 21 00:24:28 CEST 2013
[INFO] Final Memory: 9M/149M
[INFO] ------------------------------------------------------------------------
[INFO] Scanning for projects...
[INFO]                                                                         
[INFO] ------------------------------------------------------------------------
[INFO] Building harvestedSNSAngelGuard 1.0
[INFO] ------------------------------------------------------------------------
[INFO] 
[INFO] --- maven-clean-plugin:2.4.1:clean (default-clean) @ harvestedSNSAngelGuard ---
[INFO] Deleting /Users/josejavierblecuadepedro1/Documents/WS_SNSANGELGUARDFB/harvestedSNSAngelGuard/target
[INFO] 
[INFO] --- maven-dependency-plugin:2.1:copy-dependencies (default-cli) @ harvestedSNSAngelGuard ---
[INFO] Copying junit-3.8.1.jar to /Users/josejavierblecuadepedro1/Documents/WS_SNSANGELGUARDFB/harvestedSNSAngelGuard/target/dependency/junit-3.8.1.jar
[INFO] 
[INFO] --- maven-resources-plugin:2.5:resources (default-resources) @ harvestedSNSAngelGuard ---
[debug] execute contextualize
[WARNING] Using platform encoding (UTF-8 actually) to copy filtered resources, i.e. build is platform dependent!
[INFO] Copying 0 resource
[INFO] 
[INFO] --- maven-compiler-plugin:2.3.2:compile (default-compile) @ harvestedSNSAngelGuard ---
[WARNING] File encoding has not been set, using platform encoding UTF-8, i.e. build is platform dependent!
[INFO] Compiling 1 source file to /Users/josejavierblecuadepedro1/Documents/WS_SNSANGELGUARDFB/harvestedSNSAngelGuard/target/classes
[INFO] 
[INFO] --- maven-resources-plugin:2.5:testResources (default-testResources) @ harvestedSNSAngelGuard ---
[debug] execute contextualize
[WARNING] Using platform encoding (UTF-8 actually) to copy filtered resources, i.e. build is platform dependent!
[INFO] skip non existing resourceDirectory /Users/josejavierblecuadepedro1/Documents/WS_SNSANGELGUARDFB/harvestedSNSAngelGuard/src/test/resources
[INFO] 
[INFO] --- maven-compiler-plugin:2.3.2:testCompile (default-testCompile) @ harvestedSNSAngelGuard ---
[WARNING] File encoding has not been set, using platform encoding UTF-8, i.e. build is platform dependent!
[INFO] Compiling 1 source file to /Users/josejavierblecuadepedro1/Documents/WS_SNSANGELGUARDFB/harvestedSNSAngelGuard/target/test-classes
[INFO] 
[INFO] --- maven-surefire-plugin:2.10:test (default-test) @ harvestedSNSAngelGuard ---
[INFO] Surefire report directory: /Users/josejavierblecuadepedro1/Documents/WS_SNSANGELGUARDFB/harvestedSNSAngelGuard/target/surefire-reports

-------------------------------------------------------
 T E S T S
-------------------------------------------------------
Running com.mycompany.harvestedsnsangelguard.AppTest
Tests run: 1, Failures: 0, Errors: 0, Skipped: 0, Time elapsed: 0.011 sec

Results :

Tests run: 1, Failures: 0, Errors: 0, Skipped: 0

[INFO] 
[INFO] --- maven-jar-plugin:2.3.2:jar (default-jar) @ harvestedSNSAngelGuard ---
[INFO] Building jar: /Users/josejavierblecuadepedro1/Documents/WS_SNSANGELGUARDFB/harvestedSNSAngelGuard/target/harvestedSNSAngelGuard.jar
[INFO] ------------------------------------------------------------------------
[INFO] BUILD SUCCESS
[INFO] ------------------------------------------------------------------------
[INFO] Total time: 2.186s
[INFO] Finished at: Fri Jun 21 00:25:40 CEST 2013
[INFO] Final Memory: 19M/214M
[INFO] ------------------------------------------------------------------------
[INFO] Scanning for projects...
[INFO]                                                                         
[INFO] ------------------------------------------------------------------------
[INFO] Building harvestedSNSAngelGuard 1.0
[INFO] ------------------------------------------------------------------------
[INFO] 
[INFO] >>> exec-maven-plugin:1.2.1:java (default-cli) @ harvestedSNSAngelGuard >>>
[INFO] 
[INFO] <<< exec-maven-plugin:1.2.1:java (default-cli) @ harvestedSNSAngelGuard <<<
[INFO] 
[INFO] --- exec-maven-plugin:1.2.1:java (default-cli) @ harvestedSNSAngelGuard ---
[INFO] ------------------------------------------------------------------------
[INFO] BUILD SUCCESS
[INFO] ------------------------------------------------------------------------
[INFO] Total time: 1.011s
[INFO] Finished at: Fri Jun 21 00:25:42 CEST 2013
[INFO] Final Memory: 10M/148M
[INFO] ------------------------------------------------------------------------
[INFO] Scanning for projects...
[INFO]                                                                         
[INFO] ------------------------------------------------------------------------
[INFO] Building harvestedSNSAngelGuard 1.0
[INFO] ------------------------------------------------------------------------
[INFO] 
[INFO] --- maven-clean-plugin:2.4.1:clean (default-clean) @ harvestedSNSAngelGuard ---
[INFO] Deleting /Users/josejavierblecuadepedro1/Documents/WS_SNSANGELGUARDFB/harvestedSNSAngelGuard/target
[INFO] 
[INFO] --- maven-dependency-plugin:2.1:copy-dependencies (default-cli) @ harvestedSNSAngelGuard ---
[INFO] Copying junit-3.8.1.jar to /Users/josejavierblecuadepedro1/Documents/WS_SNSANGELGUARDFB/harvestedSNSAngelGuard/target/dependency/junit-3.8.1.jar
[INFO] 
[INFO] --- maven-resources-plugin:2.5:resources (default-resources) @ harvestedSNSAngelGuard ---
[debug] execute contextualize
[WARNING] Using platform encoding (UTF-8 actually) to copy filtered resources, i.e. build is platform dependent!
[INFO] Copying 0 resource
[INFO] 
[INFO] --- maven-compiler-plugin:2.3.2:compile (default-compile) @ harvestedSNSAngelGuard ---
[WARNING] File encoding has not been set, using platform encoding UTF-8, i.e. build is platform dependent!
[INFO] Compiling 1 source file to /Users/josejavierblecuadepedro1/Documents/WS_SNSANGELGUARDFB/harvestedSNSAngelGuard/target/classes
[INFO] 
[INFO] --- maven-resources-plugin:2.5:testResources (default-testResources) @ harvestedSNSAngelGuard ---
[debug] execute contextualize
[WARNING] Using platform encoding (UTF-8 actually) to copy filtered resources, i.e. build is platform dependent!
[INFO] skip non existing resourceDirectory /Users/josejavierblecuadepedro1/Documents/WS_SNSANGELGUARDFB/harvestedSNSAngelGuard/src/test/resources
[INFO] 
[INFO] --- maven-compiler-plugin:2.3.2:testCompile (default-testCompile) @ harvestedSNSAngelGuard ---
[WARNING] File encoding has not been set, using platform encoding UTF-8, i.e. build is platform dependent!
[INFO] Compiling 1 source file to /Users/josejavierblecuadepedro1/Documents/WS_SNSANGELGUARDFB/harvestedSNSAngelGuard/target/test-classes
[INFO] 
[INFO] --- maven-surefire-plugin:2.10:test (default-test) @ harvestedSNSAngelGuard ---
[INFO] Surefire report directory: /Users/josejavierblecuadepedro1/Documents/WS_SNSANGELGUARDFB/harvestedSNSAngelGuard/target/surefire-reports

-------------------------------------------------------
 T E S T S
-------------------------------------------------------
Running com.mycompany.harvestedsnsangelguard.AppTest
Tests run: 1, Failures: 0, Errors: 0, Skipped: 0, Time elapsed: 0.01 sec

Results :

Tests run: 1, Failures: 0, Errors: 0, Skipped: 0

[INFO] 
[INFO] --- maven-jar-plugin:2.3.2:jar (default-jar) @ harvestedSNSAngelGuard ---
[INFO] Building jar: /Users/josejavierblecuadepedro1/Documents/WS_SNSANGELGUARDFB/harvestedSNSAngelGuard/target/harvestedSNSAngelGuard.jar
[INFO] ------------------------------------------------------------------------
[INFO] BUILD SUCCESS
[INFO] ------------------------------------------------------------------------
[INFO] Total time: 2.203s
[INFO] Finished at: Fri Jun 21 00:30:27 CEST 2013
[INFO] Final Memory: 18M/208M
[INFO] ------------------------------------------------------------------------
[INFO] Scanning for projects...
[INFO]                                                                         
[INFO] ------------------------------------------------------------------------
[INFO] Building harvestedSNSAngelGuard 1.0
[INFO] ------------------------------------------------------------------------
[INFO] 
[INFO] >>> exec-maven-plugin:1.2.1:java (default-cli) @ harvestedSNSAngelGuard >>>
[INFO] 
[INFO] <<< exec-maven-plugin:1.2.1:java (default-cli) @ harvestedSNSAngelGuard <<<
[INFO] 
[INFO] --- exec-maven-plugin:1.2.1:java (default-cli) @ harvestedSNSAngelGuard ---
DENTRO MAIN
[INFO] ------------------------------------------------------------------------
[INFO] BUILD SUCCESS
[INFO] ------------------------------------------------------------------------
[INFO] Total time: 1.009s
[INFO] Finished at: Fri Jun 21 00:30:29 CEST 2013
[INFO] Final Memory: 8M/147M
[INFO] ------------------------------------------------------------------------
[INFO] Scanning for projects...
[INFO]                                                                         
[INFO] ------------------------------------------------------------------------
[INFO] Building harvestedSNSAngelGuard 1.0
[INFO] ------------------------------------------------------------------------
[INFO] 
[INFO] --- maven-clean-plugin:2.4.1:clean (default-clean) @ harvestedSNSAngelGuard ---
[INFO] Deleting /Users/josejavierblecuadepedro1/Documents/WS_SNSANGELGUARDFB/harvestedSNSAngelGuard/target
[INFO] 
[INFO] --- maven-dependency-plugin:2.1:copy-dependencies (default-cli) @ harvestedSNSAngelGuard ---
[INFO] Copying junit-3.8.1.jar to /Users/josejavierblecuadepedro1/Documents/WS_SNSANGELGUARDFB/harvestedSNSAngelGuard/target/dependency/junit-3.8.1.jar
[INFO] 
[INFO] --- maven-resources-plugin:2.5:resources (default-resources) @ harvestedSNSAngelGuard ---
[debug] execute contextualize
[WARNING] Using platform encoding (UTF-8 actually) to copy filtered resources, i.e. build is platform dependent!
[INFO] Copying 0 resource
[INFO] 
[INFO] --- maven-compiler-plugin:2.3.2:compile (default-compile) @ harvestedSNSAngelGuard ---
[WARNING] File encoding has not been set, using platform encoding UTF-8, i.e. build is platform dependent!
[INFO] Compiling 1 source file to /Users/josejavierblecuadepedro1/Documents/WS_SNSANGELGUARDFB/harvestedSNSAngelGuard/target/classes
[INFO] 
[INFO] --- maven-resources-plugin:2.5:testResources (default-testResources) @ harvestedSNSAngelGuard ---
[debug] execute contextualize
[WARNING] Using platform encoding (UTF-8 actually) to copy filtered resources, i.e. build is platform dependent!
[INFO] skip non existing resourceDirectory /Users/josejavierblecuadepedro1/Documents/WS_SNSANGELGUARDFB/harvestedSNSAngelGuard/src/test/resources
[INFO] 
[INFO] --- maven-compiler-plugin:2.3.2:testCompile (default-testCompile) @ harvestedSNSAngelGuard ---
[WARNING] File encoding has not been set, using platform encoding UTF-8, i.e. build is platform dependent!
[INFO] Compiling 1 source file to /Users/josejavierblecuadepedro1/Documents/WS_SNSANGELGUARDFB/harvestedSNSAngelGuard/target/test-classes
[INFO] 
[INFO] --- maven-surefire-plugin:2.10:test (default-test) @ harvestedSNSAngelGuard ---
[INFO] Surefire report directory: /Users/josejavierblecuadepedro1/Documents/WS_SNSANGELGUARDFB/harvestedSNSAngelGuard/target/surefire-reports

-------------------------------------------------------
 T E S T S
-------------------------------------------------------
Running com.mycompany.harvestedsnsangelguard.AppTest
Tests run: 1, Failures: 0, Errors: 0, Skipped: 0, Time elapsed: 0.012 sec

Results :

Tests run: 1, Failures: 0, Errors: 0, Skipped: 0

[INFO] 
[INFO] --- maven-jar-plugin:2.3.2:jar (default-jar) @ harvestedSNSAngelGuard ---
[INFO] Building jar: /Users/josejavierblecuadepedro1/Documents/WS_SNSANGELGUARDFB/harvestedSNSAngelGuard/target/harvestedSNSAngelGuard.jar
[INFO] ------------------------------------------------------------------------
[INFO] BUILD SUCCESS
[INFO] ------------------------------------------------------------------------
[INFO] Total time: 2.221s
[INFO] Finished at: Fri Jun 21 00:35:18 CEST 2013
[INFO] Final Memory: 18M/207M
[INFO] ------------------------------------------------------------------------
[INFO] Scanning for projects...
[INFO]                                                                         
[INFO] ------------------------------------------------------------------------
[INFO] Building harvestedSNSAngelGuard 1.0
[INFO] ------------------------------------------------------------------------
[INFO] 
[INFO] >>> exec-maven-plugin:1.2.1:java (default-cli) @ harvestedSNSAngelGuard >>>
[INFO] 
[INFO] <<< exec-maven-plugin:1.2.1:java (default-cli) @ harvestedSNSAngelGuard <<<
[INFO] 
[INFO] --- exec-maven-plugin:1.2.1:java (default-cli) @ harvestedSNSAngelGuard ---
DENTRO MAIN
FUERA MAIN
[INFO] ------------------------------------------------------------------------
[INFO] BUILD SUCCESS
[INFO] ------------------------------------------------------------------------
[INFO] Total time: 1.192s
[INFO] Finished at: Fri Jun 21 00:35:21 CEST 2013
[INFO] Final Memory: 11M/207M
[INFO] ------------------------------------------------------------------------
[INFO] Scanning for projects...
[INFO]                                                                         
[INFO] ------------------------------------------------------------------------
[INFO] Building harvestedSNSAngelGuard 1.0
[INFO] ------------------------------------------------------------------------
[INFO] 
[INFO] --- maven-clean-plugin:2.4.1:clean (default-clean) @ harvestedSNSAngelGuard ---
[INFO] Deleting /Users/josejavierblecuadepedro1/Documents/WS_SNSANGELGUARDFB/harvestedSNSAngelGuard/target
[INFO] 
[INFO] --- maven-dependency-plugin:2.1:copy-dependencies (default-cli) @ harvestedSNSAngelGuard ---
[INFO] Copying junit-3.8.1.jar to /Users/josejavierblecuadepedro1/Documents/WS_SNSANGELGUARDFB/harvestedSNSAngelGuard/target/dependency/junit-3.8.1.jar
[INFO] 
[INFO] --- maven-resources-plugin:2.5:resources (default-resources) @ harvestedSNSAngelGuard ---
[debug] execute contextualize
[WARNING] Using platform encoding (UTF-8 actually) to copy filtered resources, i.e. build is platform dependent!
[INFO] Copying 0 resource
[INFO] 
[INFO] --- maven-compiler-plugin:2.3.2:compile (default-compile) @ harvestedSNSAngelGuard ---
[WARNING] File encoding has not been set, using platform encoding UTF-8, i.e. build is platform dependent!
[INFO] Compiling 1 source file to /Users/josejavierblecuadepedro1/Documents/WS_SNSANGELGUARDFB/harvestedSNSAngelGuard/target/classes
[INFO] 
[INFO] --- maven-resources-plugin:2.5:testResources (default-testResources) @ harvestedSNSAngelGuard ---
[debug] execute contextualize
[WARNING] Using platform encoding (UTF-8 actually) to copy filtered resources, i.e. build is platform dependent!
[INFO] skip non existing resourceDirectory /Users/josejavierblecuadepedro1/Documents/WS_SNSANGELGUARDFB/harvestedSNSAngelGuard/src/test/resources
[INFO] 
[INFO] --- maven-compiler-plugin:2.3.2:testCompile (default-testCompile) @ harvestedSNSAngelGuard ---
[WARNING] File encoding has not been set, using platform encoding UTF-8, i.e. build is platform dependent!
[INFO] Compiling 1 source file to /Users/josejavierblecuadepedro1/Documents/WS_SNSANGELGUARDFB/harvestedSNSAngelGuard/target/test-classes
[INFO] 
[INFO] --- maven-surefire-plugin:2.10:test (default-test) @ harvestedSNSAngelGuard ---
[INFO] Surefire report directory: /Users/josejavierblecuadepedro1/Documents/WS_SNSANGELGUARDFB/harvestedSNSAngelGuard/target/surefire-reports

-------------------------------------------------------
 T E S T S
-------------------------------------------------------
Running com.mycompany.harvestedsnsangelguard.AppTest
Tests run: 1, Failures: 0, Errors: 0, Skipped: 0, Time elapsed: 0.01 sec

Results :

Tests run: 1, Failures: 0, Errors: 0, Skipped: 0

[INFO] 
[INFO] --- maven-jar-plugin:2.3.2:jar (default-jar) @ harvestedSNSAngelGuard ---
[INFO] Building jar: /Users/josejavierblecuadepedro1/Documents/WS_SNSANGELGUARDFB/harvestedSNSAngelGuard/target/harvestedSNSAngelGuard.jar
[INFO] ------------------------------------------------------------------------
[INFO] BUILD SUCCESS
[INFO] ------------------------------------------------------------------------
[INFO] Total time: 2.341s
[INFO] Finished at: Fri Jun 21 00:36:52 CEST 2013
[INFO] Final Memory: 19M/207M
[INFO] ------------------------------------------------------------------------
[INFO] Scanning for projects...
[INFO]                                                                         
[INFO] ------------------------------------------------------------------------
[INFO] Building harvestedSNSAngelGuard 1.0
[INFO] ------------------------------------------------------------------------
[INFO] 
[INFO] >>> exec-maven-plugin:1.2.1:java (default-cli) @ harvestedSNSAngelGuard >>>
[INFO] 
[INFO] <<< exec-maven-plugin:1.2.1:java (default-cli) @ harvestedSNSAngelGuard <<<
[INFO] 
[INFO] --- exec-maven-plugin:1.2.1:java (default-cli) @ harvestedSNSAngelGuard ---
DENTRO MAIN
FUERA MAIN
[INFO] ------------------------------------------------------------------------
[INFO] BUILD SUCCESS
[INFO] ------------------------------------------------------------------------
[INFO] Total time: 0.783s
[INFO] Finished at: Fri Jun 21 00:36:54 CEST 2013
[INFO] Final Memory: 8M/145M
[INFO] ------------------------------------------------------------------------
[INFO] Scanning for projects...
[INFO]                                                                         
[INFO] ------------------------------------------------------------------------
[INFO] Building harvestedSNSAngelGuard 1.0
[INFO] ------------------------------------------------------------------------
[INFO] 
[INFO] --- maven-clean-plugin:2.4.1:clean (default-clean) @ harvestedSNSAngelGuard ---
[INFO] Deleting /Users/josejavierblecuadepedro1/Documents/WS_SNSANGELGUARDFB/harvestedSNSAngelGuard/target
[INFO] 
[INFO] --- maven-dependency-plugin:2.1:copy-dependencies (default-cli) @ harvestedSNSAngelGuard ---
[INFO] Copying junit-3.8.1.jar to /Users/josejavierblecuadepedro1/Documents/WS_SNSANGELGUARDFB/harvestedSNSAngelGuard/target/dependency/junit-3.8.1.jar
[INFO] 
[INFO] --- maven-resources-plugin:2.5:resources (default-resources) @ harvestedSNSAngelGuard ---
[debug] execute contextualize
[WARNING] Using platform encoding (UTF-8 actually) to copy filtered resources, i.e. build is platform dependent!
[INFO] Copying 0 resource
[INFO] 
[INFO] --- maven-compiler-plugin:2.3.2:compile (default-compile) @ harvestedSNSAngelGuard ---
[WARNING] File encoding has not been set, using platform encoding UTF-8, i.e. build is platform dependent!
[INFO] Compiling 1 source file to /Users/josejavierblecuadepedro1/Documents/WS_SNSANGELGUARDFB/harvestedSNSAngelGuard/target/classes
[INFO] 
[INFO] --- maven-resources-plugin:2.5:testResources (default-testResources) @ harvestedSNSAngelGuard ---
[debug] execute contextualize
[WARNING] Using platform encoding (UTF-8 actually) to copy filtered resources, i.e. build is platform dependent!
[INFO] skip non existing resourceDirectory /Users/josejavierblecuadepedro1/Documents/WS_SNSANGELGUARDFB/harvestedSNSAngelGuard/src/test/resources
[INFO] 
[INFO] --- maven-compiler-plugin:2.3.2:testCompile (default-testCompile) @ harvestedSNSAngelGuard ---
[WARNING] File encoding has not been set, using platform encoding UTF-8, i.e. build is platform dependent!
[INFO] Compiling 1 source file to /Users/josejavierblecuadepedro1/Documents/WS_SNSANGELGUARDFB/harvestedSNSAngelGuard/target/test-classes
[INFO] 
[INFO] --- maven-surefire-plugin:2.10:test (default-test) @ harvestedSNSAngelGuard ---
[INFO] Surefire report directory: /Users/josejavierblecuadepedro1/Documents/WS_SNSANGELGUARDFB/harvestedSNSAngelGuard/target/surefire-reports

-------------------------------------------------------
 T E S T S
-------------------------------------------------------
Running com.mycompany.harvestedsnsangelguard.AppTest
Tests run: 1, Failures: 0, Errors: 0, Skipped: 0, Time elapsed: 0.01 sec

Results :

Tests run: 1, Failures: 0, Errors: 0, Skipped: 0

[INFO] 
[INFO] --- maven-jar-plugin:2.3.2:jar (default-jar) @ harvestedSNSAngelGuard ---
[INFO] Building jar: /Users/josejavierblecuadepedro1/Documents/WS_SNSANGELGUARDFB/harvestedSNSAngelGuard/target/harvestedSNSAngelGuard.jar
[INFO] ------------------------------------------------------------------------
[INFO] BUILD SUCCESS
[INFO] ------------------------------------------------------------------------
[INFO] Total time: 2.296s
[INFO] Finished at: Fri Jun 21 00:37:20 CEST 2013
[INFO] Final Memory: 20M/207M
[INFO] ------------------------------------------------------------------------
[INFO] Scanning for projects...
[INFO]                                                                         
[INFO] ------------------------------------------------------------------------
[INFO] Building harvestedSNSAngelGuard 1.0
[INFO] ------------------------------------------------------------------------
[INFO] 
[INFO] >>> exec-maven-plugin:1.2.1:java (default-cli) @ harvestedSNSAngelGuard >>>
[INFO] 
[INFO] <<< exec-maven-plugin:1.2.1:java (default-cli) @ harvestedSNSAngelGuard <<<
[INFO] 
[INFO] --- exec-maven-plugin:1.2.1:java (default-cli) @ harvestedSNSAngelGuard ---
DENTRO MAIN
FUERA MAIN
[INFO] ------------------------------------------------------------------------
[INFO] BUILD SUCCESS
[INFO] ------------------------------------------------------------------------
[INFO] Total time: 0.785s
[INFO] Finished at: Fri Jun 21 00:37:22 CEST 2013
[INFO] Final Memory: 8M/146M
[INFO] ------------------------------------------------------------------------
